[INFO ] 2021-02-04 18:29:10,642 [main] Logback logging API implementation is configured.
[INFO ] 2021-02-04 18:29:11,276 [main] FrameworkServlet 'openrdf-http-server': initialization completed in 1215 ms
[INFO ] 2021-02-04 18:36:18,290 [repositories/SYSTEM] GET statements
[INFO ] 2021-02-04 18:36:18,967 [qtp2082351774-23] Request for query 3392903 is finished
[INFO ] 2021-02-04 18:36:29,783 [repositories/kiln] POST transaction to repository
[WARN ] 2021-02-04 18:36:29,790 [repositories/kiln] Class org.apache.xerces.parsers.SAXParser not found
[INFO ] 2021-02-04 18:36:30,645 [repositories/kiln] POST data to repository
[INFO ] 2021-02-04 18:36:30,660 [repositories/kiln] no base URI specified, using dummy 'foo:bar'
[WARN ] 2021-02-04 18:36:30,680 [repositories/kiln] Class org.apache.xerces.parsers.SAXParser not found
[INFO ] 2021-02-04 18:36:30,905 [repositories/kiln] POST transaction to repository
[WARN ] 2021-02-04 18:36:30,906 [repositories/kiln] Class org.apache.xerces.parsers.SAXParser not found
[INFO ] 2021-02-04 18:36:31,366 [repositories/kiln] POST data to repository
[INFO ] 2021-02-04 18:36:31,366 [repositories/kiln] no base URI specified, using dummy 'foo:bar'
[WARN ] 2021-02-04 18:36:31,368 [repositories/kiln] Class org.apache.xerces.parsers.SAXParser not found
[INFO ] 2021-02-04 18:36:31,618 [repositories/kiln] POST transaction to repository
[WARN ] 2021-02-04 18:36:31,619 [repositories/kiln] Class org.apache.xerces.parsers.SAXParser not found
[INFO ] 2021-02-04 18:36:31,970 [repositories/kiln] POST data to repository
[INFO ] 2021-02-04 18:36:31,970 [repositories/kiln] no base URI specified, using dummy 'foo:bar'
[WARN ] 2021-02-04 18:36:31,971 [repositories/kiln] Class org.apache.xerces.parsers.SAXParser not found
[INFO ] 2021-02-04 18:36:32,133 [repositories/kiln] POST transaction to repository
[WARN ] 2021-02-04 18:36:32,134 [repositories/kiln] Class org.apache.xerces.parsers.SAXParser not found
[INFO ] 2021-02-04 18:36:32,449 [repositories/kiln] POST data to repository
[INFO ] 2021-02-04 18:36:32,449 [repositories/kiln] no base URI specified, using dummy 'foo:bar'
[WARN ] 2021-02-04 18:36:32,449 [repositories/kiln] Class org.apache.xerces.parsers.SAXParser not found
[INFO ] 2021-02-04 18:36:32,641 [repositories/kiln] POST transaction to repository
[WARN ] 2021-02-04 18:36:32,642 [repositories/kiln] Class org.apache.xerces.parsers.SAXParser not found
[INFO ] 2021-02-04 18:36:33,021 [repositories/kiln] POST data to repository
[INFO ] 2021-02-04 18:36:33,022 [repositories/kiln] no base URI specified, using dummy 'foo:bar'
[WARN ] 2021-02-04 18:36:33,023 [repositories/kiln] Class org.apache.xerces.parsers.SAXParser not found
[INFO ] 2021-02-04 18:36:33,179 [repositories/kiln] POST transaction to repository
[WARN ] 2021-02-04 18:36:33,180 [repositories/kiln] Class org.apache.xerces.parsers.SAXParser not found
[INFO ] 2021-02-04 18:36:33,511 [repositories/kiln] POST data to repository
[INFO ] 2021-02-04 18:36:33,512 [repositories/kiln] no base URI specified, using dummy 'foo:bar'
[WARN ] 2021-02-04 18:36:33,512 [repositories/kiln] Class org.apache.xerces.parsers.SAXParser not found
[INFO ] 2021-02-04 18:36:33,655 [repositories/kiln] POST transaction to repository
[WARN ] 2021-02-04 18:36:33,656 [repositories/kiln] Class org.apache.xerces.parsers.SAXParser not found
[INFO ] 2021-02-04 18:36:33,938 [repositories/kiln] POST data to repository
[INFO ] 2021-02-04 18:36:33,938 [repositories/kiln] no base URI specified, using dummy 'foo:bar'
[WARN ] 2021-02-04 18:36:33,939 [repositories/kiln] Class org.apache.xerces.parsers.SAXParser not found
[INFO ] 2021-02-04 18:36:34,105 [repositories/kiln] POST transaction to repository
[WARN ] 2021-02-04 18:36:34,105 [repositories/kiln] Class org.apache.xerces.parsers.SAXParser not found
[INFO ] 2021-02-04 18:36:34,405 [repositories/kiln] POST data to repository
[INFO ] 2021-02-04 18:36:34,406 [repositories/kiln] no base URI specified, using dummy 'foo:bar'
[WARN ] 2021-02-04 18:36:34,406 [repositories/kiln] Class org.apache.xerces.parsers.SAXParser not found
[INFO ] 2021-02-04 18:36:34,554 [repositories/kiln] POST transaction to repository
[WARN ] 2021-02-04 18:36:34,555 [repositories/kiln] Class org.apache.xerces.parsers.SAXParser not found
[INFO ] 2021-02-04 18:36:34,818 [repositories/kiln] POST data to repository
[INFO ] 2021-02-04 18:36:34,819 [repositories/kiln] no base URI specified, using dummy 'foo:bar'
[WARN ] 2021-02-04 18:36:34,819 [repositories/kiln] Class org.apache.xerces.parsers.SAXParser not found
[INFO ] 2021-02-04 18:36:34,965 [repositories/kiln] POST transaction to repository
[WARN ] 2021-02-04 18:36:34,966 [repositories/kiln] Class org.apache.xerces.parsers.SAXParser not found
[INFO ] 2021-02-04 18:36:35,315 [repositories/kiln] POST data to repository
[INFO ] 2021-02-04 18:36:35,318 [repositories/kiln] no base URI specified, using dummy 'foo:bar'
[WARN ] 2021-02-04 18:36:35,318 [repositories/kiln] Class org.apache.xerces.parsers.SAXParser not found
[INFO ] 2021-02-04 18:36:35,468 [repositories/kiln] POST transaction to repository
[WARN ] 2021-02-04 18:36:35,469 [repositories/kiln] Class org.apache.xerces.parsers.SAXParser not found
[INFO ] 2021-02-04 18:36:35,739 [repositories/kiln] POST data to repository
[INFO ] 2021-02-04 18:36:35,739 [repositories/kiln] no base URI specified, using dummy 'foo:bar'
[WARN ] 2021-02-04 18:36:35,740 [repositories/kiln] Class org.apache.xerces.parsers.SAXParser not found
[INFO ] 2021-02-04 18:36:35,906 [repositories/kiln] POST transaction to repository
[WARN ] 2021-02-04 18:36:35,906 [repositories/kiln] Class org.apache.xerces.parsers.SAXParser not found
[INFO ] 2021-02-04 18:36:36,169 [repositories/kiln] POST data to repository
[INFO ] 2021-02-04 18:36:36,169 [repositories/kiln] no base URI specified, using dummy 'foo:bar'
[WARN ] 2021-02-04 18:36:36,170 [repositories/kiln] Class org.apache.xerces.parsers.SAXParser not found
[INFO ] 2021-02-04 18:36:36,309 [repositories/kiln] POST transaction to repository
[WARN ] 2021-02-04 18:36:36,310 [repositories/kiln] Class org.apache.xerces.parsers.SAXParser not found
[INFO ] 2021-02-04 18:36:36,331 [repositories/kiln] POST data to repository
[INFO ] 2021-02-04 18:36:36,331 [repositories/kiln] no base URI specified, using dummy 'foo:bar'
[WARN ] 2021-02-04 18:36:36,332 [repositories/kiln] Class org.apache.xerces.parsers.SAXParser not found
[INFO ] 2021-02-04 18:36:36,347 [repositories/kiln] POST transaction to repository
[WARN ] 2021-02-04 18:36:36,348 [repositories/kiln] Class org.apache.xerces.parsers.SAXParser not found
[INFO ] 2021-02-04 18:36:36,367 [repositories/kiln] POST data to repository
[INFO ] 2021-02-04 18:36:36,367 [repositories/kiln] no base URI specified, using dummy 'foo:bar'
[WARN ] 2021-02-04 18:36:36,368 [repositories/kiln] Class org.apache.xerces.parsers.SAXParser not found
[INFO ] 2021-02-04 18:36:36,383 [repositories/kiln] POST transaction to repository
[WARN ] 2021-02-04 18:36:36,384 [repositories/kiln] Class org.apache.xerces.parsers.SAXParser not found
[INFO ] 2021-02-04 18:36:36,404 [repositories/kiln] POST data to repository
[INFO ] 2021-02-04 18:36:36,404 [repositories/kiln] no base URI specified, using dummy 'foo:bar'
[WARN ] 2021-02-04 18:36:36,405 [repositories/kiln] Class org.apache.xerces.parsers.SAXParser not found
[INFO ] 2021-02-04 18:36:36,421 [repositories/kiln] POST transaction to repository
[WARN ] 2021-02-04 18:36:36,422 [repositories/kiln] Class org.apache.xerces.parsers.SAXParser not found
[INFO ] 2021-02-04 18:36:36,442 [repositories/kiln] POST data to repository
[INFO ] 2021-02-04 18:36:36,442 [repositories/kiln] no base URI specified, using dummy 'foo:bar'
[WARN ] 2021-02-04 18:36:36,444 [repositories/kiln] Class org.apache.xerces.parsers.SAXParser not found
[INFO ] 2021-02-04 18:36:36,459 [repositories/kiln] POST transaction to repository
[WARN ] 2021-02-04 18:36:36,460 [repositories/kiln] Class org.apache.xerces.parsers.SAXParser not found
[INFO ] 2021-02-04 18:36:36,482 [repositories/kiln] POST data to repository
[INFO ] 2021-02-04 18:36:36,483 [repositories/kiln] no base URI specified, using dummy 'foo:bar'
[WARN ] 2021-02-04 18:36:36,483 [repositories/kiln] Class org.apache.xerces.parsers.SAXParser not found
[INFO ] 2021-02-04 18:36:36,501 [repositories/kiln] POST transaction to repository
[WARN ] 2021-02-04 18:36:36,501 [repositories/kiln] Class org.apache.xerces.parsers.SAXParser not found
[INFO ] 2021-02-04 18:36:36,523 [repositories/kiln] POST data to repository
[INFO ] 2021-02-04 18:36:36,524 [repositories/kiln] no base URI specified, using dummy 'foo:bar'
[WARN ] 2021-02-04 18:36:36,525 [repositories/kiln] Class org.apache.xerces.parsers.SAXParser not found
[INFO ] 2021-02-04 18:36:36,541 [repositories/kiln] POST transaction to repository
[WARN ] 2021-02-04 18:36:36,541 [repositories/kiln] Class org.apache.xerces.parsers.SAXParser not found
[INFO ] 2021-02-04 18:36:36,558 [repositories/kiln] POST data to repository
[INFO ] 2021-02-04 18:36:36,559 [repositories/kiln] no base URI specified, using dummy 'foo:bar'
[WARN ] 2021-02-04 18:36:36,560 [repositories/kiln] Class org.apache.xerces.parsers.SAXParser not found
[INFO ] 2021-02-04 18:36:36,577 [repositories/kiln] POST transaction to repository
[WARN ] 2021-02-04 18:36:36,577 [repositories/kiln] Class org.apache.xerces.parsers.SAXParser not found
[INFO ] 2021-02-04 18:36:36,602 [repositories/kiln] POST data to repository
[INFO ] 2021-02-04 18:36:36,602 [repositories/kiln] no base URI specified, using dummy 'foo:bar'
[WARN ] 2021-02-04 18:36:36,603 [repositories/kiln] Class org.apache.xerces.parsers.SAXParser not found
[INFO ] 2021-02-04 18:36:36,618 [repositories/kiln] POST transaction to repository
[WARN ] 2021-02-04 18:36:36,619 [repositories/kiln] Class org.apache.xerces.parsers.SAXParser not found
[INFO ] 2021-02-04 18:36:36,645 [repositories/kiln] POST data to repository
[INFO ] 2021-02-04 18:36:36,645 [repositories/kiln] no base URI specified, using dummy 'foo:bar'
[WARN ] 2021-02-04 18:36:36,646 [repositories/kiln] Class org.apache.xerces.parsers.SAXParser not found
[INFO ] 2021-02-04 18:36:36,664 [repositories/kiln] POST transaction to repository
[WARN ] 2021-02-04 18:36:36,664 [repositories/kiln] Class org.apache.xerces.parsers.SAXParser not found
[INFO ] 2021-02-04 18:36:36,684 [repositories/kiln] POST data to repository
[INFO ] 2021-02-04 18:36:36,684 [repositories/kiln] no base URI specified, using dummy 'foo:bar'
[WARN ] 2021-02-04 18:36:36,684 [repositories/kiln] Class org.apache.xerces.parsers.SAXParser not found
[INFO ] 2021-02-04 18:36:36,703 [repositories/kiln] POST transaction to repository
[WARN ] 2021-02-04 18:36:36,703 [repositories/kiln] Class org.apache.xerces.parsers.SAXParser not found
[INFO ] 2021-02-04 18:36:36,727 [repositories/kiln] POST data to repository
[INFO ] 2021-02-04 18:36:36,727 [repositories/kiln] no base URI specified, using dummy 'foo:bar'
[WARN ] 2021-02-04 18:36:36,728 [repositories/kiln] Class org.apache.xerces.parsers.SAXParser not found
[INFO ] 2021-02-04 18:36:36,743 [repositories/kiln] POST transaction to repository
[WARN ] 2021-02-04 18:36:36,745 [repositories/kiln] Class org.apache.xerces.parsers.SAXParser not found
[INFO ] 2021-02-04 18:36:36,767 [repositories/kiln] POST data to repository
[INFO ] 2021-02-04 18:36:36,768 [repositories/kiln] no base URI specified, using dummy 'foo:bar'
[WARN ] 2021-02-04 18:36:36,768 [repositories/kiln] Class org.apache.xerces.parsers.SAXParser not found
[INFO ] 2021-02-04 18:36:36,782 [repositories/kiln] POST transaction to repository
[WARN ] 2021-02-04 18:36:36,782 [repositories/kiln] Class org.apache.xerces.parsers.SAXParser not found
[INFO ] 2021-02-04 18:36:36,799 [repositories/kiln] POST data to repository
[INFO ] 2021-02-04 18:36:36,799 [repositories/kiln] no base URI specified, using dummy 'foo:bar'
[WARN ] 2021-02-04 18:36:36,800 [repositories/kiln] Class org.apache.xerces.parsers.SAXParser not found
[INFO ] 2021-02-04 18:36:36,816 [repositories/kiln] POST transaction to repository
[WARN ] 2021-02-04 18:36:36,817 [repositories/kiln] Class org.apache.xerces.parsers.SAXParser not found
[INFO ] 2021-02-04 18:36:36,837 [repositories/kiln] POST data to repository
[INFO ] 2021-02-04 18:36:36,837 [repositories/kiln] no base URI specified, using dummy 'foo:bar'
[WARN ] 2021-02-04 18:36:36,838 [repositories/kiln] Class org.apache.xerces.parsers.SAXParser not found
[INFO ] 2021-02-04 18:36:36,857 [repositories/kiln] POST transaction to repository
[WARN ] 2021-02-04 18:36:36,858 [repositories/kiln] Class org.apache.xerces.parsers.SAXParser not found
[INFO ] 2021-02-04 18:36:36,878 [repositories/kiln] POST data to repository
[INFO ] 2021-02-04 18:36:36,879 [repositories/kiln] no base URI specified, using dummy 'foo:bar'
[WARN ] 2021-02-04 18:36:36,879 [repositories/kiln] Class org.apache.xerces.parsers.SAXParser not found
[INFO ] 2021-02-04 18:36:36,895 [repositories/kiln] POST transaction to repository
[WARN ] 2021-02-04 18:36:36,895 [repositories/kiln] Class org.apache.xerces.parsers.SAXParser not found
[INFO ] 2021-02-04 18:36:36,913 [repositories/kiln] POST data to repository
[INFO ] 2021-02-04 18:36:36,913 [repositories/kiln] no base URI specified, using dummy 'foo:bar'
[WARN ] 2021-02-04 18:36:36,913 [repositories/kiln] Class org.apache.xerces.parsers.SAXParser not found
[INFO ] 2021-02-04 18:36:36,929 [repositories/kiln] POST transaction to repository
[WARN ] 2021-02-04 18:36:36,930 [repositories/kiln] Class org.apache.xerces.parsers.SAXParser not found
[INFO ] 2021-02-04 18:36:36,950 [repositories/kiln] POST data to repository
[INFO ] 2021-02-04 18:36:36,950 [repositories/kiln] no base URI specified, using dummy 'foo:bar'
[WARN ] 2021-02-04 18:36:36,951 [repositories/kiln] Class org.apache.xerces.parsers.SAXParser not found
[INFO ] 2021-02-04 18:36:36,968 [repositories/kiln] POST transaction to repository
[WARN ] 2021-02-04 18:36:36,968 [repositories/kiln] Class org.apache.xerces.parsers.SAXParser not found
[INFO ] 2021-02-04 18:36:36,985 [repositories/kiln] POST data to repository
[INFO ] 2021-02-04 18:36:36,985 [repositories/kiln] no base URI specified, using dummy 'foo:bar'
[WARN ] 2021-02-04 18:36:36,986 [repositories/kiln] Class org.apache.xerces.parsers.SAXParser not found
[INFO ] 2021-02-04 18:36:37,001 [repositories/kiln] POST transaction to repository
[WARN ] 2021-02-04 18:36:37,002 [repositories/kiln] Class org.apache.xerces.parsers.SAXParser not found
[INFO ] 2021-02-04 18:36:37,017 [repositories/kiln] POST data to repository
[INFO ] 2021-02-04 18:36:37,018 [repositories/kiln] no base URI specified, using dummy 'foo:bar'
[WARN ] 2021-02-04 18:36:37,018 [repositories/kiln] Class org.apache.xerces.parsers.SAXParser not found
[INFO ] 2021-02-04 18:36:37,034 [repositories/kiln] POST transaction to repository
[WARN ] 2021-02-04 18:36:37,035 [repositories/kiln] Class org.apache.xerces.parsers.SAXParser not found
[INFO ] 2021-02-04 18:36:37,053 [repositories/kiln] POST data to repository
[INFO ] 2021-02-04 18:36:37,053 [repositories/kiln] no base URI specified, using dummy 'foo:bar'
[WARN ] 2021-02-04 18:36:37,054 [repositories/kiln] Class org.apache.xerces.parsers.SAXParser not found
[INFO ] 2021-02-04 18:36:37,070 [repositories/kiln] POST transaction to repository
[WARN ] 2021-02-04 18:36:37,071 [repositories/kiln] Class org.apache.xerces.parsers.SAXParser not found
[INFO ] 2021-02-04 18:36:37,085 [repositories/kiln] POST data to repository
[INFO ] 2021-02-04 18:36:37,085 [repositories/kiln] no base URI specified, using dummy 'foo:bar'
[WARN ] 2021-02-04 18:36:37,086 [repositories/kiln] Class org.apache.xerces.parsers.SAXParser not found
[INFO ] 2021-02-04 18:36:37,102 [repositories/kiln] POST transaction to repository
[WARN ] 2021-02-04 18:36:37,102 [repositories/kiln] Class org.apache.xerces.parsers.SAXParser not found
[INFO ] 2021-02-04 18:36:37,118 [repositories/kiln] POST data to repository
[INFO ] 2021-02-04 18:36:37,118 [repositories/kiln] no base URI specified, using dummy 'foo:bar'
[WARN ] 2021-02-04 18:36:37,119 [repositories/kiln] Class org.apache.xerces.parsers.SAXParser not found
[INFO ] 2021-02-04 18:36:37,133 [repositories/kiln] POST transaction to repository
[WARN ] 2021-02-04 18:36:37,134 [repositories/kiln] Class org.apache.xerces.parsers.SAXParser not found
[INFO ] 2021-02-04 18:36:37,155 [repositories/kiln] POST data to repository
[INFO ] 2021-02-04 18:36:37,156 [repositories/kiln] no base URI specified, using dummy 'foo:bar'
[WARN ] 2021-02-04 18:36:37,156 [repositories/kiln] Class org.apache.xerces.parsers.SAXParser not found
[INFO ] 2021-02-04 18:36:37,171 [repositories/kiln] POST transaction to repository
[WARN ] 2021-02-04 18:36:37,172 [repositories/kiln] Class org.apache.xerces.parsers.SAXParser not found
[INFO ] 2021-02-04 18:36:37,187 [repositories/kiln] POST data to repository
[INFO ] 2021-02-04 18:36:37,187 [repositories/kiln] no base URI specified, using dummy 'foo:bar'
[WARN ] 2021-02-04 18:36:37,188 [repositories/kiln] Class org.apache.xerces.parsers.SAXParser not found
[INFO ] 2021-02-04 18:36:37,207 [repositories/kiln] POST transaction to repository
[WARN ] 2021-02-04 18:36:37,208 [repositories/kiln] Class org.apache.xerces.parsers.SAXParser not found
[INFO ] 2021-02-04 18:36:37,231 [repositories/kiln] POST data to repository
[INFO ] 2021-02-04 18:36:37,231 [repositories/kiln] no base URI specified, using dummy 'foo:bar'
[WARN ] 2021-02-04 18:36:37,231 [repositories/kiln] Class org.apache.xerces.parsers.SAXParser not found
[INFO ] 2021-02-04 18:36:37,251 [repositories/kiln] POST transaction to repository
[WARN ] 2021-02-04 18:36:37,252 [repositories/kiln] Class org.apache.xerces.parsers.SAXParser not found
[INFO ] 2021-02-04 18:36:37,270 [repositories/kiln] POST data to repository
[INFO ] 2021-02-04 18:36:37,270 [repositories/kiln] no base URI specified, using dummy 'foo:bar'
[WARN ] 2021-02-04 18:36:37,271 [repositories/kiln] Class org.apache.xerces.parsers.SAXParser not found
[INFO ] 2021-02-04 18:36:37,290 [repositories/kiln] POST transaction to repository
[WARN ] 2021-02-04 18:36:37,291 [repositories/kiln] Class org.apache.xerces.parsers.SAXParser not found
[INFO ] 2021-02-04 18:36:37,307 [repositories/kiln] POST data to repository
[INFO ] 2021-02-04 18:36:37,307 [repositories/kiln] no base URI specified, using dummy 'foo:bar'
[WARN ] 2021-02-04 18:36:37,308 [repositories/kiln] Class org.apache.xerces.parsers.SAXParser not found
[INFO ] 2021-02-04 18:36:37,323 [repositories/kiln] POST transaction to repository
[WARN ] 2021-02-04 18:36:37,323 [repositories/kiln] Class org.apache.xerces.parsers.SAXParser not found
[INFO ] 2021-02-04 18:36:37,341 [repositories/kiln] POST data to repository
[INFO ] 2021-02-04 18:36:37,341 [repositories/kiln] no base URI specified, using dummy 'foo:bar'
[WARN ] 2021-02-04 18:36:37,343 [repositories/kiln] Class org.apache.xerces.parsers.SAXParser not found
[INFO ] 2021-02-04 18:36:37,359 [repositories/kiln] POST transaction to repository
[WARN ] 2021-02-04 18:36:37,359 [repositories/kiln] Class org.apache.xerces.parsers.SAXParser not found
[INFO ] 2021-02-04 18:36:37,378 [repositories/kiln] POST data to repository
[INFO ] 2021-02-04 18:36:37,378 [repositories/kiln] no base URI specified, using dummy 'foo:bar'
[WARN ] 2021-02-04 18:36:37,379 [repositories/kiln] Class org.apache.xerces.parsers.SAXParser not found
[INFO ] 2021-02-04 18:36:37,392 [repositories/kiln] POST transaction to repository
[WARN ] 2021-02-04 18:36:37,393 [repositories/kiln] Class org.apache.xerces.parsers.SAXParser not found
[INFO ] 2021-02-04 18:36:37,409 [repositories/kiln] POST data to repository
[INFO ] 2021-02-04 18:36:37,410 [repositories/kiln] no base URI specified, using dummy 'foo:bar'
[WARN ] 2021-02-04 18:36:37,410 [repositories/kiln] Class org.apache.xerces.parsers.SAXParser not found
[INFO ] 2021-02-04 18:36:37,424 [repositories/kiln] POST transaction to repository
[WARN ] 2021-02-04 18:36:37,424 [repositories/kiln] Class org.apache.xerces.parsers.SAXParser not found
[INFO ] 2021-02-04 18:36:37,696 [repositories/kiln] POST data to repository
[INFO ] 2021-02-04 18:36:37,696 [repositories/kiln] no base URI specified, using dummy 'foo:bar'
[WARN ] 2021-02-04 18:36:37,696 [repositories/kiln] Class org.apache.xerces.parsers.SAXParser not found
[INFO ] 2021-02-04 18:44:35,511 [repositories/kiln] POST query -1227659729
[INFO ] 2021-02-04 18:44:35,682 [repositories/kiln] Request for query -1227659729 is finished
[INFO ] 2021-02-04 18:44:40,484 [repositories/kiln] POST query -1227659729
[INFO ] 2021-02-04 18:44:40,514 [repositories/kiln] Request for query -1227659729 is finished
[INFO ] 2021-02-04 18:44:44,150 [repositories/kiln] POST query -1227659729
[INFO ] 2021-02-04 18:44:44,182 [repositories/kiln] Request for query -1227659729 is finished
[INFO ] 2021-02-04 18:44:46,060 [repositories/kiln] POST query -1227659729
[INFO ] 2021-02-04 18:44:46,082 [repositories/kiln] Request for query -1227659729 is finished
[INFO ] 2021-02-04 18:44:48,219 [repositories/kiln] POST query -1227659729
[INFO ] 2021-02-04 18:44:48,243 [repositories/kiln] Request for query -1227659729 is finished
[INFO ] 2021-02-04 19:22:49,593 [repositories/kiln] POST query -1227659729
[INFO ] 2021-02-04 19:22:49,593 [repositories/kiln] POST query -1227659729
[INFO ] 2021-02-04 19:22:49,680 [repositories/kiln] Request for query -1227659729 is finished
[INFO ] 2021-02-04 19:22:49,752 [repositories/kiln] Request for query -1227659729 is finished
[INFO ] 2021-02-04 19:44:53,370 [repositories/kiln] POST query -1227659729
[INFO ] 2021-02-04 19:44:53,426 [repositories/kiln] Request for query -1227659729 is finished
[INFO ] 2021-02-04 19:44:55,708 [repositories/kiln] POST query -1227659729
[INFO ] 2021-02-04 19:44:55,769 [repositories/kiln] Request for query -1227659729 is finished
[INFO ] 2021-02-04 19:45:20,022 [repositories/kiln] POST query -1227659729
[INFO ] 2021-02-04 19:45:20,049 [repositories/kiln] Request for query -1227659729 is finished
[INFO ] 2021-02-04 19:47:50,184 [repositories/kiln] POST query -1227659729
[INFO ] 2021-02-04 19:47:50,241 [repositories/kiln] Request for query -1227659729 is finished
[INFO ] 2021-02-04 19:55:57,826 [Thread-1] Closing org.springframework.web.context.support.XmlWebApplicationContext@21557e98: display name [WebApplicationContext for namespace 'openrdf-http-server-servlet']; startup date [Thu Feb 04 18:29:10 CET 2021]; root of context hierarchy
[INFO ] 2021-02-04 19:55:57,831 [Thread-1] Destroying singletons in org.springframework.beans.factory.support.DefaultListableBeanFactory@69ff5aca: defining beans [messageSource,adunaAppVersion,adunaAppConfig,adunaWebappNavigation,adunaWebappCommonValuesInserter,adunaWebappMessageInserter,adunaWebappNavigationInserter,filenameViewController,viewResolver,adunaWebappSystemUrlMapping,adunaWebappSystemOverviewController,adunaWebappLoggingOverviewController,adunaWebappSystemInfoController,openrdfRepositoryManager,scopedTarget.openrdfRepositoryInterceptor,openrdfRepositoryInterceptor,openrdfProtocolUrlMapping,openrdfRepositoryListUrlMapping,openrdfRepositoryUrlMapping,openrdfServerHomeUrlMapping,openrdfHandlerExceptionResolver,openrdfProtocolController,openrdfRepositoryListController,openrdfRepositoryController,openrdfRepositoryContextsController,openrdfRepositoryNamespacesController,openrdfRepositoryNamespaceController,openrdfRepositorySizeController,openrdfRepositoryStatementsController,openrdfRepositoryGraphController]; root of factory hierarchy
[INFO ] 2021-02-04 19:56:19,095 [main] Logback logging API implementation is configured.
[INFO ] 2021-02-04 19:56:19,997 [main] FrameworkServlet 'openrdf-http-server': initialization completed in 1708 ms
[INFO ] 2021-02-04 20:00:33,522 [Thread-1] Closing org.springframework.web.context.support.XmlWebApplicationContext@21557e98: display name [WebApplicationContext for namespace 'openrdf-http-server-servlet']; startup date [Thu Feb 04 19:56:18 CET 2021]; root of context hierarchy
[INFO ] 2021-02-04 20:00:33,527 [Thread-1] Destroying singletons in org.springframework.beans.factory.support.DefaultListableBeanFactory@69ff5aca: defining beans [messageSource,adunaAppVersion,adunaAppConfig,adunaWebappNavigation,adunaWebappCommonValuesInserter,adunaWebappMessageInserter,adunaWebappNavigationInserter,filenameViewController,viewResolver,adunaWebappSystemUrlMapping,adunaWebappSystemOverviewController,adunaWebappLoggingOverviewController,adunaWebappSystemInfoController,openrdfRepositoryManager,scopedTarget.openrdfRepositoryInterceptor,openrdfRepositoryInterceptor,openrdfProtocolUrlMapping,openrdfRepositoryListUrlMapping,openrdfRepositoryUrlMapping,openrdfServerHomeUrlMapping,openrdfHandlerExceptionResolver,openrdfProtocolController,openrdfRepositoryListController,openrdfRepositoryController,openrdfRepositoryContextsController,openrdfRepositoryNamespacesController,openrdfRepositoryNamespaceController,openrdfRepositorySizeController,openrdfRepositoryStatementsController,openrdfRepositoryGraphController]; root of factory hierarchy
[INFO ] 2021-02-04 20:00:52,453 [main] Logback logging API implementation is configured.
[INFO ] 2021-02-04 20:00:53,268 [main] FrameworkServlet 'openrdf-http-server': initialization completed in 1535 ms
[INFO ] 2021-02-04 20:02:50,222 [Thread-1] Closing org.springframework.web.context.support.XmlWebApplicationContext@21557e98: display name [WebApplicationContext for namespace 'openrdf-http-server-servlet']; startup date [Thu Feb 04 20:00:51 CET 2021]; root of context hierarchy
[INFO ] 2021-02-04 20:02:50,231 [Thread-1] Destroying singletons in org.springframework.beans.factory.support.DefaultListableBeanFactory@69ff5aca: defining beans [messageSource,adunaAppVersion,adunaAppConfig,adunaWebappNavigation,adunaWebappCommonValuesInserter,adunaWebappMessageInserter,adunaWebappNavigationInserter,filenameViewController,viewResolver,adunaWebappSystemUrlMapping,adunaWebappSystemOverviewController,adunaWebappLoggingOverviewController,adunaWebappSystemInfoController,openrdfRepositoryManager,scopedTarget.openrdfRepositoryInterceptor,openrdfRepositoryInterceptor,openrdfProtocolUrlMapping,openrdfRepositoryListUrlMapping,openrdfRepositoryUrlMapping,openrdfServerHomeUrlMapping,openrdfHandlerExceptionResolver,openrdfProtocolController,openrdfRepositoryListController,openrdfRepositoryController,openrdfRepositoryContextsController,openrdfRepositoryNamespacesController,openrdfRepositoryNamespaceController,openrdfRepositorySizeController,openrdfRepositoryStatementsController,openrdfRepositoryGraphController]; root of factory hierarchy
[INFO ] 2021-02-04 20:03:05,955 [main] Logback logging API implementation is configured.
[INFO ] 2021-02-04 20:03:06,488 [main] FrameworkServlet 'openrdf-http-server': initialization completed in 1018 ms
[INFO ] 2021-02-04 20:05:24,323 [Thread-1] Closing org.springframework.web.context.support.XmlWebApplicationContext@21557e98: display name [WebApplicationContext for namespace 'openrdf-http-server-servlet']; startup date [Thu Feb 04 20:03:05 CET 2021]; root of context hierarchy
[INFO ] 2021-02-04 20:05:24,328 [Thread-1] Destroying singletons in org.springframework.beans.factory.support.DefaultListableBeanFactory@69ff5aca: defining beans [messageSource,adunaAppVersion,adunaAppConfig,adunaWebappNavigation,adunaWebappCommonValuesInserter,adunaWebappMessageInserter,adunaWebappNavigationInserter,filenameViewController,viewResolver,adunaWebappSystemUrlMapping,adunaWebappSystemOverviewController,adunaWebappLoggingOverviewController,adunaWebappSystemInfoController,openrdfRepositoryManager,scopedTarget.openrdfRepositoryInterceptor,openrdfRepositoryInterceptor,openrdfProtocolUrlMapping,openrdfRepositoryListUrlMapping,openrdfRepositoryUrlMapping,openrdfServerHomeUrlMapping,openrdfHandlerExceptionResolver,openrdfProtocolController,openrdfRepositoryListController,openrdfRepositoryController,openrdfRepositoryContextsController,openrdfRepositoryNamespacesController,openrdfRepositoryNamespaceController,openrdfRepositorySizeController,openrdfRepositoryStatementsController,openrdfRepositoryGraphController]; root of factory hierarchy
[INFO ] 2021-02-04 20:05:46,113 [main] Logback logging API implementation is configured.
[INFO ] 2021-02-04 20:05:46,699 [main] FrameworkServlet 'openrdf-http-server': initialization completed in 1108 ms
[INFO ] 2021-02-04 21:01:54,615 [repositories/kiln] POST query -1227659729
[INFO ] 2021-02-04 21:01:54,874 [repositories/kiln] Request for query -1227659729 is finished
[INFO ] 2021-02-04 21:03:25,165 [Thread-1] Closing org.springframework.web.context.support.XmlWebApplicationContext@21557e98: display name [WebApplicationContext for namespace 'openrdf-http-server-servlet']; startup date [Thu Feb 04 20:05:45 CET 2021]; root of context hierarchy
[INFO ] 2021-02-04 21:03:25,170 [Thread-1] Destroying singletons in org.springframework.beans.factory.support.DefaultListableBeanFactory@69ff5aca: defining beans [messageSource,adunaAppVersion,adunaAppConfig,adunaWebappNavigation,adunaWebappCommonValuesInserter,adunaWebappMessageInserter,adunaWebappNavigationInserter,filenameViewController,viewResolver,adunaWebappSystemUrlMapping,adunaWebappSystemOverviewController,adunaWebappLoggingOverviewController,adunaWebappSystemInfoController,openrdfRepositoryManager,scopedTarget.openrdfRepositoryInterceptor,openrdfRepositoryInterceptor,openrdfProtocolUrlMapping,openrdfRepositoryListUrlMapping,openrdfRepositoryUrlMapping,openrdfServerHomeUrlMapping,openrdfHandlerExceptionResolver,openrdfProtocolController,openrdfRepositoryListController,openrdfRepositoryController,openrdfRepositoryContextsController,openrdfRepositoryNamespacesController,openrdfRepositoryNamespaceController,openrdfRepositorySizeController,openrdfRepositoryStatementsController,openrdfRepositoryGraphController]; root of factory hierarchy
[INFO ] 2021-02-04 21:03:44,422 [main] Logback logging API implementation is configured.
[INFO ] 2021-02-04 21:03:45,061 [main] FrameworkServlet 'openrdf-http-server': initialization completed in 1197 ms
[INFO ] 2021-02-04 21:05:11,940 [Thread-1] Closing org.springframework.web.context.support.XmlWebApplicationContext@21557e98: display name [WebApplicationContext for namespace 'openrdf-http-server-servlet']; startup date [Thu Feb 04 21:03:43 CET 2021]; root of context hierarchy
[INFO ] 2021-02-04 21:05:11,943 [Thread-1] Destroying singletons in org.springframework.beans.factory.support.DefaultListableBeanFactory@69ff5aca: defining beans [messageSource,adunaAppVersion,adunaAppConfig,adunaWebappNavigation,adunaWebappCommonValuesInserter,adunaWebappMessageInserter,adunaWebappNavigationInserter,filenameViewController,viewResolver,adunaWebappSystemUrlMapping,adunaWebappSystemOverviewController,adunaWebappLoggingOverviewController,adunaWebappSystemInfoController,openrdfRepositoryManager,scopedTarget.openrdfRepositoryInterceptor,openrdfRepositoryInterceptor,openrdfProtocolUrlMapping,openrdfRepositoryListUrlMapping,openrdfRepositoryUrlMapping,openrdfServerHomeUrlMapping,openrdfHandlerExceptionResolver,openrdfProtocolController,openrdfRepositoryListController,openrdfRepositoryController,openrdfRepositoryContextsController,openrdfRepositoryNamespacesController,openrdfRepositoryNamespaceController,openrdfRepositorySizeController,openrdfRepositoryStatementsController,openrdfRepositoryGraphController]; root of factory hierarchy
[INFO ] 2021-02-04 21:06:17,658 [main] Logback logging API implementation is configured.
[INFO ] 2021-02-04 21:06:18,193 [main] FrameworkServlet 'openrdf-http-server': initialization completed in 1000 ms
[INFO ] 2021-02-04 21:08:34,122 [repositories/kiln] POST query -1227659729
[INFO ] 2021-02-04 21:08:34,366 [repositories/kiln] Request for query -1227659729 is finished
[INFO ] 2021-02-04 21:09:32,249 [Thread-1] Closing org.springframework.web.context.support.XmlWebApplicationContext@21557e98: display name [WebApplicationContext for namespace 'openrdf-http-server-servlet']; startup date [Thu Feb 04 21:06:17 CET 2021]; root of context hierarchy
[INFO ] 2021-02-04 21:09:32,254 [Thread-1] Destroying singletons in org.springframework.beans.factory.support.DefaultListableBeanFactory@69ff5aca: defining beans [messageSource,adunaAppVersion,adunaAppConfig,adunaWebappNavigation,adunaWebappCommonValuesInserter,adunaWebappMessageInserter,adunaWebappNavigationInserter,filenameViewController,viewResolver,adunaWebappSystemUrlMapping,adunaWebappSystemOverviewController,adunaWebappLoggingOverviewController,adunaWebappSystemInfoController,openrdfRepositoryManager,scopedTarget.openrdfRepositoryInterceptor,openrdfRepositoryInterceptor,openrdfProtocolUrlMapping,openrdfRepositoryListUrlMapping,openrdfRepositoryUrlMapping,openrdfServerHomeUrlMapping,openrdfHandlerExceptionResolver,openrdfProtocolController,openrdfRepositoryListController,openrdfRepositoryController,openrdfRepositoryContextsController,openrdfRepositoryNamespacesController,openrdfRepositoryNamespaceController,openrdfRepositorySizeController,openrdfRepositoryStatementsController,openrdfRepositoryGraphController]; root of factory hierarchy
[INFO ] 2021-02-04 21:09:50,061 [main] Logback logging API implementation is configured.
[INFO ] 2021-02-04 21:09:50,754 [main] FrameworkServlet 'openrdf-http-server': initialization completed in 1199 ms
[INFO ] 2021-02-04 21:10:31,892 [repositories/kiln] POST query -1227659729
[INFO ] 2021-02-04 21:10:32,155 [repositories/kiln] Request for query -1227659729 is finished
[INFO ] 2021-02-04 21:11:25,728 [Thread-1] Closing org.springframework.web.context.support.XmlWebApplicationContext@21557e98: display name [WebApplicationContext for namespace 'openrdf-http-server-servlet']; startup date [Thu Feb 04 21:09:49 CET 2021]; root of context hierarchy
[INFO ] 2021-02-04 21:11:25,732 [Thread-1] Destroying singletons in org.springframework.beans.factory.support.DefaultListableBeanFactory@69ff5aca: defining beans [messageSource,adunaAppVersion,adunaAppConfig,adunaWebappNavigation,adunaWebappCommonValuesInserter,adunaWebappMessageInserter,adunaWebappNavigationInserter,filenameViewController,viewResolver,adunaWebappSystemUrlMapping,adunaWebappSystemOverviewController,adunaWebappLoggingOverviewController,adunaWebappSystemInfoController,openrdfRepositoryManager,scopedTarget.openrdfRepositoryInterceptor,openrdfRepositoryInterceptor,openrdfProtocolUrlMapping,openrdfRepositoryListUrlMapping,openrdfRepositoryUrlMapping,openrdfServerHomeUrlMapping,openrdfHandlerExceptionResolver,openrdfProtocolController,openrdfRepositoryListController,openrdfRepositoryController,openrdfRepositoryContextsController,openrdfRepositoryNamespacesController,openrdfRepositoryNamespaceController,openrdfRepositorySizeController,openrdfRepositoryStatementsController,openrdfRepositoryGraphController]; root of factory hierarchy
[INFO ] 2021-02-04 21:11:44,520 [main] Logback logging API implementation is configured.
[INFO ] 2021-02-04 21:11:45,209 [main] FrameworkServlet 'openrdf-http-server': initialization completed in 1671 ms
[INFO ] 2021-02-04 21:13:24,643 [repositories/kiln] POST query -1227659729
[INFO ] 2021-02-04 21:13:24,963 [repositories/kiln] Request for query -1227659729 is finished
[INFO ] 2021-02-04 22:05:51,655 [repositories/kiln] POST query -1227659729
[INFO ] 2021-02-04 22:05:51,751 [repositories/kiln] Request for query -1227659729 is finished
[INFO ] 2021-02-04 22:07:42,746 [Thread-1] Closing org.springframework.web.context.support.XmlWebApplicationContext@21557e98: display name [WebApplicationContext for namespace 'openrdf-http-server-servlet']; startup date [Thu Feb 04 21:11:43 CET 2021]; root of context hierarchy
[INFO ] 2021-02-04 22:07:42,759 [Thread-1] Destroying singletons in org.springframework.beans.factory.support.DefaultListableBeanFactory@69ff5aca: defining beans [messageSource,adunaAppVersion,adunaAppConfig,adunaWebappNavigation,adunaWebappCommonValuesInserter,adunaWebappMessageInserter,adunaWebappNavigationInserter,filenameViewController,viewResolver,adunaWebappSystemUrlMapping,adunaWebappSystemOverviewController,adunaWebappLoggingOverviewController,adunaWebappSystemInfoController,openrdfRepositoryManager,scopedTarget.openrdfRepositoryInterceptor,openrdfRepositoryInterceptor,openrdfProtocolUrlMapping,openrdfRepositoryListUrlMapping,openrdfRepositoryUrlMapping,openrdfServerHomeUrlMapping,openrdfHandlerExceptionResolver,openrdfProtocolController,openrdfRepositoryListController,openrdfRepositoryController,openrdfRepositoryContextsController,openrdfRepositoryNamespacesController,openrdfRepositoryNamespaceController,openrdfRepositorySizeController,openrdfRepositoryStatementsController,openrdfRepositoryGraphController]; root of factory hierarchy
[INFO ] 2021-02-04 22:08:02,193 [main] Logback logging API implementation is configured.
[INFO ] 2021-02-04 22:08:02,934 [main] FrameworkServlet 'openrdf-http-server': initialization completed in 1492 ms
[INFO ] 2021-02-04 22:12:19,356 [Thread-1] Closing org.springframework.web.context.support.XmlWebApplicationContext@21557e98: display name [WebApplicationContext for namespace 'openrdf-http-server-servlet']; startup date [Thu Feb 04 22:08:01 CET 2021]; root of context hierarchy
[INFO ] 2021-02-04 22:12:19,361 [Thread-1] Destroying singletons in org.springframework.beans.factory.support.DefaultListableBeanFactory@69ff5aca: defining beans [messageSource,adunaAppVersion,adunaAppConfig,adunaWebappNavigation,adunaWebappCommonValuesInserter,adunaWebappMessageInserter,adunaWebappNavigationInserter,filenameViewController,viewResolver,adunaWebappSystemUrlMapping,adunaWebappSystemOverviewController,adunaWebappLoggingOverviewController,adunaWebappSystemInfoController,openrdfRepositoryManager,scopedTarget.openrdfRepositoryInterceptor,openrdfRepositoryInterceptor,openrdfProtocolUrlMapping,openrdfRepositoryListUrlMapping,openrdfRepositoryUrlMapping,openrdfServerHomeUrlMapping,openrdfHandlerExceptionResolver,openrdfProtocolController,openrdfRepositoryListController,openrdfRepositoryController,openrdfRepositoryContextsController,openrdfRepositoryNamespacesController,openrdfRepositoryNamespaceController,openrdfRepositorySizeController,openrdfRepositoryStatementsController,openrdfRepositoryGraphController]; root of factory hierarchy
[INFO ] 2021-02-04 22:12:36,495 [main] Logback logging API implementation is configured.
[INFO ] 2021-02-04 22:12:37,040 [main] FrameworkServlet 'openrdf-http-server': initialization completed in 1098 ms
[INFO ] 2021-02-04 22:13:21,024 [repositories/kiln] POST query -1227659729
[INFO ] 2021-02-04 22:13:21,244 [repositories/kiln] Request for query -1227659729 is finished
[INFO ] 2021-02-04 22:14:08,535 [repositories/kiln] POST query -1227659729
[INFO ] 2021-02-04 22:14:08,572 [repositories/kiln] Request for query -1227659729 is finished
[INFO ] 2021-02-04 22:22:38,894 [Thread-1] Closing org.springframework.web.context.support.XmlWebApplicationContext@21557e98: display name [WebApplicationContext for namespace 'openrdf-http-server-servlet']; startup date [Thu Feb 04 22:12:35 CET 2021]; root of context hierarchy
[INFO ] 2021-02-04 22:22:38,899 [Thread-1] Destroying singletons in org.springframework.beans.factory.support.DefaultListableBeanFactory@69ff5aca: defining beans [messageSource,adunaAppVersion,adunaAppConfig,adunaWebappNavigation,adunaWebappCommonValuesInserter,adunaWebappMessageInserter,adunaWebappNavigationInserter,filenameViewController,viewResolver,adunaWebappSystemUrlMapping,adunaWebappSystemOverviewController,adunaWebappLoggingOverviewController,adunaWebappSystemInfoController,openrdfRepositoryManager,scopedTarget.openrdfRepositoryInterceptor,openrdfRepositoryInterceptor,openrdfProtocolUrlMapping,openrdfRepositoryListUrlMapping,openrdfRepositoryUrlMapping,openrdfServerHomeUrlMapping,openrdfHandlerExceptionResolver,openrdfProtocolController,openrdfRepositoryListController,openrdfRepositoryController,openrdfRepositoryContextsController,openrdfRepositoryNamespacesController,openrdfRepositoryNamespaceController,openrdfRepositorySizeController,openrdfRepositoryStatementsController,openrdfRepositoryGraphController]; root of factory hierarchy
[INFO ] 2021-02-04 22:22:56,449 [main] Logback logging API implementation is configured.
[INFO ] 2021-02-04 22:22:57,021 [main] FrameworkServlet 'openrdf-http-server': initialization completed in 1096 ms
[INFO ] 2021-02-04 22:25:24,191 [repositories/kiln] POST query -1227659729
[INFO ] 2021-02-04 22:25:24,420 [repositories/kiln] Request for query -1227659729 is finished
[INFO ] 2021-02-04 22:25:37,319 [repositories/kiln] POST query -1227659729
[INFO ] 2021-02-04 22:25:37,371 [repositories/kiln] Request for query -1227659729 is finished
[INFO ] 2021-02-04 22:25:58,410 [repositories/kiln] POST query -1227659729
[INFO ] 2021-02-04 22:25:58,447 [repositories/kiln] Request for query -1227659729 is finished
[INFO ] 2021-02-04 22:27:32,686 [repositories/kiln] POST query -1227659729
[INFO ] 2021-02-04 22:27:32,758 [repositories/kiln] Request for query -1227659729 is finished
[INFO ] 2021-02-04 22:27:36,596 [repositories/kiln] POST query -1227659729
[INFO ] 2021-02-04 22:27:36,624 [repositories/kiln] Request for query -1227659729 is finished
[INFO ] 2021-02-04 22:48:06,420 [Thread-1] Closing org.springframework.web.context.support.XmlWebApplicationContext@21557e98: display name [WebApplicationContext for namespace 'openrdf-http-server-servlet']; startup date [Thu Feb 04 22:22:55 CET 2021]; root of context hierarchy
[INFO ] 2021-02-04 22:48:06,424 [Thread-1] Destroying singletons in org.springframework.beans.factory.support.DefaultListableBeanFactory@69ff5aca: defining beans [messageSource,adunaAppVersion,adunaAppConfig,adunaWebappNavigation,adunaWebappCommonValuesInserter,adunaWebappMessageInserter,adunaWebappNavigationInserter,filenameViewController,viewResolver,adunaWebappSystemUrlMapping,adunaWebappSystemOverviewController,adunaWebappLoggingOverviewController,adunaWebappSystemInfoController,openrdfRepositoryManager,scopedTarget.openrdfRepositoryInterceptor,openrdfRepositoryInterceptor,openrdfProtocolUrlMapping,openrdfRepositoryListUrlMapping,openrdfRepositoryUrlMapping,openrdfServerHomeUrlMapping,openrdfHandlerExceptionResolver,openrdfProtocolController,openrdfRepositoryListController,openrdfRepositoryController,openrdfRepositoryContextsController,openrdfRepositoryNamespacesController,openrdfRepositoryNamespaceController,openrdfRepositorySizeController,openrdfRepositoryStatementsController,openrdfRepositoryGraphController]; root of factory hierarchy
[INFO ] 2021-02-04 22:48:24,528 [main] Logback logging API implementation is configured.
[INFO ] 2021-02-04 22:48:25,135 [main] FrameworkServlet 'openrdf-http-server': initialization completed in 1173 ms
[INFO ] 2021-02-04 22:48:44,221 [repositories/kiln] POST query -1227659729
[INFO ] 2021-02-04 22:48:44,458 [repositories/kiln] Request for query -1227659729 is finished
[INFO ] 2021-02-04 22:49:04,022 [repositories/kiln] POST query -1227659729
[INFO ] 2021-02-04 22:49:04,059 [repositories/kiln] Request for query -1227659729 is finished
[INFO ] 2021-02-04 22:49:11,918 [repositories/kiln] POST query -1227659729
[INFO ] 2021-02-04 22:49:11,945 [repositories/kiln] Request for query -1227659729 is finished
[INFO ] 2021-02-04 22:49:18,388 [repositories/kiln] POST query -1227659729
[INFO ] 2021-02-04 22:49:18,421 [repositories/kiln] Request for query -1227659729 is finished
[INFO ] 2021-02-04 22:49:27,741 [repositories/kiln] POST query -1227659729
[INFO ] 2021-02-04 22:49:27,768 [repositories/kiln] Request for query -1227659729 is finished
[INFO ] 2021-02-04 22:49:35,102 [repositories/kiln] POST query -1227659729
[INFO ] 2021-02-04 22:49:35,127 [repositories/kiln] Request for query -1227659729 is finished
[INFO ] 2021-02-04 22:50:37,812 [repositories/kiln] POST query -1227659729
[INFO ] 2021-02-04 22:50:37,842 [repositories/kiln] Request for query -1227659729 is finished
[INFO ] 2021-02-04 22:50:40,190 [repositories/kiln] POST query -1227659729
[INFO ] 2021-02-04 22:50:40,214 [repositories/kiln] Request for query -1227659729 is finished
[INFO ] 2021-02-04 22:50:42,227 [repositories/kiln] POST query -1227659729
[INFO ] 2021-02-04 22:50:42,250 [repositories/kiln] Request for query -1227659729 is finished
[INFO ] 2021-02-04 22:50:43,880 [repositories/kiln] POST query -1227659729
[INFO ] 2021-02-04 22:50:43,907 [repositories/kiln] Request for query -1227659729 is finished
[INFO ] 2021-02-04 22:50:45,432 [repositories/kiln] POST query -1227659729
[INFO ] 2021-02-04 22:50:45,455 [repositories/kiln] Request for query -1227659729 is finished
[INFO ] 2021-02-04 22:50:48,202 [repositories/kiln] POST query -1227659729
[INFO ] 2021-02-04 22:50:48,224 [repositories/kiln] Request for query -1227659729 is finished
[INFO ] 2021-02-04 22:52:07,834 [repositories/kiln] POST query -1227659729
[INFO ] 2021-02-04 22:52:07,869 [repositories/kiln] Request for query -1227659729 is finished
[INFO ] 2021-02-04 22:52:24,105 [repositories/kiln] POST query -1227659729
[INFO ] 2021-02-04 22:52:24,129 [repositories/kiln] Request for query -1227659729 is finished
[INFO ] 2021-02-04 22:52:42,455 [repositories/kiln] POST query -1227659729
[INFO ] 2021-02-04 22:52:42,479 [repositories/kiln] Request for query -1227659729 is finished
[INFO ] 2021-02-04 22:53:01,646 [repositories/kiln] POST query -1227659729
[INFO ] 2021-02-04 22:53:01,695 [repositories/kiln] Request for query -1227659729 is finished
[INFO ] 2021-02-04 22:53:20,671 [repositories/kiln] POST query -1227659729
[INFO ] 2021-02-04 22:53:20,704 [repositories/kiln] Request for query -1227659729 is finished
[INFO ] 2021-02-04 22:53:31,661 [repositories/kiln] POST query -1227659729
[INFO ] 2021-02-04 22:53:31,680 [repositories/kiln] Request for query -1227659729 is finished
[INFO ] 2021-02-04 22:53:59,351 [repositories/kiln] POST query -1227659729
[INFO ] 2021-02-04 22:53:59,371 [repositories/kiln] Request for query -1227659729 is finished
[INFO ] 2021-02-04 22:54:59,962 [repositories/kiln] POST query -1227659729
[INFO ] 2021-02-04 22:55:00,048 [repositories/kiln] Request for query -1227659729 is finished
[INFO ] 2021-02-04 22:55:28,538 [repositories/kiln] POST query -1227659729
[INFO ] 2021-02-04 22:55:28,560 [repositories/kiln] Request for query -1227659729 is finished
[INFO ] 2021-02-04 22:57:27,554 [Thread-1] Closing org.springframework.web.context.support.XmlWebApplicationContext@21557e98: display name [WebApplicationContext for namespace 'openrdf-http-server-servlet']; startup date [Thu Feb 04 22:48:23 CET 2021]; root of context hierarchy
[INFO ] 2021-02-04 22:57:27,558 [Thread-1] Destroying singletons in org.springframework.beans.factory.support.DefaultListableBeanFactory@69ff5aca: defining beans [messageSource,adunaAppVersion,adunaAppConfig,adunaWebappNavigation,adunaWebappCommonValuesInserter,adunaWebappMessageInserter,adunaWebappNavigationInserter,filenameViewController,viewResolver,adunaWebappSystemUrlMapping,adunaWebappSystemOverviewController,adunaWebappLoggingOverviewController,adunaWebappSystemInfoController,openrdfRepositoryManager,scopedTarget.openrdfRepositoryInterceptor,openrdfRepositoryInterceptor,openrdfProtocolUrlMapping,openrdfRepositoryListUrlMapping,openrdfRepositoryUrlMapping,openrdfServerHomeUrlMapping,openrdfHandlerExceptionResolver,openrdfProtocolController,openrdfRepositoryListController,openrdfRepositoryController,openrdfRepositoryContextsController,openrdfRepositoryNamespacesController,openrdfRepositoryNamespaceController,openrdfRepositorySizeController,openrdfRepositoryStatementsController,openrdfRepositoryGraphController]; root of factory hierarchy
[INFO ] 2021-02-04 22:57:44,341 [main] Logback logging API implementation is configured.
[INFO ] 2021-02-04 22:57:44,999 [main] FrameworkServlet 'openrdf-http-server': initialization completed in 1161 ms
[INFO ] 2021-02-04 22:59:28,168 [Thread-1] Closing org.springframework.web.context.support.XmlWebApplicationContext@21557e98: display name [WebApplicationContext for namespace 'openrdf-http-server-servlet']; startup date [Thu Feb 04 22:57:43 CET 2021]; root of context hierarchy
[INFO ] 2021-02-04 22:59:28,168 [Thread-1] Destroying singletons in org.springframework.beans.factory.support.DefaultListableBeanFactory@69ff5aca: defining beans [messageSource,adunaAppVersion,adunaAppConfig,adunaWebappNavigation,adunaWebappCommonValuesInserter,adunaWebappMessageInserter,adunaWebappNavigationInserter,filenameViewController,viewResolver,adunaWebappSystemUrlMapping,adunaWebappSystemOverviewController,adunaWebappLoggingOverviewController,adunaWebappSystemInfoController,openrdfRepositoryManager,scopedTarget.openrdfRepositoryInterceptor,openrdfRepositoryInterceptor,openrdfProtocolUrlMapping,openrdfRepositoryListUrlMapping,openrdfRepositoryUrlMapping,openrdfServerHomeUrlMapping,openrdfHandlerExceptionResolver,openrdfProtocolController,openrdfRepositoryListController,openrdfRepositoryController,openrdfRepositoryContextsController,openrdfRepositoryNamespacesController,openrdfRepositoryNamespaceController,openrdfRepositorySizeController,openrdfRepositoryStatementsController,openrdfRepositoryGraphController]; root of factory hierarchy
[INFO ] 2021-02-04 22:59:45,668 [main] Logback logging API implementation is configured.
[INFO ] 2021-02-04 22:59:46,521 [main] FrameworkServlet 'openrdf-http-server': initialization completed in 1445 ms
[INFO ] 2021-02-04 23:02:27,045 [repositories/kiln] POST transaction to repository
[WARN ] 2021-02-04 23:02:27,052 [repositories/kiln] Class org.apache.xerces.parsers.SAXParser not found
[INFO ] 2021-02-04 23:02:27,780 [repositories/kiln] POST data to repository
[INFO ] 2021-02-04 23:02:27,799 [repositories/kiln] no base URI specified, using dummy 'foo:bar'
[WARN ] 2021-02-04 23:02:27,818 [repositories/kiln] Class org.apache.xerces.parsers.SAXParser not found
[INFO ] 2021-02-04 23:02:28,025 [repositories/kiln] POST transaction to repository
[WARN ] 2021-02-04 23:02:28,025 [repositories/kiln] Class org.apache.xerces.parsers.SAXParser not found
[INFO ] 2021-02-04 23:02:28,422 [repositories/kiln] POST data to repository
[INFO ] 2021-02-04 23:02:28,422 [repositories/kiln] no base URI specified, using dummy 'foo:bar'
[WARN ] 2021-02-04 23:02:28,422 [repositories/kiln] Class org.apache.xerces.parsers.SAXParser not found
[INFO ] 2021-02-04 23:02:28,627 [repositories/kiln] POST transaction to repository
[WARN ] 2021-02-04 23:02:28,628 [repositories/kiln] Class org.apache.xerces.parsers.SAXParser not found
[INFO ] 2021-02-04 23:02:28,946 [repositories/kiln] POST data to repository
[INFO ] 2021-02-04 23:02:28,946 [repositories/kiln] no base URI specified, using dummy 'foo:bar'
[WARN ] 2021-02-04 23:02:28,946 [repositories/kiln] Class org.apache.xerces.parsers.SAXParser not found
[INFO ] 2021-02-04 23:02:29,119 [repositories/kiln] POST transaction to repository
[WARN ] 2021-02-04 23:02:29,120 [repositories/kiln] Class org.apache.xerces.parsers.SAXParser not found
[INFO ] 2021-02-04 23:02:29,407 [repositories/kiln] POST data to repository
[INFO ] 2021-02-04 23:02:29,408 [repositories/kiln] no base URI specified, using dummy 'foo:bar'
[WARN ] 2021-02-04 23:02:29,409 [repositories/kiln] Class org.apache.xerces.parsers.SAXParser not found
[INFO ] 2021-02-04 23:02:29,599 [repositories/kiln] POST transaction to repository
[WARN ] 2021-02-04 23:02:29,600 [repositories/kiln] Class org.apache.xerces.parsers.SAXParser not found
[INFO ] 2021-02-04 23:02:29,981 [repositories/kiln] POST data to repository
[INFO ] 2021-02-04 23:02:29,981 [repositories/kiln] no base URI specified, using dummy 'foo:bar'
[WARN ] 2021-02-04 23:02:29,982 [repositories/kiln] Class org.apache.xerces.parsers.SAXParser not found
[INFO ] 2021-02-04 23:02:30,187 [repositories/kiln] POST transaction to repository
[WARN ] 2021-02-04 23:02:30,188 [repositories/kiln] Class org.apache.xerces.parsers.SAXParser not found
[INFO ] 2021-02-04 23:02:30,481 [repositories/kiln] POST data to repository
[INFO ] 2021-02-04 23:02:30,482 [repositories/kiln] no base URI specified, using dummy 'foo:bar'
[WARN ] 2021-02-04 23:02:30,483 [repositories/kiln] Class org.apache.xerces.parsers.SAXParser not found
[INFO ] 2021-02-04 23:02:30,636 [repositories/kiln] POST transaction to repository
[WARN ] 2021-02-04 23:02:30,637 [repositories/kiln] Class org.apache.xerces.parsers.SAXParser not found
[INFO ] 2021-02-04 23:02:30,918 [repositories/kiln] POST data to repository
[INFO ] 2021-02-04 23:02:30,919 [repositories/kiln] no base URI specified, using dummy 'foo:bar'
[WARN ] 2021-02-04 23:02:30,919 [repositories/kiln] Class org.apache.xerces.parsers.SAXParser not found
[INFO ] 2021-02-04 23:02:31,073 [repositories/kiln] POST transaction to repository
[WARN ] 2021-02-04 23:02:31,073 [repositories/kiln] Class org.apache.xerces.parsers.SAXParser not found
[INFO ] 2021-02-04 23:02:31,354 [repositories/kiln] POST data to repository
[INFO ] 2021-02-04 23:02:31,354 [repositories/kiln] no base URI specified, using dummy 'foo:bar'
[WARN ] 2021-02-04 23:02:31,355 [repositories/kiln] Class org.apache.xerces.parsers.SAXParser not found
[INFO ] 2021-02-04 23:02:31,497 [repositories/kiln] POST transaction to repository
[WARN ] 2021-02-04 23:02:31,498 [repositories/kiln] Class org.apache.xerces.parsers.SAXParser not found
[INFO ] 2021-02-04 23:02:31,744 [repositories/kiln] POST data to repository
[INFO ] 2021-02-04 23:02:31,744 [repositories/kiln] no base URI specified, using dummy 'foo:bar'
[WARN ] 2021-02-04 23:02:31,746 [repositories/kiln] Class org.apache.xerces.parsers.SAXParser not found
[INFO ] 2021-02-04 23:02:31,914 [repositories/kiln] POST transaction to repository
[WARN ] 2021-02-04 23:02:31,917 [repositories/kiln] Class org.apache.xerces.parsers.SAXParser not found
[INFO ] 2021-02-04 23:02:32,158 [repositories/kiln] POST data to repository
[INFO ] 2021-02-04 23:02:32,158 [repositories/kiln] no base URI specified, using dummy 'foo:bar'
[WARN ] 2021-02-04 23:02:32,159 [repositories/kiln] Class org.apache.xerces.parsers.SAXParser not found
[INFO ] 2021-02-04 23:02:32,304 [repositories/kiln] POST transaction to repository
[WARN ] 2021-02-04 23:02:32,305 [repositories/kiln] Class org.apache.xerces.parsers.SAXParser not found
[INFO ] 2021-02-04 23:02:32,539 [repositories/kiln] POST data to repository
[INFO ] 2021-02-04 23:02:32,539 [repositories/kiln] no base URI specified, using dummy 'foo:bar'
[WARN ] 2021-02-04 23:02:32,540 [repositories/kiln] Class org.apache.xerces.parsers.SAXParser not found
[INFO ] 2021-02-04 23:02:32,692 [repositories/kiln] POST transaction to repository
[WARN ] 2021-02-04 23:02:32,693 [repositories/kiln] Class org.apache.xerces.parsers.SAXParser not found
[INFO ] 2021-02-04 23:02:32,915 [repositories/kiln] POST data to repository
[INFO ] 2021-02-04 23:02:32,915 [repositories/kiln] no base URI specified, using dummy 'foo:bar'
[WARN ] 2021-02-04 23:02:32,915 [repositories/kiln] Class org.apache.xerces.parsers.SAXParser not found
[INFO ] 2021-02-04 23:02:33,045 [repositories/kiln] POST transaction to repository
[WARN ] 2021-02-04 23:02:33,045 [repositories/kiln] Class org.apache.xerces.parsers.SAXParser not found
[INFO ] 2021-02-04 23:02:33,061 [repositories/kiln] POST data to repository
[INFO ] 2021-02-04 23:02:33,061 [repositories/kiln] no base URI specified, using dummy 'foo:bar'
[WARN ] 2021-02-04 23:02:33,062 [repositories/kiln] Class org.apache.xerces.parsers.SAXParser not found
[INFO ] 2021-02-04 23:02:33,079 [repositories/kiln] POST transaction to repository
[WARN ] 2021-02-04 23:02:33,080 [repositories/kiln] Class org.apache.xerces.parsers.SAXParser not found
[INFO ] 2021-02-04 23:02:33,099 [repositories/kiln] POST data to repository
[INFO ] 2021-02-04 23:02:33,099 [repositories/kiln] no base URI specified, using dummy 'foo:bar'
[WARN ] 2021-02-04 23:02:33,100 [repositories/kiln] Class org.apache.xerces.parsers.SAXParser not found
[INFO ] 2021-02-04 23:02:33,117 [repositories/kiln] POST transaction to repository
[WARN ] 2021-02-04 23:02:33,118 [repositories/kiln] Class org.apache.xerces.parsers.SAXParser not found
[INFO ] 2021-02-04 23:02:33,137 [repositories/kiln] POST data to repository
[INFO ] 2021-02-04 23:02:33,138 [repositories/kiln] no base URI specified, using dummy 'foo:bar'
[WARN ] 2021-02-04 23:02:33,138 [repositories/kiln] Class org.apache.xerces.parsers.SAXParser not found
[INFO ] 2021-02-04 23:02:33,153 [repositories/kiln] POST transaction to repository
[WARN ] 2021-02-04 23:02:33,154 [repositories/kiln] Class org.apache.xerces.parsers.SAXParser not found
[INFO ] 2021-02-04 23:02:33,173 [repositories/kiln] POST data to repository
[INFO ] 2021-02-04 23:02:33,173 [repositories/kiln] no base URI specified, using dummy 'foo:bar'
[WARN ] 2021-02-04 23:02:33,174 [repositories/kiln] Class org.apache.xerces.parsers.SAXParser not found
[INFO ] 2021-02-04 23:02:33,190 [repositories/kiln] POST transaction to repository
[WARN ] 2021-02-04 23:02:33,190 [repositories/kiln] Class org.apache.xerces.parsers.SAXParser not found
[INFO ] 2021-02-04 23:02:33,202 [repositories/kiln] POST data to repository
[INFO ] 2021-02-04 23:02:33,203 [repositories/kiln] no base URI specified, using dummy 'foo:bar'
[WARN ] 2021-02-04 23:02:33,203 [repositories/kiln] Class org.apache.xerces.parsers.SAXParser not found
[INFO ] 2021-02-04 23:02:33,219 [repositories/kiln] POST transaction to repository
[WARN ] 2021-02-04 23:02:33,220 [repositories/kiln] Class org.apache.xerces.parsers.SAXParser not found
[INFO ] 2021-02-04 23:02:33,241 [repositories/kiln] POST data to repository
[INFO ] 2021-02-04 23:02:33,241 [repositories/kiln] no base URI specified, using dummy 'foo:bar'
[WARN ] 2021-02-04 23:02:33,241 [repositories/kiln] Class org.apache.xerces.parsers.SAXParser not found
[INFO ] 2021-02-04 23:02:33,253 [repositories/kiln] POST transaction to repository
[WARN ] 2021-02-04 23:02:33,254 [repositories/kiln] Class org.apache.xerces.parsers.SAXParser not found
[INFO ] 2021-02-04 23:02:33,273 [repositories/kiln] POST data to repository
[INFO ] 2021-02-04 23:02:33,273 [repositories/kiln] no base URI specified, using dummy 'foo:bar'
[WARN ] 2021-02-04 23:02:33,274 [repositories/kiln] Class org.apache.xerces.parsers.SAXParser not found
[INFO ] 2021-02-04 23:02:33,288 [repositories/kiln] POST transaction to repository
[WARN ] 2021-02-04 23:02:33,288 [repositories/kiln] Class org.apache.xerces.parsers.SAXParser not found
[INFO ] 2021-02-04 23:02:33,302 [repositories/kiln] POST data to repository
[INFO ] 2021-02-04 23:02:33,303 [repositories/kiln] no base URI specified, using dummy 'foo:bar'
[WARN ] 2021-02-04 23:02:33,303 [repositories/kiln] Class org.apache.xerces.parsers.SAXParser not found
[INFO ] 2021-02-04 23:02:33,317 [repositories/kiln] POST transaction to repository
[WARN ] 2021-02-04 23:02:33,317 [repositories/kiln] Class org.apache.xerces.parsers.SAXParser not found
[INFO ] 2021-02-04 23:02:33,337 [repositories/kiln] POST data to repository
[INFO ] 2021-02-04 23:02:33,337 [repositories/kiln] no base URI specified, using dummy 'foo:bar'
[WARN ] 2021-02-04 23:02:33,337 [repositories/kiln] Class org.apache.xerces.parsers.SAXParser not found
[INFO ] 2021-02-04 23:02:33,350 [repositories/kiln] POST transaction to repository
[WARN ] 2021-02-04 23:02:33,351 [repositories/kiln] Class org.apache.xerces.parsers.SAXParser not found
[INFO ] 2021-02-04 23:02:33,367 [repositories/kiln] POST data to repository
[INFO ] 2021-02-04 23:02:33,368 [repositories/kiln] no base URI specified, using dummy 'foo:bar'
[WARN ] 2021-02-04 23:02:33,369 [repositories/kiln] Class org.apache.xerces.parsers.SAXParser not found
[INFO ] 2021-02-04 23:02:33,383 [repositories/kiln] POST transaction to repository
[WARN ] 2021-02-04 23:02:33,384 [repositories/kiln] Class org.apache.xerces.parsers.SAXParser not found
[INFO ] 2021-02-04 23:02:33,400 [repositories/kiln] POST data to repository
[INFO ] 2021-02-04 23:02:33,400 [repositories/kiln] no base URI specified, using dummy 'foo:bar'
[WARN ] 2021-02-04 23:02:33,401 [repositories/kiln] Class org.apache.xerces.parsers.SAXParser not found
[INFO ] 2021-02-04 23:02:33,418 [repositories/kiln] POST transaction to repository
[WARN ] 2021-02-04 23:02:33,419 [repositories/kiln] Class org.apache.xerces.parsers.SAXParser not found
[INFO ] 2021-02-04 23:02:33,441 [repositories/kiln] POST data to repository
[INFO ] 2021-02-04 23:02:33,441 [repositories/kiln] no base URI specified, using dummy 'foo:bar'
[WARN ] 2021-02-04 23:02:33,442 [repositories/kiln] Class org.apache.xerces.parsers.SAXParser not found
[INFO ] 2021-02-04 23:02:33,455 [repositories/kiln] POST transaction to repository
[WARN ] 2021-02-04 23:02:33,456 [repositories/kiln] Class org.apache.xerces.parsers.SAXParser not found
[INFO ] 2021-02-04 23:02:33,472 [repositories/kiln] POST data to repository
[INFO ] 2021-02-04 23:02:33,473 [repositories/kiln] no base URI specified, using dummy 'foo:bar'
[WARN ] 2021-02-04 23:02:33,474 [repositories/kiln] Class org.apache.xerces.parsers.SAXParser not found
[INFO ] 2021-02-04 23:02:33,488 [repositories/kiln] POST transaction to repository
[WARN ] 2021-02-04 23:02:33,488 [repositories/kiln] Class org.apache.xerces.parsers.SAXParser not found
[INFO ] 2021-02-04 23:02:33,507 [repositories/kiln] POST data to repository
[INFO ] 2021-02-04 23:02:33,508 [repositories/kiln] no base URI specified, using dummy 'foo:bar'
[WARN ] 2021-02-04 23:02:33,508 [repositories/kiln] Class org.apache.xerces.parsers.SAXParser not found
[INFO ] 2021-02-04 23:02:33,522 [repositories/kiln] POST transaction to repository
[WARN ] 2021-02-04 23:02:33,523 [repositories/kiln] Class org.apache.xerces.parsers.SAXParser not found
[INFO ] 2021-02-04 23:02:33,541 [repositories/kiln] POST data to repository
[INFO ] 2021-02-04 23:02:33,542 [repositories/kiln] no base URI specified, using dummy 'foo:bar'
[WARN ] 2021-02-04 23:02:33,542 [repositories/kiln] Class org.apache.xerces.parsers.SAXParser not found
[INFO ] 2021-02-04 23:02:33,554 [repositories/kiln] POST transaction to repository
[WARN ] 2021-02-04 23:02:33,555 [repositories/kiln] Class org.apache.xerces.parsers.SAXParser not found
[INFO ] 2021-02-04 23:02:33,571 [repositories/kiln] POST data to repository
[INFO ] 2021-02-04 23:02:33,572 [repositories/kiln] no base URI specified, using dummy 'foo:bar'
[WARN ] 2021-02-04 23:02:33,572 [repositories/kiln] Class org.apache.xerces.parsers.SAXParser not found
[INFO ] 2021-02-04 23:02:33,588 [repositories/kiln] POST transaction to repository
[WARN ] 2021-02-04 23:02:33,588 [repositories/kiln] Class org.apache.xerces.parsers.SAXParser not found
[INFO ] 2021-02-04 23:02:33,605 [repositories/kiln] POST data to repository
[INFO ] 2021-02-04 23:02:33,605 [repositories/kiln] no base URI specified, using dummy 'foo:bar'
[WARN ] 2021-02-04 23:02:33,606 [repositories/kiln] Class org.apache.xerces.parsers.SAXParser not found
[INFO ] 2021-02-04 23:02:33,621 [repositories/kiln] POST transaction to repository
[WARN ] 2021-02-04 23:02:33,621 [repositories/kiln] Class org.apache.xerces.parsers.SAXParser not found
[INFO ] 2021-02-04 23:02:33,638 [repositories/kiln] POST data to repository
[INFO ] 2021-02-04 23:02:33,638 [repositories/kiln] no base URI specified, using dummy 'foo:bar'
[WARN ] 2021-02-04 23:02:33,639 [repositories/kiln] Class org.apache.xerces.parsers.SAXParser not found
[INFO ] 2021-02-04 23:02:33,654 [repositories/kiln] POST transaction to repository
[WARN ] 2021-02-04 23:02:33,655 [repositories/kiln] Class org.apache.xerces.parsers.SAXParser not found
[INFO ] 2021-02-04 23:02:33,675 [repositories/kiln] POST data to repository
[INFO ] 2021-02-04 23:02:33,676 [repositories/kiln] no base URI specified, using dummy 'foo:bar'
[WARN ] 2021-02-04 23:02:33,676 [repositories/kiln] Class org.apache.xerces.parsers.SAXParser not found
[INFO ] 2021-02-04 23:02:33,691 [repositories/kiln] POST transaction to repository
[WARN ] 2021-02-04 23:02:33,692 [repositories/kiln] Class org.apache.xerces.parsers.SAXParser not found
[INFO ] 2021-02-04 23:02:33,706 [repositories/kiln] POST data to repository
[INFO ] 2021-02-04 23:02:33,706 [repositories/kiln] no base URI specified, using dummy 'foo:bar'
[WARN ] 2021-02-04 23:02:33,707 [repositories/kiln] Class org.apache.xerces.parsers.SAXParser not found
[INFO ] 2021-02-04 23:02:33,725 [repositories/kiln] POST transaction to repository
[WARN ] 2021-02-04 23:02:33,725 [repositories/kiln] Class org.apache.xerces.parsers.SAXParser not found
[INFO ] 2021-02-04 23:02:33,743 [repositories/kiln] POST data to repository
[INFO ] 2021-02-04 23:02:33,744 [repositories/kiln] no base URI specified, using dummy 'foo:bar'
[WARN ] 2021-02-04 23:02:33,744 [repositories/kiln] Class org.apache.xerces.parsers.SAXParser not found
[INFO ] 2021-02-04 23:02:33,759 [repositories/kiln] POST transaction to repository
[WARN ] 2021-02-04 23:02:33,759 [repositories/kiln] Class org.apache.xerces.parsers.SAXParser not found
[INFO ] 2021-02-04 23:02:33,774 [repositories/kiln] POST data to repository
[INFO ] 2021-02-04 23:02:33,775 [repositories/kiln] no base URI specified, using dummy 'foo:bar'
[WARN ] 2021-02-04 23:02:33,775 [repositories/kiln] Class org.apache.xerces.parsers.SAXParser not found
[INFO ] 2021-02-04 23:02:33,792 [repositories/kiln] POST transaction to repository
[WARN ] 2021-02-04 23:02:33,793 [repositories/kiln] Class org.apache.xerces.parsers.SAXParser not found
[INFO ] 2021-02-04 23:02:33,806 [repositories/kiln] POST data to repository
[INFO ] 2021-02-04 23:02:33,807 [repositories/kiln] no base URI specified, using dummy 'foo:bar'
[WARN ] 2021-02-04 23:02:33,807 [repositories/kiln] Class org.apache.xerces.parsers.SAXParser not found
[INFO ] 2021-02-04 23:02:33,823 [repositories/kiln] POST transaction to repository
[WARN ] 2021-02-04 23:02:33,823 [repositories/kiln] Class org.apache.xerces.parsers.SAXParser not found
[INFO ] 2021-02-04 23:02:33,839 [repositories/kiln] POST data to repository
[INFO ] 2021-02-04 23:02:33,839 [repositories/kiln] no base URI specified, using dummy 'foo:bar'
[WARN ] 2021-02-04 23:02:33,840 [repositories/kiln] Class org.apache.xerces.parsers.SAXParser not found
[INFO ] 2021-02-04 23:02:33,853 [repositories/kiln] POST transaction to repository
[WARN ] 2021-02-04 23:02:33,854 [repositories/kiln] Class org.apache.xerces.parsers.SAXParser not found
[INFO ] 2021-02-04 23:02:33,870 [repositories/kiln] POST data to repository
[INFO ] 2021-02-04 23:02:33,871 [repositories/kiln] no base URI specified, using dummy 'foo:bar'
[WARN ] 2021-02-04 23:02:33,871 [repositories/kiln] Class org.apache.xerces.parsers.SAXParser not found
[INFO ] 2021-02-04 23:02:33,889 [repositories/kiln] POST transaction to repository
[WARN ] 2021-02-04 23:02:33,890 [repositories/kiln] Class org.apache.xerces.parsers.SAXParser not found
[INFO ] 2021-02-04 23:02:33,909 [repositories/kiln] POST data to repository
[INFO ] 2021-02-04 23:02:33,909 [repositories/kiln] no base URI specified, using dummy 'foo:bar'
[WARN ] 2021-02-04 23:02:33,910 [repositories/kiln] Class org.apache.xerces.parsers.SAXParser not found
[INFO ] 2021-02-04 23:02:33,934 [repositories/kiln] POST transaction to repository
[WARN ] 2021-02-04 23:02:33,935 [repositories/kiln] Class org.apache.xerces.parsers.SAXParser not found
[INFO ] 2021-02-04 23:02:33,953 [repositories/kiln] POST data to repository
[INFO ] 2021-02-04 23:02:33,954 [repositories/kiln] no base URI specified, using dummy 'foo:bar'
[WARN ] 2021-02-04 23:02:33,955 [repositories/kiln] Class org.apache.xerces.parsers.SAXParser not found
[INFO ] 2021-02-04 23:02:33,974 [repositories/kiln] POST transaction to repository
[WARN ] 2021-02-04 23:02:33,975 [repositories/kiln] Class org.apache.xerces.parsers.SAXParser not found
[INFO ] 2021-02-04 23:02:33,995 [repositories/kiln] POST data to repository
[INFO ] 2021-02-04 23:02:33,995 [repositories/kiln] no base URI specified, using dummy 'foo:bar'
[WARN ] 2021-02-04 23:02:33,996 [repositories/kiln] Class org.apache.xerces.parsers.SAXParser not found
[INFO ] 2021-02-04 23:02:34,010 [repositories/kiln] POST transaction to repository
[WARN ] 2021-02-04 23:02:34,011 [repositories/kiln] Class org.apache.xerces.parsers.SAXParser not found
[INFO ] 2021-02-04 23:02:34,030 [repositories/kiln] POST data to repository
[INFO ] 2021-02-04 23:02:34,030 [repositories/kiln] no base URI specified, using dummy 'foo:bar'
[WARN ] 2021-02-04 23:02:34,031 [repositories/kiln] Class org.apache.xerces.parsers.SAXParser not found
[INFO ] 2021-02-04 23:02:34,044 [repositories/kiln] POST transaction to repository
[WARN ] 2021-02-04 23:02:34,045 [repositories/kiln] Class org.apache.xerces.parsers.SAXParser not found
[INFO ] 2021-02-04 23:02:34,059 [repositories/kiln] POST data to repository
[INFO ] 2021-02-04 23:02:34,059 [repositories/kiln] no base URI specified, using dummy 'foo:bar'
[WARN ] 2021-02-04 23:02:34,060 [repositories/kiln] Class org.apache.xerces.parsers.SAXParser not found
[INFO ] 2021-02-04 23:02:34,074 [repositories/kiln] POST transaction to repository
[WARN ] 2021-02-04 23:02:34,075 [repositories/kiln] Class org.apache.xerces.parsers.SAXParser not found
[INFO ] 2021-02-04 23:02:34,310 [repositories/kiln] POST data to repository
[INFO ] 2021-02-04 23:02:34,310 [repositories/kiln] no base URI specified, using dummy 'foo:bar'
[WARN ] 2021-02-04 23:02:34,311 [repositories/kiln] Class org.apache.xerces.parsers.SAXParser not found
[INFO ] 2021-02-04 23:04:39,031 [Thread-1] Closing org.springframework.web.context.support.XmlWebApplicationContext@21557e98: display name [WebApplicationContext for namespace 'openrdf-http-server-servlet']; startup date [Thu Feb 04 22:59:45 CET 2021]; root of context hierarchy
[INFO ] 2021-02-04 23:04:39,034 [Thread-1] Destroying singletons in org.springframework.beans.factory.support.DefaultListableBeanFactory@69ff5aca: defining beans [messageSource,adunaAppVersion,adunaAppConfig,adunaWebappNavigation,adunaWebappCommonValuesInserter,adunaWebappMessageInserter,adunaWebappNavigationInserter,filenameViewController,viewResolver,adunaWebappSystemUrlMapping,adunaWebappSystemOverviewController,adunaWebappLoggingOverviewController,adunaWebappSystemInfoController,openrdfRepositoryManager,scopedTarget.openrdfRepositoryInterceptor,openrdfRepositoryInterceptor,openrdfProtocolUrlMapping,openrdfRepositoryListUrlMapping,openrdfRepositoryUrlMapping,openrdfServerHomeUrlMapping,openrdfHandlerExceptionResolver,openrdfProtocolController,openrdfRepositoryListController,openrdfRepositoryController,openrdfRepositoryContextsController,openrdfRepositoryNamespacesController,openrdfRepositoryNamespaceController,openrdfRepositorySizeController,openrdfRepositoryStatementsController,openrdfRepositoryGraphController]; root of factory hierarchy
[INFO ] 2021-02-04 23:04:57,596 [main] Logback logging API implementation is configured.
[INFO ] 2021-02-04 23:04:58,214 [main] FrameworkServlet 'openrdf-http-server': initialization completed in 1177 ms
[INFO ] 2021-02-04 23:09:51,648 [Thread-1] Closing org.springframework.web.context.support.XmlWebApplicationContext@21557e98: display name [WebApplicationContext for namespace 'openrdf-http-server-servlet']; startup date [Thu Feb 04 23:04:57 CET 2021]; root of context hierarchy
[INFO ] 2021-02-04 23:09:51,653 [Thread-1] Destroying singletons in org.springframework.beans.factory.support.DefaultListableBeanFactory@69ff5aca: defining beans [messageSource,adunaAppVersion,adunaAppConfig,adunaWebappNavigation,adunaWebappCommonValuesInserter,adunaWebappMessageInserter,adunaWebappNavigationInserter,filenameViewController,viewResolver,adunaWebappSystemUrlMapping,adunaWebappSystemOverviewController,adunaWebappLoggingOverviewController,adunaWebappSystemInfoController,openrdfRepositoryManager,scopedTarget.openrdfRepositoryInterceptor,openrdfRepositoryInterceptor,openrdfProtocolUrlMapping,openrdfRepositoryListUrlMapping,openrdfRepositoryUrlMapping,openrdfServerHomeUrlMapping,openrdfHandlerExceptionResolver,openrdfProtocolController,openrdfRepositoryListController,openrdfRepositoryController,openrdfRepositoryContextsController,openrdfRepositoryNamespacesController,openrdfRepositoryNamespaceController,openrdfRepositorySizeController,openrdfRepositoryStatementsController,openrdfRepositoryGraphController]; root of factory hierarchy
[INFO ] 2021-02-04 23:10:10,606 [main] Logback logging API implementation is configured.
[INFO ] 2021-02-04 23:10:11,162 [main] FrameworkServlet 'openrdf-http-server': initialization completed in 1163 ms
[INFO ] 2021-02-04 23:10:48,426 [repositories/kiln] POST query -1227659729
[INFO ] 2021-02-04 23:10:48,713 [repositories/kiln] Request for query -1227659729 is finished
[INFO ] 2021-02-04 23:10:49,132 [repositories/kiln] POST query -1227659729
[INFO ] 2021-02-04 23:10:49,190 [repositories/kiln] Request for query -1227659729 is finished
[INFO ] 2021-02-04 23:10:49,987 [repositories/kiln] POST query -1227659729
[INFO ] 2021-02-04 23:10:50,031 [repositories/kiln] Request for query -1227659729 is finished
[INFO ] 2021-02-04 23:19:25,850 [Thread-1] Closing org.springframework.web.context.support.XmlWebApplicationContext@21557e98: display name [WebApplicationContext for namespace 'openrdf-http-server-servlet']; startup date [Thu Feb 04 23:10:10 CET 2021]; root of context hierarchy
[INFO ] 2021-02-04 23:19:25,856 [Thread-1] Destroying singletons in org.springframework.beans.factory.support.DefaultListableBeanFactory@69ff5aca: defining beans [messageSource,adunaAppVersion,adunaAppConfig,adunaWebappNavigation,adunaWebappCommonValuesInserter,adunaWebappMessageInserter,adunaWebappNavigationInserter,filenameViewController,viewResolver,adunaWebappSystemUrlMapping,adunaWebappSystemOverviewController,adunaWebappLoggingOverviewController,adunaWebappSystemInfoController,openrdfRepositoryManager,scopedTarget.openrdfRepositoryInterceptor,openrdfRepositoryInterceptor,openrdfProtocolUrlMapping,openrdfRepositoryListUrlMapping,openrdfRepositoryUrlMapping,openrdfServerHomeUrlMapping,openrdfHandlerExceptionResolver,openrdfProtocolController,openrdfRepositoryListController,openrdfRepositoryController,openrdfRepositoryContextsController,openrdfRepositoryNamespacesController,openrdfRepositoryNamespaceController,openrdfRepositorySizeController,openrdfRepositoryStatementsController,openrdfRepositoryGraphController]; root of factory hierarchy
[INFO ] 2021-02-04 23:19:44,280 [main] Logback logging API implementation is configured.
[INFO ] 2021-02-04 23:19:44,955 [main] FrameworkServlet 'openrdf-http-server': initialization completed in 1379 ms
[INFO ] 2021-02-04 23:20:25,197 [repositories/kiln] POST query -1227659729
[INFO ] 2021-02-04 23:20:25,461 [repositories/kiln] Request for query -1227659729 is finished
[INFO ] 2021-02-04 23:20:47,678 [repositories/kiln] POST query -1227659729
[INFO ] 2021-02-04 23:20:47,713 [repositories/kiln] Request for query -1227659729 is finished
[INFO ] 2021-02-04 23:20:50,355 [repositories/kiln] POST query -1227659729
[INFO ] 2021-02-04 23:20:50,382 [repositories/kiln] Request for query -1227659729 is finished
[INFO ] 2021-02-04 23:21:15,193 [repositories/kiln] POST query -1227659729
[INFO ] 2021-02-04 23:21:15,224 [repositories/kiln] Request for query -1227659729 is finished
[INFO ] 2021-02-04 23:21:23,597 [repositories/kiln] POST query -1227659729
[INFO ] 2021-02-04 23:21:23,630 [repositories/kiln] Request for query -1227659729 is finished
[INFO ] 2021-02-04 23:31:07,895 [Thread-1] Closing org.springframework.web.context.support.XmlWebApplicationContext@21557e98: display name [WebApplicationContext for namespace 'openrdf-http-server-servlet']; startup date [Thu Feb 04 23:19:43 CET 2021]; root of context hierarchy
[INFO ] 2021-02-04 23:31:07,901 [Thread-1] Destroying singletons in org.springframework.beans.factory.support.DefaultListableBeanFactory@69ff5aca: defining beans [messageSource,adunaAppVersion,adunaAppConfig,adunaWebappNavigation,adunaWebappCommonValuesInserter,adunaWebappMessageInserter,adunaWebappNavigationInserter,filenameViewController,viewResolver,adunaWebappSystemUrlMapping,adunaWebappSystemOverviewController,adunaWebappLoggingOverviewController,adunaWebappSystemInfoController,openrdfRepositoryManager,scopedTarget.openrdfRepositoryInterceptor,openrdfRepositoryInterceptor,openrdfProtocolUrlMapping,openrdfRepositoryListUrlMapping,openrdfRepositoryUrlMapping,openrdfServerHomeUrlMapping,openrdfHandlerExceptionResolver,openrdfProtocolController,openrdfRepositoryListController,openrdfRepositoryController,openrdfRepositoryContextsController,openrdfRepositoryNamespacesController,openrdfRepositoryNamespaceController,openrdfRepositorySizeController,openrdfRepositoryStatementsController,openrdfRepositoryGraphController]; root of factory hierarchy
[INFO ] 2021-02-04 23:31:26,245 [main] Logback logging API implementation is configured.
[INFO ] 2021-02-04 23:31:26,908 [main] FrameworkServlet 'openrdf-http-server': initialization completed in 1284 ms
[INFO ] 2021-02-04 23:36:53,004 [Thread-1] Closing org.springframework.web.context.support.XmlWebApplicationContext@21557e98: display name [WebApplicationContext for namespace 'openrdf-http-server-servlet']; startup date [Thu Feb 04 23:31:25 CET 2021]; root of context hierarchy
[INFO ] 2021-02-04 23:36:53,011 [Thread-1] Destroying singletons in org.springframework.beans.factory.support.DefaultListableBeanFactory@69ff5aca: defining beans [messageSource,adunaAppVersion,adunaAppConfig,adunaWebappNavigation,adunaWebappCommonValuesInserter,adunaWebappMessageInserter,adunaWebappNavigationInserter,filenameViewController,viewResolver,adunaWebappSystemUrlMapping,adunaWebappSystemOverviewController,adunaWebappLoggingOverviewController,adunaWebappSystemInfoController,openrdfRepositoryManager,scopedTarget.openrdfRepositoryInterceptor,openrdfRepositoryInterceptor,openrdfProtocolUrlMapping,openrdfRepositoryListUrlMapping,openrdfRepositoryUrlMapping,openrdfServerHomeUrlMapping,openrdfHandlerExceptionResolver,openrdfProtocolController,openrdfRepositoryListController,openrdfRepositoryController,openrdfRepositoryContextsController,openrdfRepositoryNamespacesController,openrdfRepositoryNamespaceController,openrdfRepositorySizeController,openrdfRepositoryStatementsController,openrdfRepositoryGraphController]; root of factory hierarchy
[INFO ] 2021-02-04 23:37:11,446 [main] Logback logging API implementation is configured.
[INFO ] 2021-02-04 23:37:12,005 [main] FrameworkServlet 'openrdf-http-server': initialization completed in 1045 ms
[INFO ] 2021-02-04 23:40:14,610 [Thread-1] Closing org.springframework.web.context.support.XmlWebApplicationContext@21557e98: display name [WebApplicationContext for namespace 'openrdf-http-server-servlet']; startup date [Thu Feb 04 23:37:10 CET 2021]; root of context hierarchy
[INFO ] 2021-02-04 23:40:14,616 [Thread-1] Destroying singletons in org.springframework.beans.factory.support.DefaultListableBeanFactory@69ff5aca: defining beans [messageSource,adunaAppVersion,adunaAppConfig,adunaWebappNavigation,adunaWebappCommonValuesInserter,adunaWebappMessageInserter,adunaWebappNavigationInserter,filenameViewController,viewResolver,adunaWebappSystemUrlMapping,adunaWebappSystemOverviewController,adunaWebappLoggingOverviewController,adunaWebappSystemInfoController,openrdfRepositoryManager,scopedTarget.openrdfRepositoryInterceptor,openrdfRepositoryInterceptor,openrdfProtocolUrlMapping,openrdfRepositoryListUrlMapping,openrdfRepositoryUrlMapping,openrdfServerHomeUrlMapping,openrdfHandlerExceptionResolver,openrdfProtocolController,openrdfRepositoryListController,openrdfRepositoryController,openrdfRepositoryContextsController,openrdfRepositoryNamespacesController,openrdfRepositoryNamespaceController,openrdfRepositorySizeController,openrdfRepositoryStatementsController,openrdfRepositoryGraphController]; root of factory hierarchy
[INFO ] 2021-02-04 23:40:32,325 [main] Logback logging API implementation is configured.
[INFO ] 2021-02-04 23:40:32,898 [main] FrameworkServlet 'openrdf-http-server': initialization completed in 1083 ms
[INFO ] 2021-02-04 23:40:49,838 [repositories/kiln] POST query -1227659729
[INFO ] 2021-02-04 23:40:50,269 [repositories/kiln] Request for query -1227659729 is finished
[INFO ] 2021-02-04 23:41:12,044 [repositories/kiln] POST query -1227659729
[INFO ] 2021-02-04 23:41:12,091 [repositories/kiln] Request for query -1227659729 is finished
[INFO ] 2021-02-04 23:43:49,831 [Thread-1] Closing org.springframework.web.context.support.XmlWebApplicationContext@21557e98: display name [WebApplicationContext for namespace 'openrdf-http-server-servlet']; startup date [Thu Feb 04 23:40:31 CET 2021]; root of context hierarchy
[INFO ] 2021-02-04 23:43:49,836 [Thread-1] Destroying singletons in org.springframework.beans.factory.support.DefaultListableBeanFactory@69ff5aca: defining beans [messageSource,adunaAppVersion,adunaAppConfig,adunaWebappNavigation,adunaWebappCommonValuesInserter,adunaWebappMessageInserter,adunaWebappNavigationInserter,filenameViewController,viewResolver,adunaWebappSystemUrlMapping,adunaWebappSystemOverviewController,adunaWebappLoggingOverviewController,adunaWebappSystemInfoController,openrdfRepositoryManager,scopedTarget.openrdfRepositoryInterceptor,openrdfRepositoryInterceptor,openrdfProtocolUrlMapping,openrdfRepositoryListUrlMapping,openrdfRepositoryUrlMapping,openrdfServerHomeUrlMapping,openrdfHandlerExceptionResolver,openrdfProtocolController,openrdfRepositoryListController,openrdfRepositoryController,openrdfRepositoryContextsController,openrdfRepositoryNamespacesController,openrdfRepositoryNamespaceController,openrdfRepositorySizeController,openrdfRepositoryStatementsController,openrdfRepositoryGraphController]; root of factory hierarchy
[INFO ] 2021-02-04 23:44:13,525 [main] Logback logging API implementation is configured.
[INFO ] 2021-02-04 23:44:14,442 [main] FrameworkServlet 'openrdf-http-server': initialization completed in 1806 ms
[INFO ] 2021-02-04 23:50:20,375 [repositories/kiln] POST query -1227659729
[INFO ] 2021-02-04 23:50:20,939 [repositories/kiln] Request for query -1227659729 is finished
[INFO ] 2021-02-04 23:50:25,961 [Thread-1] Closing org.springframework.web.context.support.XmlWebApplicationContext@21557e98: display name [WebApplicationContext for namespace 'openrdf-http-server-servlet']; startup date [Thu Feb 04 23:44:12 CET 2021]; root of context hierarchy
[INFO ] 2021-02-04 23:50:25,962 [Thread-1] Destroying singletons in org.springframework.beans.factory.support.DefaultListableBeanFactory@69ff5aca: defining beans [messageSource,adunaAppVersion,adunaAppConfig,adunaWebappNavigation,adunaWebappCommonValuesInserter,adunaWebappMessageInserter,adunaWebappNavigationInserter,filenameViewController,viewResolver,adunaWebappSystemUrlMapping,adunaWebappSystemOverviewController,adunaWebappLoggingOverviewController,adunaWebappSystemInfoController,openrdfRepositoryManager,scopedTarget.openrdfRepositoryInterceptor,openrdfRepositoryInterceptor,openrdfProtocolUrlMapping,openrdfRepositoryListUrlMapping,openrdfRepositoryUrlMapping,openrdfServerHomeUrlMapping,openrdfHandlerExceptionResolver,openrdfProtocolController,openrdfRepositoryListController,openrdfRepositoryController,openrdfRepositoryContextsController,openrdfRepositoryNamespacesController,openrdfRepositoryNamespaceController,openrdfRepositorySizeController,openrdfRepositoryStatementsController,openrdfRepositoryGraphController]; root of factory hierarchy
[INFO ] 2021-02-04 23:50:58,204 [main] Logback logging API implementation is configured.
[INFO ] 2021-02-04 23:50:59,170 [main] FrameworkServlet 'openrdf-http-server': initialization completed in 1859 ms
[INFO ] 2021-02-04 23:51:47,043 [repositories/kiln] POST query -1227659729
[INFO ] 2021-02-04 23:51:47,690 [repositories/kiln] Request for query -1227659729 is finished
[INFO ] 2021-02-04 23:52:58,700 [Thread-1] Closing org.springframework.web.context.support.XmlWebApplicationContext@21557e98: display name [WebApplicationContext for namespace 'openrdf-http-server-servlet']; startup date [Thu Feb 04 23:50:57 CET 2021]; root of context hierarchy
[INFO ] 2021-02-04 23:52:58,704 [Thread-1] Destroying singletons in org.springframework.beans.factory.support.DefaultListableBeanFactory@69ff5aca: defining beans [messageSource,adunaAppVersion,adunaAppConfig,adunaWebappNavigation,adunaWebappCommonValuesInserter,adunaWebappMessageInserter,adunaWebappNavigationInserter,filenameViewController,viewResolver,adunaWebappSystemUrlMapping,adunaWebappSystemOverviewController,adunaWebappLoggingOverviewController,adunaWebappSystemInfoController,openrdfRepositoryManager,scopedTarget.openrdfRepositoryInterceptor,openrdfRepositoryInterceptor,openrdfProtocolUrlMapping,openrdfRepositoryListUrlMapping,openrdfRepositoryUrlMapping,openrdfServerHomeUrlMapping,openrdfHandlerExceptionResolver,openrdfProtocolController,openrdfRepositoryListController,openrdfRepositoryController,openrdfRepositoryContextsController,openrdfRepositoryNamespacesController,openrdfRepositoryNamespaceController,openrdfRepositorySizeController,openrdfRepositoryStatementsController,openrdfRepositoryGraphController]; root of factory hierarchy
[INFO ] 2021-02-04 23:53:36,322 [main] Logback logging API implementation is configured.
[INFO ] 2021-02-04 23:53:38,166 [main] FrameworkServlet 'openrdf-http-server': initialization completed in 3035 ms
[INFO ] 2021-02-04 23:54:42,852 [repositories/kiln] POST query -1227659729
[INFO ] 2021-02-04 23:54:43,290 [repositories/kiln] Request for query -1227659729 is finished
[INFO ] 2021-02-04 23:54:55,954 [Thread-1] Closing org.springframework.web.context.support.XmlWebApplicationContext@21557e98: display name [WebApplicationContext for namespace 'openrdf-http-server-servlet']; startup date [Thu Feb 04 23:53:35 CET 2021]; root of context hierarchy
[INFO ] 2021-02-04 23:54:55,957 [Thread-1] Destroying singletons in org.springframework.beans.factory.support.DefaultListableBeanFactory@69ff5aca: defining beans [messageSource,adunaAppVersion,adunaAppConfig,adunaWebappNavigation,adunaWebappCommonValuesInserter,adunaWebappMessageInserter,adunaWebappNavigationInserter,filenameViewController,viewResolver,adunaWebappSystemUrlMapping,adunaWebappSystemOverviewController,adunaWebappLoggingOverviewController,adunaWebappSystemInfoController,openrdfRepositoryManager,scopedTarget.openrdfRepositoryInterceptor,openrdfRepositoryInterceptor,openrdfProtocolUrlMapping,openrdfRepositoryListUrlMapping,openrdfRepositoryUrlMapping,openrdfServerHomeUrlMapping,openrdfHandlerExceptionResolver,openrdfProtocolController,openrdfRepositoryListController,openrdfRepositoryController,openrdfRepositoryContextsController,openrdfRepositoryNamespacesController,openrdfRepositoryNamespaceController,openrdfRepositorySizeController,openrdfRepositoryStatementsController,openrdfRepositoryGraphController]; root of factory hierarchy
