[INFO ] 2021-02-10 15:20:27,440 [main] Logback logging API implementation is configured.
[INFO ] 2021-02-10 15:20:28,272 [main] FrameworkServlet 'openrdf-http-server': initialization completed in 1561 ms
[INFO ] 2021-02-10 15:25:37,813 [repositories/kiln] POST transaction to repository
[WARN ] 2021-02-10 15:25:37,821 [repositories/kiln] Class org.apache.xerces.parsers.SAXParser not found
[INFO ] 2021-02-10 15:25:37,916 [repositories/kiln] POST data to repository
[INFO ] 2021-02-10 15:25:37,939 [repositories/kiln] no base URI specified, using dummy 'foo:bar'
[WARN ] 2021-02-10 15:25:37,958 [repositories/kiln] Class org.apache.xerces.parsers.SAXParser not found
[INFO ] 2021-02-10 15:25:37,979 [repositories/kiln] POST transaction to repository
[WARN ] 2021-02-10 15:25:37,979 [repositories/kiln] Class org.apache.xerces.parsers.SAXParser not found
[INFO ] 2021-02-10 15:25:37,998 [repositories/kiln] POST data to repository
[INFO ] 2021-02-10 15:25:37,998 [repositories/kiln] no base URI specified, using dummy 'foo:bar'
[WARN ] 2021-02-10 15:25:37,999 [repositories/kiln] Class org.apache.xerces.parsers.SAXParser not found
[INFO ] 2021-02-10 15:25:38,022 [repositories/kiln] POST transaction to repository
[WARN ] 2021-02-10 15:25:38,023 [repositories/kiln] Class org.apache.xerces.parsers.SAXParser not found
[INFO ] 2021-02-10 15:25:38,045 [repositories/kiln] POST data to repository
[INFO ] 2021-02-10 15:25:38,045 [repositories/kiln] no base URI specified, using dummy 'foo:bar'
[WARN ] 2021-02-10 15:25:38,046 [repositories/kiln] Class org.apache.xerces.parsers.SAXParser not found
[INFO ] 2021-02-10 15:25:38,066 [repositories/kiln] POST transaction to repository
[WARN ] 2021-02-10 15:25:38,067 [repositories/kiln] Class org.apache.xerces.parsers.SAXParser not found
[INFO ] 2021-02-10 15:25:38,092 [repositories/kiln] POST data to repository
[INFO ] 2021-02-10 15:25:38,093 [repositories/kiln] no base URI specified, using dummy 'foo:bar'
[WARN ] 2021-02-10 15:25:38,093 [repositories/kiln] Class org.apache.xerces.parsers.SAXParser not found
[INFO ] 2021-02-10 15:25:38,115 [repositories/kiln] POST transaction to repository
[WARN ] 2021-02-10 15:25:38,116 [repositories/kiln] Class org.apache.xerces.parsers.SAXParser not found
[INFO ] 2021-02-10 15:25:38,135 [repositories/kiln] POST data to repository
[INFO ] 2021-02-10 15:25:38,135 [repositories/kiln] no base URI specified, using dummy 'foo:bar'
[WARN ] 2021-02-10 15:25:38,136 [repositories/kiln] Class org.apache.xerces.parsers.SAXParser not found
[INFO ] 2021-02-10 15:25:38,156 [repositories/kiln] POST transaction to repository
[WARN ] 2021-02-10 15:25:38,156 [repositories/kiln] Class org.apache.xerces.parsers.SAXParser not found
[INFO ] 2021-02-10 15:25:38,177 [repositories/kiln] POST data to repository
[INFO ] 2021-02-10 15:25:38,177 [repositories/kiln] no base URI specified, using dummy 'foo:bar'
[WARN ] 2021-02-10 15:25:38,178 [repositories/kiln] Class org.apache.xerces.parsers.SAXParser not found
[INFO ] 2021-02-10 15:25:38,197 [repositories/kiln] POST transaction to repository
[WARN ] 2021-02-10 15:25:38,198 [repositories/kiln] Class org.apache.xerces.parsers.SAXParser not found
[INFO ] 2021-02-10 15:25:38,220 [repositories/kiln] POST data to repository
[INFO ] 2021-02-10 15:25:38,221 [repositories/kiln] no base URI specified, using dummy 'foo:bar'
[WARN ] 2021-02-10 15:25:38,222 [repositories/kiln] Class org.apache.xerces.parsers.SAXParser not found
[INFO ] 2021-02-10 15:25:38,238 [repositories/kiln] POST transaction to repository
[WARN ] 2021-02-10 15:25:38,239 [repositories/kiln] Class org.apache.xerces.parsers.SAXParser not found
[INFO ] 2021-02-10 15:25:38,260 [repositories/kiln] POST data to repository
[INFO ] 2021-02-10 15:25:38,261 [repositories/kiln] no base URI specified, using dummy 'foo:bar'
[WARN ] 2021-02-10 15:25:38,261 [repositories/kiln] Class org.apache.xerces.parsers.SAXParser not found
[INFO ] 2021-02-10 15:25:38,290 [repositories/kiln] POST transaction to repository
[WARN ] 2021-02-10 15:25:38,291 [repositories/kiln] Class org.apache.xerces.parsers.SAXParser not found
[INFO ] 2021-02-10 15:25:38,315 [repositories/kiln] POST data to repository
[INFO ] 2021-02-10 15:25:38,315 [repositories/kiln] no base URI specified, using dummy 'foo:bar'
[WARN ] 2021-02-10 15:25:38,316 [repositories/kiln] Class org.apache.xerces.parsers.SAXParser not found
[INFO ] 2021-02-10 15:25:38,337 [repositories/kiln] POST transaction to repository
[WARN ] 2021-02-10 15:25:38,337 [repositories/kiln] Class org.apache.xerces.parsers.SAXParser not found
[INFO ] 2021-02-10 15:25:38,354 [repositories/kiln] POST data to repository
[INFO ] 2021-02-10 15:25:38,354 [repositories/kiln] no base URI specified, using dummy 'foo:bar'
[WARN ] 2021-02-10 15:25:38,355 [repositories/kiln] Class org.apache.xerces.parsers.SAXParser not found
[INFO ] 2021-02-10 15:25:38,374 [repositories/kiln] POST transaction to repository
[WARN ] 2021-02-10 15:25:38,374 [repositories/kiln] Class org.apache.xerces.parsers.SAXParser not found
[INFO ] 2021-02-10 15:25:38,392 [repositories/kiln] POST data to repository
[INFO ] 2021-02-10 15:25:38,393 [repositories/kiln] no base URI specified, using dummy 'foo:bar'
[WARN ] 2021-02-10 15:25:38,394 [repositories/kiln] Class org.apache.xerces.parsers.SAXParser not found
[INFO ] 2021-02-10 15:25:38,411 [repositories/kiln] POST transaction to repository
[WARN ] 2021-02-10 15:25:38,412 [repositories/kiln] Class org.apache.xerces.parsers.SAXParser not found
[INFO ] 2021-02-10 15:25:38,430 [repositories/kiln] POST data to repository
[INFO ] 2021-02-10 15:25:38,431 [repositories/kiln] no base URI specified, using dummy 'foo:bar'
[WARN ] 2021-02-10 15:25:38,432 [repositories/kiln] Class org.apache.xerces.parsers.SAXParser not found
[INFO ] 2021-02-10 15:25:38,449 [repositories/kiln] POST transaction to repository
[WARN ] 2021-02-10 15:25:38,450 [repositories/kiln] Class org.apache.xerces.parsers.SAXParser not found
[INFO ] 2021-02-10 15:25:38,469 [repositories/kiln] POST data to repository
[INFO ] 2021-02-10 15:25:38,469 [repositories/kiln] no base URI specified, using dummy 'foo:bar'
[WARN ] 2021-02-10 15:25:38,469 [repositories/kiln] Class org.apache.xerces.parsers.SAXParser not found
[INFO ] 2021-02-10 15:25:38,499 [repositories/kiln] POST transaction to repository
[WARN ] 2021-02-10 15:25:38,500 [repositories/kiln] Class org.apache.xerces.parsers.SAXParser not found
[INFO ] 2021-02-10 15:25:38,522 [repositories/kiln] POST data to repository
[INFO ] 2021-02-10 15:25:38,522 [repositories/kiln] no base URI specified, using dummy 'foo:bar'
[WARN ] 2021-02-10 15:25:38,523 [repositories/kiln] Class org.apache.xerces.parsers.SAXParser not found
[INFO ] 2021-02-10 15:25:38,544 [repositories/kiln] POST transaction to repository
[WARN ] 2021-02-10 15:25:38,544 [repositories/kiln] Class org.apache.xerces.parsers.SAXParser not found
[INFO ] 2021-02-10 15:25:38,567 [repositories/kiln] POST data to repository
[INFO ] 2021-02-10 15:25:38,567 [repositories/kiln] no base URI specified, using dummy 'foo:bar'
[WARN ] 2021-02-10 15:25:38,568 [repositories/kiln] Class org.apache.xerces.parsers.SAXParser not found
[INFO ] 2021-02-10 15:25:38,586 [repositories/kiln] POST transaction to repository
[WARN ] 2021-02-10 15:25:38,587 [repositories/kiln] Class org.apache.xerces.parsers.SAXParser not found
[INFO ] 2021-02-10 15:25:38,608 [repositories/kiln] POST data to repository
[INFO ] 2021-02-10 15:25:38,609 [repositories/kiln] no base URI specified, using dummy 'foo:bar'
[WARN ] 2021-02-10 15:25:38,610 [repositories/kiln] Class org.apache.xerces.parsers.SAXParser not found
[INFO ] 2021-02-10 15:25:38,628 [repositories/kiln] POST transaction to repository
[WARN ] 2021-02-10 15:25:38,629 [repositories/kiln] Class org.apache.xerces.parsers.SAXParser not found
[INFO ] 2021-02-10 15:25:38,651 [repositories/kiln] POST data to repository
[INFO ] 2021-02-10 15:25:38,651 [repositories/kiln] no base URI specified, using dummy 'foo:bar'
[WARN ] 2021-02-10 15:25:38,652 [repositories/kiln] Class org.apache.xerces.parsers.SAXParser not found
[INFO ] 2021-02-10 15:25:38,674 [repositories/kiln] POST transaction to repository
[WARN ] 2021-02-10 15:25:38,674 [repositories/kiln] Class org.apache.xerces.parsers.SAXParser not found
[INFO ] 2021-02-10 15:25:38,693 [repositories/kiln] POST data to repository
[INFO ] 2021-02-10 15:25:38,693 [repositories/kiln] no base URI specified, using dummy 'foo:bar'
[WARN ] 2021-02-10 15:25:38,694 [repositories/kiln] Class org.apache.xerces.parsers.SAXParser not found
[INFO ] 2021-02-10 15:25:38,712 [repositories/kiln] POST transaction to repository
[WARN ] 2021-02-10 15:25:38,712 [repositories/kiln] Class org.apache.xerces.parsers.SAXParser not found
[INFO ] 2021-02-10 15:25:38,731 [repositories/kiln] POST data to repository
[INFO ] 2021-02-10 15:25:38,731 [repositories/kiln] no base URI specified, using dummy 'foo:bar'
[WARN ] 2021-02-10 15:25:38,732 [repositories/kiln] Class org.apache.xerces.parsers.SAXParser not found
[INFO ] 2021-02-10 15:25:38,750 [repositories/kiln] POST transaction to repository
[WARN ] 2021-02-10 15:25:38,751 [repositories/kiln] Class org.apache.xerces.parsers.SAXParser not found
[INFO ] 2021-02-10 15:25:38,769 [repositories/kiln] POST data to repository
[INFO ] 2021-02-10 15:25:38,769 [repositories/kiln] no base URI specified, using dummy 'foo:bar'
[WARN ] 2021-02-10 15:25:38,770 [repositories/kiln] Class org.apache.xerces.parsers.SAXParser not found
[INFO ] 2021-02-10 15:25:38,788 [repositories/kiln] POST transaction to repository
[WARN ] 2021-02-10 15:25:38,789 [repositories/kiln] Class org.apache.xerces.parsers.SAXParser not found
[INFO ] 2021-02-10 15:25:38,805 [repositories/kiln] POST data to repository
[INFO ] 2021-02-10 15:25:38,805 [repositories/kiln] no base URI specified, using dummy 'foo:bar'
[WARN ] 2021-02-10 15:25:38,806 [repositories/kiln] Class org.apache.xerces.parsers.SAXParser not found
[INFO ] 2021-02-10 15:25:38,826 [repositories/kiln] POST transaction to repository
[WARN ] 2021-02-10 15:25:38,827 [repositories/kiln] Class org.apache.xerces.parsers.SAXParser not found
[INFO ] 2021-02-10 15:25:38,842 [repositories/kiln] POST data to repository
[INFO ] 2021-02-10 15:25:38,842 [repositories/kiln] no base URI specified, using dummy 'foo:bar'
[WARN ] 2021-02-10 15:25:38,843 [repositories/kiln] Class org.apache.xerces.parsers.SAXParser not found
[INFO ] 2021-02-10 15:25:38,862 [repositories/kiln] POST transaction to repository
[WARN ] 2021-02-10 15:25:38,862 [repositories/kiln] Class org.apache.xerces.parsers.SAXParser not found
[INFO ] 2021-02-10 15:25:38,881 [repositories/kiln] POST data to repository
[INFO ] 2021-02-10 15:25:38,881 [repositories/kiln] no base URI specified, using dummy 'foo:bar'
[WARN ] 2021-02-10 15:25:38,882 [repositories/kiln] Class org.apache.xerces.parsers.SAXParser not found
[INFO ] 2021-02-10 15:25:38,900 [repositories/kiln] POST transaction to repository
[WARN ] 2021-02-10 15:25:38,900 [repositories/kiln] Class org.apache.xerces.parsers.SAXParser not found
[INFO ] 2021-02-10 15:25:38,918 [repositories/kiln] POST data to repository
[INFO ] 2021-02-10 15:25:38,918 [repositories/kiln] no base URI specified, using dummy 'foo:bar'
[WARN ] 2021-02-10 15:25:38,919 [repositories/kiln] Class org.apache.xerces.parsers.SAXParser not found
[INFO ] 2021-02-10 15:25:38,930 [repositories/kiln] POST transaction to repository
[WARN ] 2021-02-10 15:25:38,931 [repositories/kiln] Class org.apache.xerces.parsers.SAXParser not found
[INFO ] 2021-02-10 15:25:38,947 [repositories/kiln] POST data to repository
[INFO ] 2021-02-10 15:25:38,948 [repositories/kiln] no base URI specified, using dummy 'foo:bar'
[WARN ] 2021-02-10 15:25:38,949 [repositories/kiln] Class org.apache.xerces.parsers.SAXParser not found
[INFO ] 2021-02-10 15:25:38,964 [repositories/kiln] POST transaction to repository
[WARN ] 2021-02-10 15:25:38,965 [repositories/kiln] Class org.apache.xerces.parsers.SAXParser not found
[INFO ] 2021-02-10 15:25:38,984 [repositories/kiln] POST data to repository
[INFO ] 2021-02-10 15:25:38,984 [repositories/kiln] no base URI specified, using dummy 'foo:bar'
[WARN ] 2021-02-10 15:25:38,985 [repositories/kiln] Class org.apache.xerces.parsers.SAXParser not found
[INFO ] 2021-02-10 15:25:39,000 [repositories/kiln] POST transaction to repository
[WARN ] 2021-02-10 15:25:39,000 [repositories/kiln] Class org.apache.xerces.parsers.SAXParser not found
[INFO ] 2021-02-10 15:25:39,017 [repositories/kiln] POST data to repository
[INFO ] 2021-02-10 15:25:39,018 [repositories/kiln] no base URI specified, using dummy 'foo:bar'
[WARN ] 2021-02-10 15:25:39,018 [repositories/kiln] Class org.apache.xerces.parsers.SAXParser not found
[INFO ] 2021-02-10 15:25:39,034 [repositories/kiln] POST transaction to repository
[WARN ] 2021-02-10 15:25:39,034 [repositories/kiln] Class org.apache.xerces.parsers.SAXParser not found
[INFO ] 2021-02-10 15:25:39,049 [repositories/kiln] POST data to repository
[INFO ] 2021-02-10 15:25:39,049 [repositories/kiln] no base URI specified, using dummy 'foo:bar'
[WARN ] 2021-02-10 15:25:39,050 [repositories/kiln] Class org.apache.xerces.parsers.SAXParser not found
[INFO ] 2021-02-10 15:25:39,065 [repositories/kiln] POST transaction to repository
[WARN ] 2021-02-10 15:25:39,066 [repositories/kiln] Class org.apache.xerces.parsers.SAXParser not found
[INFO ] 2021-02-10 15:25:39,081 [repositories/kiln] POST data to repository
[INFO ] 2021-02-10 15:25:39,081 [repositories/kiln] no base URI specified, using dummy 'foo:bar'
[WARN ] 2021-02-10 15:25:39,082 [repositories/kiln] Class org.apache.xerces.parsers.SAXParser not found
[INFO ] 2021-02-10 15:25:39,097 [repositories/kiln] POST transaction to repository
[WARN ] 2021-02-10 15:25:39,097 [repositories/kiln] Class org.apache.xerces.parsers.SAXParser not found
[INFO ] 2021-02-10 15:25:39,113 [repositories/kiln] POST data to repository
[INFO ] 2021-02-10 15:25:39,113 [repositories/kiln] no base URI specified, using dummy 'foo:bar'
[WARN ] 2021-02-10 15:25:39,114 [repositories/kiln] Class org.apache.xerces.parsers.SAXParser not found
[INFO ] 2021-02-10 15:25:39,129 [repositories/kiln] POST transaction to repository
[WARN ] 2021-02-10 15:25:39,129 [repositories/kiln] Class org.apache.xerces.parsers.SAXParser not found
[INFO ] 2021-02-10 15:25:39,145 [repositories/kiln] POST data to repository
[INFO ] 2021-02-10 15:25:39,145 [repositories/kiln] no base URI specified, using dummy 'foo:bar'
[WARN ] 2021-02-10 15:25:39,145 [repositories/kiln] Class org.apache.xerces.parsers.SAXParser not found
[INFO ] 2021-02-10 15:25:39,160 [repositories/kiln] POST transaction to repository
[WARN ] 2021-02-10 15:25:39,160 [repositories/kiln] Class org.apache.xerces.parsers.SAXParser not found
[INFO ] 2021-02-10 15:25:39,173 [repositories/kiln] POST data to repository
[INFO ] 2021-02-10 15:25:39,173 [repositories/kiln] no base URI specified, using dummy 'foo:bar'
[WARN ] 2021-02-10 15:25:39,174 [repositories/kiln] Class org.apache.xerces.parsers.SAXParser not found
[INFO ] 2021-02-10 15:25:39,188 [repositories/kiln] POST transaction to repository
[WARN ] 2021-02-10 15:25:39,188 [repositories/kiln] Class org.apache.xerces.parsers.SAXParser not found
[INFO ] 2021-02-10 15:25:39,974 [repositories/kiln] POST data to repository
[INFO ] 2021-02-10 15:25:39,974 [repositories/kiln] no base URI specified, using dummy 'foo:bar'
[WARN ] 2021-02-10 15:25:39,975 [repositories/kiln] Class org.apache.xerces.parsers.SAXParser not found
[INFO ] 2021-02-10 15:25:40,190 [repositories/kiln] POST transaction to repository
[WARN ] 2021-02-10 15:25:40,190 [repositories/kiln] Class org.apache.xerces.parsers.SAXParser not found
[INFO ] 2021-02-10 15:25:40,207 [repositories/kiln] POST data to repository
[INFO ] 2021-02-10 15:25:40,207 [repositories/kiln] no base URI specified, using dummy 'foo:bar'
[WARN ] 2021-02-10 15:25:40,208 [repositories/kiln] Class org.apache.xerces.parsers.SAXParser not found
[INFO ] 2021-02-10 15:25:40,225 [repositories/kiln] POST transaction to repository
[WARN ] 2021-02-10 15:25:40,226 [repositories/kiln] Class org.apache.xerces.parsers.SAXParser not found
[INFO ] 2021-02-10 15:25:40,241 [repositories/kiln] POST data to repository
[INFO ] 2021-02-10 15:25:40,241 [repositories/kiln] no base URI specified, using dummy 'foo:bar'
[WARN ] 2021-02-10 15:25:40,242 [repositories/kiln] Class org.apache.xerces.parsers.SAXParser not found
[INFO ] 2021-02-10 15:25:40,260 [repositories/kiln] POST transaction to repository
[WARN ] 2021-02-10 15:25:40,260 [repositories/kiln] Class org.apache.xerces.parsers.SAXParser not found
[INFO ] 2021-02-10 15:25:40,276 [repositories/kiln] POST data to repository
[INFO ] 2021-02-10 15:25:40,276 [repositories/kiln] no base URI specified, using dummy 'foo:bar'
[WARN ] 2021-02-10 15:25:40,277 [repositories/kiln] Class org.apache.xerces.parsers.SAXParser not found
[INFO ] 2021-02-10 15:25:40,292 [repositories/kiln] POST transaction to repository
[WARN ] 2021-02-10 15:25:40,292 [repositories/kiln] Class org.apache.xerces.parsers.SAXParser not found
[INFO ] 2021-02-10 15:25:40,309 [repositories/kiln] POST data to repository
[INFO ] 2021-02-10 15:25:40,309 [repositories/kiln] no base URI specified, using dummy 'foo:bar'
[WARN ] 2021-02-10 15:25:40,310 [repositories/kiln] Class org.apache.xerces.parsers.SAXParser not found
[INFO ] 2021-02-10 15:25:40,327 [repositories/kiln] POST transaction to repository
[WARN ] 2021-02-10 15:25:40,328 [repositories/kiln] Class org.apache.xerces.parsers.SAXParser not found
[INFO ] 2021-02-10 15:25:40,340 [repositories/kiln] POST data to repository
[INFO ] 2021-02-10 15:25:40,340 [repositories/kiln] no base URI specified, using dummy 'foo:bar'
[WARN ] 2021-02-10 15:25:40,341 [repositories/kiln] Class org.apache.xerces.parsers.SAXParser not found
[INFO ] 2021-02-10 15:25:40,357 [repositories/kiln] POST transaction to repository
[WARN ] 2021-02-10 15:25:40,358 [repositories/kiln] Class org.apache.xerces.parsers.SAXParser not found
[INFO ] 2021-02-10 15:25:40,383 [repositories/kiln] POST data to repository
[INFO ] 2021-02-10 15:25:40,384 [repositories/kiln] no base URI specified, using dummy 'foo:bar'
[WARN ] 2021-02-10 15:25:40,385 [repositories/kiln] Class org.apache.xerces.parsers.SAXParser not found
[INFO ] 2021-02-10 15:25:52,358 [Thread-1] Closing org.springframework.web.context.support.XmlWebApplicationContext@21557e98: display name [WebApplicationContext for namespace 'openrdf-http-server-servlet']; startup date [Wed Feb 10 15:20:26 CET 2021]; root of context hierarchy
[INFO ] 2021-02-10 15:25:52,360 [Thread-1] Destroying singletons in org.springframework.beans.factory.support.DefaultListableBeanFactory@69ff5aca: defining beans [messageSource,adunaAppVersion,adunaAppConfig,adunaWebappNavigation,adunaWebappCommonValuesInserter,adunaWebappMessageInserter,adunaWebappNavigationInserter,filenameViewController,viewResolver,adunaWebappSystemUrlMapping,adunaWebappSystemOverviewController,adunaWebappLoggingOverviewController,adunaWebappSystemInfoController,openrdfRepositoryManager,scopedTarget.openrdfRepositoryInterceptor,openrdfRepositoryInterceptor,openrdfProtocolUrlMapping,openrdfRepositoryListUrlMapping,openrdfRepositoryUrlMapping,openrdfServerHomeUrlMapping,openrdfHandlerExceptionResolver,openrdfProtocolController,openrdfRepositoryListController,openrdfRepositoryController,openrdfRepositoryContextsController,openrdfRepositoryNamespacesController,openrdfRepositoryNamespaceController,openrdfRepositorySizeController,openrdfRepositoryStatementsController,openrdfRepositoryGraphController]; root of factory hierarchy
