[INFO ] 2021-01-23 16:27:58,895 [main] Logback logging API implementation is configured.
[INFO ] 2021-01-23 16:27:59,661 [main] FrameworkServlet 'openrdf-http-server': initialization completed in 1478 ms
[INFO ] 2021-01-23 16:28:23,298 [repositories/SYSTEM] GET statements
[INFO ] 2021-01-23 16:28:23,762 [qtp2082351774-41] Request for query 3392903 is finished
[INFO ] 2021-01-23 16:28:33,148 [repositories/SYSTEM] GET statements
[INFO ] 2021-01-23 16:28:33,276 [repositories/SYSTEM] GET statements
[INFO ] 2021-01-23 16:28:33,293 [repositories/SYSTEM] POST transaction to repository
[WARN ] 2021-01-23 16:28:33,298 [repositories/SYSTEM] Class org.apache.xerces.parsers.SAXParser not found
[INFO ] 2021-01-23 16:28:33,345 [repositories/SYSTEM] GET statements
[INFO ] 2021-01-23 16:28:33,355 [qtp2082351774-24] Request for query 3392903 is finished
[INFO ] 2021-01-23 16:28:33,650 [repositories/SYSTEM] GET statements
[INFO ] 2021-01-23 16:28:38,304 [repositories/kiln] POST transaction to repository
[WARN ] 2021-01-23 16:28:38,308 [repositories/kiln] Class org.apache.xerces.parsers.SAXParser not found
[INFO ] 2021-01-23 16:28:38,360 [repositories/kiln] POST data to repository
[INFO ] 2021-01-23 16:28:38,373 [repositories/kiln] no base URI specified, using dummy 'foo:bar'
[WARN ] 2021-01-23 16:28:38,395 [repositories/kiln] Class org.apache.xerces.parsers.SAXParser not found
[INFO ] 2021-01-23 16:28:38,502 [repositories/kiln] POST transaction to repository
[WARN ] 2021-01-23 16:28:38,503 [repositories/kiln] Class org.apache.xerces.parsers.SAXParser not found
[INFO ] 2021-01-23 16:28:38,566 [repositories/kiln] POST data to repository
[INFO ] 2021-01-23 16:28:38,566 [repositories/kiln] no base URI specified, using dummy 'foo:bar'
[WARN ] 2021-01-23 16:28:38,567 [repositories/kiln] Class org.apache.xerces.parsers.SAXParser not found
[INFO ] 2021-01-23 16:28:38,718 [repositories/kiln] POST transaction to repository
[WARN ] 2021-01-23 16:28:38,719 [repositories/kiln] Class org.apache.xerces.parsers.SAXParser not found
[INFO ] 2021-01-23 16:28:38,751 [repositories/kiln] POST data to repository
[INFO ] 2021-01-23 16:28:38,751 [repositories/kiln] no base URI specified, using dummy 'foo:bar'
[WARN ] 2021-01-23 16:28:38,752 [repositories/kiln] Class org.apache.xerces.parsers.SAXParser not found
[INFO ] 2021-01-23 16:28:38,848 [repositories/kiln] POST transaction to repository
[WARN ] 2021-01-23 16:28:38,849 [repositories/kiln] Class org.apache.xerces.parsers.SAXParser not found
[INFO ] 2021-01-23 16:28:38,903 [repositories/kiln] POST data to repository
[INFO ] 2021-01-23 16:28:38,903 [repositories/kiln] no base URI specified, using dummy 'foo:bar'
[WARN ] 2021-01-23 16:28:38,903 [repositories/kiln] Class org.apache.xerces.parsers.SAXParser not found
[INFO ] 2021-01-23 16:28:39,083 [repositories/kiln] POST transaction to repository
[WARN ] 2021-01-23 16:28:39,083 [repositories/kiln] Class org.apache.xerces.parsers.SAXParser not found
[INFO ] 2021-01-23 16:28:39,111 [repositories/kiln] POST data to repository
[INFO ] 2021-01-23 16:28:39,111 [repositories/kiln] no base URI specified, using dummy 'foo:bar'
[WARN ] 2021-01-23 16:28:39,112 [repositories/kiln] Class org.apache.xerces.parsers.SAXParser not found
[INFO ] 2021-01-23 16:28:39,245 [repositories/kiln] POST transaction to repository
[WARN ] 2021-01-23 16:28:39,246 [repositories/kiln] Class org.apache.xerces.parsers.SAXParser not found
[INFO ] 2021-01-23 16:28:39,263 [repositories/kiln] POST data to repository
[INFO ] 2021-01-23 16:28:39,264 [repositories/kiln] no base URI specified, using dummy 'foo:bar'
[WARN ] 2021-01-23 16:28:39,265 [repositories/kiln] Class org.apache.xerces.parsers.SAXParser not found
[INFO ] 2021-01-23 16:28:39,393 [repositories/kiln] POST transaction to repository
[WARN ] 2021-01-23 16:28:39,393 [repositories/kiln] Class org.apache.xerces.parsers.SAXParser not found
[INFO ] 2021-01-23 16:28:39,431 [repositories/kiln] POST data to repository
[INFO ] 2021-01-23 16:28:39,431 [repositories/kiln] no base URI specified, using dummy 'foo:bar'
[WARN ] 2021-01-23 16:28:39,432 [repositories/kiln] Class org.apache.xerces.parsers.SAXParser not found
[INFO ] 2021-01-23 16:28:39,600 [repositories/kiln] POST transaction to repository
[WARN ] 2021-01-23 16:28:39,601 [repositories/kiln] Class org.apache.xerces.parsers.SAXParser not found
[INFO ] 2021-01-23 16:28:39,620 [repositories/kiln] POST data to repository
[INFO ] 2021-01-23 16:28:39,621 [repositories/kiln] no base URI specified, using dummy 'foo:bar'
[WARN ] 2021-01-23 16:28:39,621 [repositories/kiln] Class org.apache.xerces.parsers.SAXParser not found
[INFO ] 2021-01-23 16:28:39,745 [repositories/kiln] POST transaction to repository
[WARN ] 2021-01-23 16:28:39,746 [repositories/kiln] Class org.apache.xerces.parsers.SAXParser not found
[INFO ] 2021-01-23 16:28:39,773 [repositories/kiln] POST data to repository
[INFO ] 2021-01-23 16:28:39,773 [repositories/kiln] no base URI specified, using dummy 'foo:bar'
[WARN ] 2021-01-23 16:28:39,774 [repositories/kiln] Class org.apache.xerces.parsers.SAXParser not found
[INFO ] 2021-01-23 16:28:39,913 [repositories/kiln] POST transaction to repository
[WARN ] 2021-01-23 16:28:39,913 [repositories/kiln] Class org.apache.xerces.parsers.SAXParser not found
[INFO ] 2021-01-23 16:28:39,944 [repositories/kiln] POST data to repository
[INFO ] 2021-01-23 16:28:39,944 [repositories/kiln] no base URI specified, using dummy 'foo:bar'
[WARN ] 2021-01-23 16:28:39,945 [repositories/kiln] Class org.apache.xerces.parsers.SAXParser not found
[INFO ] 2021-01-23 16:28:40,114 [repositories/kiln] POST transaction to repository
[WARN ] 2021-01-23 16:28:40,115 [repositories/kiln] Class org.apache.xerces.parsers.SAXParser not found
[INFO ] 2021-01-23 16:28:40,146 [repositories/kiln] POST data to repository
[INFO ] 2021-01-23 16:28:40,146 [repositories/kiln] no base URI specified, using dummy 'foo:bar'
[WARN ] 2021-01-23 16:28:40,147 [repositories/kiln] Class org.apache.xerces.parsers.SAXParser not found
[INFO ] 2021-01-23 16:28:40,336 [repositories/kiln] POST transaction to repository
[WARN ] 2021-01-23 16:28:40,336 [repositories/kiln] Class org.apache.xerces.parsers.SAXParser not found
[INFO ] 2021-01-23 16:28:40,352 [repositories/kiln] POST data to repository
[INFO ] 2021-01-23 16:28:40,352 [repositories/kiln] no base URI specified, using dummy 'foo:bar'
[WARN ] 2021-01-23 16:28:40,353 [repositories/kiln] Class org.apache.xerces.parsers.SAXParser not found
[INFO ] 2021-01-23 16:28:40,541 [repositories/kiln] POST transaction to repository
[WARN ] 2021-01-23 16:28:40,541 [repositories/kiln] Class org.apache.xerces.parsers.SAXParser not found
[INFO ] 2021-01-23 16:28:40,561 [repositories/kiln] POST data to repository
[INFO ] 2021-01-23 16:28:40,561 [repositories/kiln] no base URI specified, using dummy 'foo:bar'
[WARN ] 2021-01-23 16:28:40,562 [repositories/kiln] Class org.apache.xerces.parsers.SAXParser not found
[INFO ] 2021-01-23 16:28:40,580 [repositories/kiln] POST transaction to repository
[WARN ] 2021-01-23 16:28:40,581 [repositories/kiln] Class org.apache.xerces.parsers.SAXParser not found
[INFO ] 2021-01-23 16:28:40,601 [repositories/kiln] POST data to repository
[INFO ] 2021-01-23 16:28:40,602 [repositories/kiln] no base URI specified, using dummy 'foo:bar'
[WARN ] 2021-01-23 16:28:40,602 [repositories/kiln] Class org.apache.xerces.parsers.SAXParser not found
[INFO ] 2021-01-23 16:28:40,616 [repositories/kiln] POST transaction to repository
[WARN ] 2021-01-23 16:28:40,617 [repositories/kiln] Class org.apache.xerces.parsers.SAXParser not found
[INFO ] 2021-01-23 16:28:40,631 [repositories/kiln] POST data to repository
[INFO ] 2021-01-23 16:28:40,631 [repositories/kiln] no base URI specified, using dummy 'foo:bar'
[WARN ] 2021-01-23 16:28:40,632 [repositories/kiln] Class org.apache.xerces.parsers.SAXParser not found
[INFO ] 2021-01-23 16:28:40,647 [repositories/kiln] POST transaction to repository
[WARN ] 2021-01-23 16:28:40,648 [repositories/kiln] Class org.apache.xerces.parsers.SAXParser not found
[INFO ] 2021-01-23 16:28:40,669 [repositories/kiln] POST data to repository
[INFO ] 2021-01-23 16:28:40,669 [repositories/kiln] no base URI specified, using dummy 'foo:bar'
[WARN ] 2021-01-23 16:28:40,669 [repositories/kiln] Class org.apache.xerces.parsers.SAXParser not found
[INFO ] 2021-01-23 16:28:40,689 [repositories/kiln] POST transaction to repository
[WARN ] 2021-01-23 16:28:40,690 [repositories/kiln] Class org.apache.xerces.parsers.SAXParser not found
[INFO ] 2021-01-23 16:28:40,712 [repositories/kiln] POST data to repository
[INFO ] 2021-01-23 16:28:40,713 [repositories/kiln] no base URI specified, using dummy 'foo:bar'
[WARN ] 2021-01-23 16:28:40,714 [repositories/kiln] Class org.apache.xerces.parsers.SAXParser not found
[INFO ] 2021-01-23 16:28:40,736 [repositories/kiln] POST transaction to repository
[WARN ] 2021-01-23 16:28:40,736 [repositories/kiln] Class org.apache.xerces.parsers.SAXParser not found
[INFO ] 2021-01-23 16:28:40,760 [repositories/kiln] POST data to repository
[INFO ] 2021-01-23 16:28:40,760 [repositories/kiln] no base URI specified, using dummy 'foo:bar'
[WARN ] 2021-01-23 16:28:40,760 [repositories/kiln] Class org.apache.xerces.parsers.SAXParser not found
[INFO ] 2021-01-23 16:28:40,775 [repositories/kiln] POST transaction to repository
[WARN ] 2021-01-23 16:28:40,776 [repositories/kiln] Class org.apache.xerces.parsers.SAXParser not found
[INFO ] 2021-01-23 16:28:40,801 [repositories/kiln] POST data to repository
[INFO ] 2021-01-23 16:28:40,802 [repositories/kiln] no base URI specified, using dummy 'foo:bar'
[WARN ] 2021-01-23 16:28:40,802 [repositories/kiln] Class org.apache.xerces.parsers.SAXParser not found
[INFO ] 2021-01-23 16:28:40,818 [repositories/kiln] POST transaction to repository
[WARN ] 2021-01-23 16:28:40,819 [repositories/kiln] Class org.apache.xerces.parsers.SAXParser not found
[INFO ] 2021-01-23 16:28:40,838 [repositories/kiln] POST data to repository
[INFO ] 2021-01-23 16:28:40,838 [repositories/kiln] no base URI specified, using dummy 'foo:bar'
[WARN ] 2021-01-23 16:28:40,839 [repositories/kiln] Class org.apache.xerces.parsers.SAXParser not found
[INFO ] 2021-01-23 16:28:40,856 [repositories/kiln] POST transaction to repository
[WARN ] 2021-01-23 16:28:40,856 [repositories/kiln] Class org.apache.xerces.parsers.SAXParser not found
[INFO ] 2021-01-23 16:28:40,879 [repositories/kiln] POST data to repository
[INFO ] 2021-01-23 16:28:40,879 [repositories/kiln] no base URI specified, using dummy 'foo:bar'
[WARN ] 2021-01-23 16:28:40,880 [repositories/kiln] Class org.apache.xerces.parsers.SAXParser not found
[INFO ] 2021-01-23 16:28:40,894 [repositories/kiln] POST transaction to repository
[WARN ] 2021-01-23 16:28:40,895 [repositories/kiln] Class org.apache.xerces.parsers.SAXParser not found
[INFO ] 2021-01-23 16:28:40,916 [repositories/kiln] POST data to repository
[INFO ] 2021-01-23 16:28:40,916 [repositories/kiln] no base URI specified, using dummy 'foo:bar'
[WARN ] 2021-01-23 16:28:40,917 [repositories/kiln] Class org.apache.xerces.parsers.SAXParser not found
[INFO ] 2021-01-23 16:28:40,930 [repositories/kiln] POST transaction to repository
[WARN ] 2021-01-23 16:28:40,930 [repositories/kiln] Class org.apache.xerces.parsers.SAXParser not found
[INFO ] 2021-01-23 16:28:40,949 [repositories/kiln] POST data to repository
[INFO ] 2021-01-23 16:28:40,949 [repositories/kiln] no base URI specified, using dummy 'foo:bar'
[WARN ] 2021-01-23 16:28:40,950 [repositories/kiln] Class org.apache.xerces.parsers.SAXParser not found
[INFO ] 2021-01-23 16:28:40,966 [repositories/kiln] POST transaction to repository
[WARN ] 2021-01-23 16:28:40,967 [repositories/kiln] Class org.apache.xerces.parsers.SAXParser not found
[INFO ] 2021-01-23 16:28:40,982 [repositories/kiln] POST data to repository
[INFO ] 2021-01-23 16:28:40,982 [repositories/kiln] no base URI specified, using dummy 'foo:bar'
[WARN ] 2021-01-23 16:28:40,983 [repositories/kiln] Class org.apache.xerces.parsers.SAXParser not found
[INFO ] 2021-01-23 16:28:40,999 [repositories/kiln] POST transaction to repository
[WARN ] 2021-01-23 16:28:40,999 [repositories/kiln] Class org.apache.xerces.parsers.SAXParser not found
[INFO ] 2021-01-23 16:28:41,021 [repositories/kiln] POST data to repository
[INFO ] 2021-01-23 16:28:41,022 [repositories/kiln] no base URI specified, using dummy 'foo:bar'
[WARN ] 2021-01-23 16:28:41,022 [repositories/kiln] Class org.apache.xerces.parsers.SAXParser not found
[INFO ] 2021-01-23 16:28:41,033 [repositories/kiln] POST transaction to repository
[WARN ] 2021-01-23 16:28:41,033 [repositories/kiln] Class org.apache.xerces.parsers.SAXParser not found
[INFO ] 2021-01-23 16:28:41,051 [repositories/kiln] POST data to repository
[INFO ] 2021-01-23 16:28:41,051 [repositories/kiln] no base URI specified, using dummy 'foo:bar'
[WARN ] 2021-01-23 16:28:41,051 [repositories/kiln] Class org.apache.xerces.parsers.SAXParser not found
[INFO ] 2021-01-23 16:28:41,066 [repositories/kiln] POST transaction to repository
[WARN ] 2021-01-23 16:28:41,066 [repositories/kiln] Class org.apache.xerces.parsers.SAXParser not found
[INFO ] 2021-01-23 16:28:41,084 [repositories/kiln] POST data to repository
[INFO ] 2021-01-23 16:28:41,084 [repositories/kiln] no base URI specified, using dummy 'foo:bar'
[WARN ] 2021-01-23 16:28:41,084 [repositories/kiln] Class org.apache.xerces.parsers.SAXParser not found
[INFO ] 2021-01-23 16:28:41,098 [repositories/kiln] POST transaction to repository
[WARN ] 2021-01-23 16:28:41,098 [repositories/kiln] Class org.apache.xerces.parsers.SAXParser not found
[INFO ] 2021-01-23 16:28:41,106 [repositories/kiln] POST data to repository
[INFO ] 2021-01-23 16:28:41,106 [repositories/kiln] no base URI specified, using dummy 'foo:bar'
[WARN ] 2021-01-23 16:28:41,107 [repositories/kiln] Class org.apache.xerces.parsers.SAXParser not found
[INFO ] 2021-01-23 16:31:23,088 [Thread-1] Closing org.springframework.web.context.support.XmlWebApplicationContext@21557e98: display name [WebApplicationContext for namespace 'openrdf-http-server-servlet']; startup date [Sat Jan 23 16:27:58 CET 2021]; root of context hierarchy
[INFO ] 2021-01-23 16:31:23,096 [Thread-1] Destroying singletons in org.springframework.beans.factory.support.DefaultListableBeanFactory@69ff5aca: defining beans [messageSource,adunaAppVersion,adunaAppConfig,adunaWebappNavigation,adunaWebappCommonValuesInserter,adunaWebappMessageInserter,adunaWebappNavigationInserter,filenameViewController,viewResolver,adunaWebappSystemUrlMapping,adunaWebappSystemOverviewController,adunaWebappLoggingOverviewController,adunaWebappSystemInfoController,openrdfRepositoryManager,scopedTarget.openrdfRepositoryInterceptor,openrdfRepositoryInterceptor,openrdfProtocolUrlMapping,openrdfRepositoryListUrlMapping,openrdfRepositoryUrlMapping,openrdfServerHomeUrlMapping,openrdfHandlerExceptionResolver,openrdfProtocolController,openrdfRepositoryListController,openrdfRepositoryController,openrdfRepositoryContextsController,openrdfRepositoryNamespacesController,openrdfRepositoryNamespaceController,openrdfRepositorySizeController,openrdfRepositoryStatementsController,openrdfRepositoryGraphController]; root of factory hierarchy
[INFO ] 2021-01-23 16:31:47,474 [main] Logback logging API implementation is configured.
[INFO ] 2021-01-23 16:31:48,367 [main] FrameworkServlet 'openrdf-http-server': initialization completed in 2061 ms
[INFO ] 2021-01-23 16:32:03,710 [repositories/kiln] POST query -1227659729
[INFO ] 2021-01-23 16:32:04,145 [repositories/kiln] Request for query -1227659729 is finished
[INFO ] 2021-01-23 16:32:06,129 [repositories/kiln] POST query -1227659729
[INFO ] 2021-01-23 16:32:06,183 [repositories/kiln] Request for query -1227659729 is finished
[INFO ] 2021-01-23 16:32:07,935 [repositories/kiln] POST query -1227659729
[INFO ] 2021-01-23 16:32:07,967 [repositories/kiln] Request for query -1227659729 is finished
[INFO ] 2021-01-23 16:32:09,821 [repositories/kiln] POST query -1227659729
[INFO ] 2021-01-23 16:32:09,848 [repositories/kiln] Request for query -1227659729 is finished
[INFO ] 2021-01-23 16:32:11,517 [repositories/kiln] POST query -1227659729
[INFO ] 2021-01-23 16:32:11,562 [repositories/kiln] Request for query -1227659729 is finished
[INFO ] 2021-01-23 16:32:14,158 [repositories/kiln] POST query -1227659729
[INFO ] 2021-01-23 16:32:14,186 [repositories/kiln] Request for query -1227659729 is finished
[INFO ] 2021-01-23 16:32:17,539 [repositories/kiln] POST query -1227659729
[INFO ] 2021-01-23 16:32:17,569 [repositories/kiln] Request for query -1227659729 is finished
[INFO ] 2021-01-23 16:32:29,675 [Thread-1] Closing org.springframework.web.context.support.XmlWebApplicationContext@21557e98: display name [WebApplicationContext for namespace 'openrdf-http-server-servlet']; startup date [Sat Jan 23 16:31:46 CET 2021]; root of context hierarchy
[INFO ] 2021-01-23 16:32:29,675 [Thread-1] Destroying singletons in org.springframework.beans.factory.support.DefaultListableBeanFactory@69ff5aca: defining beans [messageSource,adunaAppVersion,adunaAppConfig,adunaWebappNavigation,adunaWebappCommonValuesInserter,adunaWebappMessageInserter,adunaWebappNavigationInserter,filenameViewController,viewResolver,adunaWebappSystemUrlMapping,adunaWebappSystemOverviewController,adunaWebappLoggingOverviewController,adunaWebappSystemInfoController,openrdfRepositoryManager,scopedTarget.openrdfRepositoryInterceptor,openrdfRepositoryInterceptor,openrdfProtocolUrlMapping,openrdfRepositoryListUrlMapping,openrdfRepositoryUrlMapping,openrdfServerHomeUrlMapping,openrdfHandlerExceptionResolver,openrdfProtocolController,openrdfRepositoryListController,openrdfRepositoryController,openrdfRepositoryContextsController,openrdfRepositoryNamespacesController,openrdfRepositoryNamespaceController,openrdfRepositorySizeController,openrdfRepositoryStatementsController,openrdfRepositoryGraphController]; root of factory hierarchy
