[INFO ] 2021-02-09 14:52:52,596 [main] Logback logging API implementation is configured.
[INFO ] 2021-02-09 14:52:53,302 [main] FrameworkServlet 'openrdf-http-server': initialization completed in 1688 ms
[INFO ] 2021-02-09 14:54:24,741 [repositories/kiln] POST query -1227659729
[INFO ] 2021-02-09 14:54:25,002 [repositories/kiln] Request for query -1227659729 is finished
[INFO ] 2021-02-09 14:54:56,778 [repositories/kiln] POST query -1227659729
[INFO ] 2021-02-09 14:54:56,816 [repositories/kiln] Request for query -1227659729 is finished
[INFO ] 2021-02-09 14:55:05,892 [repositories/kiln] POST query -1227659729
[INFO ] 2021-02-09 14:55:05,926 [repositories/kiln] Request for query -1227659729 is finished
[INFO ] 2021-02-09 14:55:15,980 [repositories/kiln] POST query -1227659729
[INFO ] 2021-02-09 14:55:16,016 [repositories/kiln] Request for query -1227659729 is finished
[INFO ] 2021-02-09 14:55:24,322 [repositories/kiln] POST query -1227659729
[INFO ] 2021-02-09 14:55:24,381 [repositories/kiln] Request for query -1227659729 is finished
[INFO ] 2021-02-09 15:04:24,714 [repositories/kiln] POST query -1227659729
[INFO ] 2021-02-09 15:04:24,790 [repositories/kiln] Request for query -1227659729 is finished
[INFO ] 2021-02-09 15:04:42,686 [repositories/kiln] POST query -1227659729
[INFO ] 2021-02-09 15:04:42,719 [repositories/kiln] Request for query -1227659729 is finished
[INFO ] 2021-02-09 15:07:13,751 [repositories/kiln] POST query -1227659729
[INFO ] 2021-02-09 15:07:13,839 [repositories/kiln] Request for query -1227659729 is finished
[INFO ] 2021-02-09 15:07:29,943 [repositories/kiln] POST query -1227659729
[INFO ] 2021-02-09 15:07:30,015 [repositories/kiln] Request for query -1227659729 is finished
[INFO ] 2021-02-09 15:08:03,047 [repositories/kiln] POST query -1227659729
[INFO ] 2021-02-09 15:08:03,083 [repositories/kiln] Request for query -1227659729 is finished
[INFO ] 2021-02-09 15:09:01,400 [repositories/kiln] POST query -1227659729
[INFO ] 2021-02-09 15:09:01,426 [repositories/kiln] Request for query -1227659729 is finished
[INFO ] 2021-02-09 15:09:04,863 [repositories/kiln] POST query -1227659729
[INFO ] 2021-02-09 15:09:04,890 [repositories/kiln] Request for query -1227659729 is finished
[INFO ] 2021-02-09 15:11:09,071 [repositories/kiln] POST query -1227659729
[INFO ] 2021-02-09 15:11:09,119 [repositories/kiln] Request for query -1227659729 is finished
[INFO ] 2021-02-09 15:11:11,694 [repositories/kiln] POST query -1227659729
[INFO ] 2021-02-09 15:11:11,718 [repositories/kiln] Request for query -1227659729 is finished
[INFO ] 2021-02-09 15:23:04,589 [repositories/kiln] POST query -1227659729
[INFO ] 2021-02-09 15:23:04,643 [repositories/kiln] Request for query -1227659729 is finished
[INFO ] 2021-02-09 15:23:22,638 [repositories/kiln] POST query -1227659729
[INFO ] 2021-02-09 15:23:22,658 [repositories/kiln] Request for query -1227659729 is finished
[INFO ] 2021-02-09 15:29:40,498 [repositories/kiln] POST query -1227659729
[INFO ] 2021-02-09 15:29:40,572 [repositories/kiln] Request for query -1227659729 is finished
[INFO ] 2021-02-09 15:29:47,861 [repositories/kiln] POST query -1227659729
[INFO ] 2021-02-09 15:29:47,883 [repositories/kiln] Request for query -1227659729 is finished
[INFO ] 2021-02-09 15:29:59,743 [repositories/kiln] POST query -1227659729
[INFO ] 2021-02-09 15:29:59,775 [repositories/kiln] Request for query -1227659729 is finished
[INFO ] 2021-02-09 15:31:14,294 [repositories/kiln] POST query -1227659729
[INFO ] 2021-02-09 15:31:14,313 [repositories/kiln] Request for query -1227659729 is finished
[INFO ] 2021-02-09 15:33:18,228 [repositories/kiln] POST query -1227659729
[INFO ] 2021-02-09 15:33:18,253 [repositories/kiln] Request for query -1227659729 is finished
[INFO ] 2021-02-09 15:33:22,836 [repositories/kiln] POST query -1227659729
[INFO ] 2021-02-09 15:33:22,859 [repositories/kiln] Request for query -1227659729 is finished
[INFO ] 2021-02-09 15:40:47,829 [repositories/kiln] POST query -1227659729
[INFO ] 2021-02-09 15:40:47,893 [repositories/kiln] Request for query -1227659729 is finished
[INFO ] 2021-02-09 15:41:14,335 [repositories/kiln] POST query -1227659729
[INFO ] 2021-02-09 15:41:14,358 [repositories/kiln] Request for query -1227659729 is finished
[INFO ] 2021-02-09 15:41:20,635 [repositories/kiln] POST query -1227659729
[INFO ] 2021-02-09 15:41:20,655 [repositories/kiln] Request for query -1227659729 is finished
[INFO ] 2021-02-09 15:44:01,693 [repositories/kiln] POST query -1227659729
[INFO ] 2021-02-09 15:44:01,749 [repositories/kiln] Request for query -1227659729 is finished
[INFO ] 2021-02-09 15:46:16,126 [repositories/kiln] POST query -1227659729
[INFO ] 2021-02-09 15:46:16,148 [repositories/kiln] Request for query -1227659729 is finished
[INFO ] 2021-02-09 15:46:31,045 [repositories/kiln] POST query -1227659729
[INFO ] 2021-02-09 15:46:31,102 [repositories/kiln] Request for query -1227659729 is finished
[INFO ] 2021-02-09 15:46:41,910 [repositories/kiln] POST query -1227659729
[INFO ] 2021-02-09 15:46:41,932 [repositories/kiln] Request for query -1227659729 is finished
[INFO ] 2021-02-09 15:47:44,241 [repositories/kiln] POST query -1227659729
[INFO ] 2021-02-09 15:47:44,264 [repositories/kiln] Request for query -1227659729 is finished
[INFO ] 2021-02-09 15:48:46,783 [repositories/kiln] POST query -1227659729
[INFO ] 2021-02-09 15:48:46,865 [repositories/kiln] Request for query -1227659729 is finished
[INFO ] 2021-02-09 15:48:58,973 [repositories/kiln] POST query -1227659729
[INFO ] 2021-02-09 15:48:58,998 [repositories/kiln] Request for query -1227659729 is finished
[INFO ] 2021-02-09 15:51:18,382 [repositories/kiln] POST query -1227659729
[INFO ] 2021-02-09 15:51:18,423 [repositories/kiln] Request for query -1227659729 is finished
[INFO ] 2021-02-09 15:52:36,101 [repositories/kiln] POST query -1227659729
[INFO ] 2021-02-09 15:52:36,119 [repositories/kiln] Request for query -1227659729 is finished
[INFO ] 2021-02-09 15:52:53,899 [repositories/kiln] POST query -1227659729
[INFO ] 2021-02-09 15:52:53,918 [repositories/kiln] Request for query -1227659729 is finished
[INFO ] 2021-02-09 15:52:57,012 [repositories/kiln] POST query -1227659729
[INFO ] 2021-02-09 15:52:57,027 [repositories/kiln] Request for query -1227659729 is finished
[INFO ] 2021-02-09 15:53:26,375 [repositories/kiln] POST query -1227659729
[INFO ] 2021-02-09 15:53:26,393 [repositories/kiln] Request for query -1227659729 is finished
[INFO ] 2021-02-09 15:53:42,102 [repositories/kiln] POST query -1227659729
[INFO ] 2021-02-09 15:53:42,123 [repositories/kiln] Request for query -1227659729 is finished
[INFO ] 2021-02-09 15:54:10,572 [repositories/kiln] POST query -1227659729
[INFO ] 2021-02-09 15:54:10,588 [repositories/kiln] Request for query -1227659729 is finished
[INFO ] 2021-02-09 15:54:21,174 [repositories/kiln] POST query -1227659729
[INFO ] 2021-02-09 15:54:21,197 [repositories/kiln] Request for query -1227659729 is finished
[INFO ] 2021-02-09 15:55:04,953 [repositories/kiln] POST query -1227659729
[INFO ] 2021-02-09 15:55:04,969 [repositories/kiln] Request for query -1227659729 is finished
[INFO ] 2021-02-09 15:57:23,637 [repositories/kiln] POST query -1227659729
[INFO ] 2021-02-09 15:57:23,655 [repositories/kiln] Request for query -1227659729 is finished
[INFO ] 2021-02-09 15:57:40,432 [repositories/kiln] POST query -1227659729
[INFO ] 2021-02-09 15:57:40,453 [repositories/kiln] Request for query -1227659729 is finished
[INFO ] 2021-02-09 15:58:00,064 [repositories/kiln] POST query -1227659729
[INFO ] 2021-02-09 15:58:00,084 [repositories/kiln] Request for query -1227659729 is finished
[INFO ] 2021-02-09 15:58:24,934 [repositories/kiln] POST query -1227659729
[INFO ] 2021-02-09 15:58:24,952 [repositories/kiln] Request for query -1227659729 is finished
[INFO ] 2021-02-09 15:59:13,979 [repositories/kiln] POST query -1227659729
[INFO ] 2021-02-09 15:59:14,044 [repositories/kiln] Request for query -1227659729 is finished
[INFO ] 2021-02-09 15:59:37,639 [repositories/kiln] POST query -1227659729
[INFO ] 2021-02-09 15:59:37,665 [repositories/kiln] Request for query -1227659729 is finished
[INFO ] 2021-02-09 16:00:43,238 [repositories/kiln] POST query -1227659729
[INFO ] 2021-02-09 16:00:43,256 [repositories/kiln] Request for query -1227659729 is finished
[INFO ] 2021-02-09 16:00:59,047 [repositories/kiln] POST query -1227659729
[INFO ] 2021-02-09 16:00:59,065 [repositories/kiln] Request for query -1227659729 is finished
[INFO ] 2021-02-09 16:01:09,412 [repositories/kiln] POST query -1227659729
[INFO ] 2021-02-09 16:01:09,427 [repositories/kiln] Request for query -1227659729 is finished
[INFO ] 2021-02-09 16:01:16,681 [repositories/kiln] POST query -1227659729
[INFO ] 2021-02-09 16:01:16,696 [repositories/kiln] Request for query -1227659729 is finished
[INFO ] 2021-02-09 16:01:43,203 [repositories/kiln] POST query -1227659729
[INFO ] 2021-02-09 16:01:43,220 [repositories/kiln] Request for query -1227659729 is finished
[INFO ] 2021-02-09 16:01:51,514 [repositories/kiln] POST query -1227659729
[INFO ] 2021-02-09 16:01:51,531 [repositories/kiln] Request for query -1227659729 is finished
[INFO ] 2021-02-09 16:01:59,413 [repositories/kiln] POST query -1227659729
[INFO ] 2021-02-09 16:01:59,429 [repositories/kiln] Request for query -1227659729 is finished
[INFO ] 2021-02-09 16:02:08,775 [repositories/kiln] POST query -1227659729
[INFO ] 2021-02-09 16:02:08,791 [repositories/kiln] Request for query -1227659729 is finished
[INFO ] 2021-02-09 16:02:18,257 [repositories/kiln] POST query -1227659729
[INFO ] 2021-02-09 16:02:18,272 [repositories/kiln] Request for query -1227659729 is finished
[INFO ] 2021-02-09 16:02:30,408 [repositories/kiln] POST query -1227659729
[INFO ] 2021-02-09 16:02:30,426 [repositories/kiln] Request for query -1227659729 is finished
[INFO ] 2021-02-09 16:02:37,014 [repositories/kiln] POST query -1227659729
[INFO ] 2021-02-09 16:02:37,033 [repositories/kiln] Request for query -1227659729 is finished
[INFO ] 2021-02-09 16:02:44,356 [repositories/kiln] POST query -1227659729
[INFO ] 2021-02-09 16:02:44,373 [repositories/kiln] Request for query -1227659729 is finished
[INFO ] 2021-02-09 16:03:11,147 [repositories/kiln] POST query -1227659729
[INFO ] 2021-02-09 16:03:11,168 [repositories/kiln] Request for query -1227659729 is finished
[INFO ] 2021-02-09 16:03:32,127 [repositories/kiln] POST query -1227659729
[INFO ] 2021-02-09 16:03:32,145 [repositories/kiln] Request for query -1227659729 is finished
[INFO ] 2021-02-09 16:03:35,683 [repositories/kiln] POST query -1227659729
[INFO ] 2021-02-09 16:03:35,698 [repositories/kiln] Request for query -1227659729 is finished
[INFO ] 2021-02-09 16:03:44,926 [repositories/kiln] POST query -1227659729
[INFO ] 2021-02-09 16:03:44,940 [repositories/kiln] Request for query -1227659729 is finished
[INFO ] 2021-02-09 16:04:00,970 [repositories/kiln] POST query -1227659729
[INFO ] 2021-02-09 16:04:00,991 [repositories/kiln] Request for query -1227659729 is finished
[INFO ] 2021-02-09 16:04:13,012 [repositories/kiln] POST query -1227659729
[INFO ] 2021-02-09 16:04:13,029 [repositories/kiln] Request for query -1227659729 is finished
[INFO ] 2021-02-09 16:04:18,110 [repositories/kiln] POST query -1227659729
[INFO ] 2021-02-09 16:04:18,126 [repositories/kiln] Request for query -1227659729 is finished
[INFO ] 2021-02-09 16:04:26,455 [repositories/kiln] POST query -1227659729
[INFO ] 2021-02-09 16:04:26,475 [repositories/kiln] Request for query -1227659729 is finished
[INFO ] 2021-02-09 16:12:05,549 [repositories/kiln] POST query -1227659729
[INFO ] 2021-02-09 16:12:05,614 [repositories/kiln] Request for query -1227659729 is finished
[INFO ] 2021-02-09 16:12:27,616 [repositories/kiln] POST query -1227659729
[INFO ] 2021-02-09 16:12:27,632 [repositories/kiln] Request for query -1227659729 is finished
[INFO ] 2021-02-09 16:12:30,154 [repositories/kiln] POST query -1227659729
[INFO ] 2021-02-09 16:12:30,172 [repositories/kiln] Request for query -1227659729 is finished
[INFO ] 2021-02-09 16:12:48,587 [repositories/kiln] POST query -1227659729
[INFO ] 2021-02-09 16:12:48,604 [repositories/kiln] Request for query -1227659729 is finished
[INFO ] 2021-02-09 16:13:03,021 [repositories/kiln] POST query -1227659729
[INFO ] 2021-02-09 16:13:03,041 [repositories/kiln] Request for query -1227659729 is finished
[INFO ] 2021-02-09 16:13:12,191 [repositories/kiln] POST query -1227659729
[INFO ] 2021-02-09 16:13:12,208 [repositories/kiln] Request for query -1227659729 is finished
[INFO ] 2021-02-09 16:13:20,904 [repositories/kiln] POST query -1227659729
[INFO ] 2021-02-09 16:13:20,922 [repositories/kiln] Request for query -1227659729 is finished
[INFO ] 2021-02-09 16:17:14,666 [repositories/kiln] POST query -1227659729
[INFO ] 2021-02-09 16:17:14,720 [repositories/kiln] Request for query -1227659729 is finished
[INFO ] 2021-02-09 16:19:53,355 [repositories/kiln] POST query -1227659729
[INFO ] 2021-02-09 16:19:53,411 [repositories/kiln] Request for query -1227659729 is finished
[INFO ] 2021-02-09 16:19:56,014 [repositories/kiln] POST query -1227659729
[INFO ] 2021-02-09 16:19:56,029 [repositories/kiln] Request for query -1227659729 is finished
[INFO ] 2021-02-09 16:39:07,563 [repositories/kiln] POST query -1227659729
[INFO ] 2021-02-09 16:39:07,616 [repositories/kiln] Request for query -1227659729 is finished
[INFO ] 2021-02-09 16:39:12,743 [repositories/kiln] POST query -1227659729
[INFO ] 2021-02-09 16:39:12,761 [repositories/kiln] Request for query -1227659729 is finished
[INFO ] 2021-02-09 16:39:35,757 [repositories/kiln] POST query -1227659729
[INFO ] 2021-02-09 16:39:35,777 [repositories/kiln] Request for query -1227659729 is finished
[INFO ] 2021-02-09 16:39:59,193 [repositories/kiln] POST query -1227659729
[INFO ] 2021-02-09 16:39:59,213 [repositories/kiln] Request for query -1227659729 is finished
[INFO ] 2021-02-09 16:40:23,264 [repositories/kiln] POST query -1227659729
[INFO ] 2021-02-09 16:40:23,284 [repositories/kiln] Request for query -1227659729 is finished
[INFO ] 2021-02-09 16:41:06,306 [repositories/kiln] POST query -1227659729
[INFO ] 2021-02-09 16:41:06,323 [repositories/kiln] Request for query -1227659729 is finished
[INFO ] 2021-02-09 16:41:59,268 [repositories/kiln] POST query -1227659729
[INFO ] 2021-02-09 16:41:59,287 [repositories/kiln] Request for query -1227659729 is finished
[INFO ] 2021-02-09 16:42:27,892 [repositories/kiln] POST query -1227659729
[INFO ] 2021-02-09 16:42:27,914 [repositories/kiln] Request for query -1227659729 is finished
[INFO ] 2021-02-09 16:43:00,526 [repositories/kiln] POST query -1227659729
[INFO ] 2021-02-09 16:43:00,549 [repositories/kiln] Request for query -1227659729 is finished
[INFO ] 2021-02-09 16:43:13,201 [repositories/kiln] POST query -1227659729
[INFO ] 2021-02-09 16:43:13,219 [repositories/kiln] Request for query -1227659729 is finished
[INFO ] 2021-02-09 16:43:36,940 [Thread-1] Closing org.springframework.web.context.support.XmlWebApplicationContext@21557e98: display name [WebApplicationContext for namespace 'openrdf-http-server-servlet']; startup date [Tue Feb 09 14:52:51 CET 2021]; root of context hierarchy
[INFO ] 2021-02-09 16:43:36,952 [Thread-1] Destroying singletons in org.springframework.beans.factory.support.DefaultListableBeanFactory@69ff5aca: defining beans [messageSource,adunaAppVersion,adunaAppConfig,adunaWebappNavigation,adunaWebappCommonValuesInserter,adunaWebappMessageInserter,adunaWebappNavigationInserter,filenameViewController,viewResolver,adunaWebappSystemUrlMapping,adunaWebappSystemOverviewController,adunaWebappLoggingOverviewController,adunaWebappSystemInfoController,openrdfRepositoryManager,scopedTarget.openrdfRepositoryInterceptor,openrdfRepositoryInterceptor,openrdfProtocolUrlMapping,openrdfRepositoryListUrlMapping,openrdfRepositoryUrlMapping,openrdfServerHomeUrlMapping,openrdfHandlerExceptionResolver,openrdfProtocolController,openrdfRepositoryListController,openrdfRepositoryController,openrdfRepositoryContextsController,openrdfRepositoryNamespacesController,openrdfRepositoryNamespaceController,openrdfRepositorySizeController,openrdfRepositoryStatementsController,openrdfRepositoryGraphController]; root of factory hierarchy
[INFO ] 2021-02-09 16:51:17,512 [main] Logback logging API implementation is configured.
[INFO ] 2021-02-09 16:51:18,521 [main] FrameworkServlet 'openrdf-http-server': initialization completed in 1916 ms
[INFO ] 2021-02-09 16:54:50,638 [repositories/kiln] POST query -1227659729
[INFO ] 2021-02-09 16:54:50,876 [repositories/kiln] Request for query -1227659729 is finished
[INFO ] 2021-02-09 17:00:53,110 [repositories/kiln] POST query -1227659729
[INFO ] 2021-02-09 17:00:53,191 [repositories/kiln] Request for query -1227659729 is finished
[INFO ] 2021-02-09 17:00:58,094 [repositories/kiln] POST query -1227659729
[INFO ] 2021-02-09 17:00:58,141 [repositories/kiln] Request for query -1227659729 is finished
[INFO ] 2021-02-09 17:01:33,269 [repositories/kiln] POST query -1227659729
[INFO ] 2021-02-09 17:01:33,303 [repositories/kiln] Request for query -1227659729 is finished
[INFO ] 2021-02-09 17:01:37,596 [repositories/kiln] POST query -1227659729
[INFO ] 2021-02-09 17:01:37,629 [repositories/kiln] Request for query -1227659729 is finished
[INFO ] 2021-02-09 18:58:03,984 [Thread-1] Closing org.springframework.web.context.support.XmlWebApplicationContext@21557e98: display name [WebApplicationContext for namespace 'openrdf-http-server-servlet']; startup date [Tue Feb 09 16:51:16 CET 2021]; root of context hierarchy
[INFO ] 2021-02-09 18:58:03,994 [Thread-1] Destroying singletons in org.springframework.beans.factory.support.DefaultListableBeanFactory@69ff5aca: defining beans [messageSource,adunaAppVersion,adunaAppConfig,adunaWebappNavigation,adunaWebappCommonValuesInserter,adunaWebappMessageInserter,adunaWebappNavigationInserter,filenameViewController,viewResolver,adunaWebappSystemUrlMapping,adunaWebappSystemOverviewController,adunaWebappLoggingOverviewController,adunaWebappSystemInfoController,openrdfRepositoryManager,scopedTarget.openrdfRepositoryInterceptor,openrdfRepositoryInterceptor,openrdfProtocolUrlMapping,openrdfRepositoryListUrlMapping,openrdfRepositoryUrlMapping,openrdfServerHomeUrlMapping,openrdfHandlerExceptionResolver,openrdfProtocolController,openrdfRepositoryListController,openrdfRepositoryController,openrdfRepositoryContextsController,openrdfRepositoryNamespacesController,openrdfRepositoryNamespaceController,openrdfRepositorySizeController,openrdfRepositoryStatementsController,openrdfRepositoryGraphController]; root of factory hierarchy
[INFO ] 2021-02-09 19:13:32,552 [main] Logback logging API implementation is configured.
[INFO ] 2021-02-09 19:13:33,302 [main] FrameworkServlet 'openrdf-http-server': initialization completed in 1551 ms
[INFO ] 2021-02-09 19:22:15,908 [Thread-1] Closing org.springframework.web.context.support.XmlWebApplicationContext@21557e98: display name [WebApplicationContext for namespace 'openrdf-http-server-servlet']; startup date [Tue Feb 09 19:13:31 CET 2021]; root of context hierarchy
[INFO ] 2021-02-09 19:22:15,913 [Thread-1] Destroying singletons in org.springframework.beans.factory.support.DefaultListableBeanFactory@69ff5aca: defining beans [messageSource,adunaAppVersion,adunaAppConfig,adunaWebappNavigation,adunaWebappCommonValuesInserter,adunaWebappMessageInserter,adunaWebappNavigationInserter,filenameViewController,viewResolver,adunaWebappSystemUrlMapping,adunaWebappSystemOverviewController,adunaWebappLoggingOverviewController,adunaWebappSystemInfoController,openrdfRepositoryManager,scopedTarget.openrdfRepositoryInterceptor,openrdfRepositoryInterceptor,openrdfProtocolUrlMapping,openrdfRepositoryListUrlMapping,openrdfRepositoryUrlMapping,openrdfServerHomeUrlMapping,openrdfHandlerExceptionResolver,openrdfProtocolController,openrdfRepositoryListController,openrdfRepositoryController,openrdfRepositoryContextsController,openrdfRepositoryNamespacesController,openrdfRepositoryNamespaceController,openrdfRepositorySizeController,openrdfRepositoryStatementsController,openrdfRepositoryGraphController]; root of factory hierarchy
[INFO ] 2021-02-09 19:22:35,836 [main] Logback logging API implementation is configured.
[INFO ] 2021-02-09 19:22:36,448 [main] FrameworkServlet 'openrdf-http-server': initialization completed in 1152 ms
[INFO ] 2021-02-09 19:25:40,248 [Thread-1] Closing org.springframework.web.context.support.XmlWebApplicationContext@21557e98: display name [WebApplicationContext for namespace 'openrdf-http-server-servlet']; startup date [Tue Feb 09 19:22:35 CET 2021]; root of context hierarchy
[INFO ] 2021-02-09 19:25:40,252 [Thread-1] Destroying singletons in org.springframework.beans.factory.support.DefaultListableBeanFactory@69ff5aca: defining beans [messageSource,adunaAppVersion,adunaAppConfig,adunaWebappNavigation,adunaWebappCommonValuesInserter,adunaWebappMessageInserter,adunaWebappNavigationInserter,filenameViewController,viewResolver,adunaWebappSystemUrlMapping,adunaWebappSystemOverviewController,adunaWebappLoggingOverviewController,adunaWebappSystemInfoController,openrdfRepositoryManager,scopedTarget.openrdfRepositoryInterceptor,openrdfRepositoryInterceptor,openrdfProtocolUrlMapping,openrdfRepositoryListUrlMapping,openrdfRepositoryUrlMapping,openrdfServerHomeUrlMapping,openrdfHandlerExceptionResolver,openrdfProtocolController,openrdfRepositoryListController,openrdfRepositoryController,openrdfRepositoryContextsController,openrdfRepositoryNamespacesController,openrdfRepositoryNamespaceController,openrdfRepositorySizeController,openrdfRepositoryStatementsController,openrdfRepositoryGraphController]; root of factory hierarchy
[INFO ] 2021-02-09 19:25:57,419 [main] Logback logging API implementation is configured.
[INFO ] 2021-02-09 19:25:58,149 [main] FrameworkServlet 'openrdf-http-server': initialization completed in 1492 ms
[INFO ] 2021-02-09 19:30:04,585 [Thread-1] Closing org.springframework.web.context.support.XmlWebApplicationContext@21557e98: display name [WebApplicationContext for namespace 'openrdf-http-server-servlet']; startup date [Tue Feb 09 19:25:56 CET 2021]; root of context hierarchy
[INFO ] 2021-02-09 19:30:04,589 [Thread-1] Destroying singletons in org.springframework.beans.factory.support.DefaultListableBeanFactory@69ff5aca: defining beans [messageSource,adunaAppVersion,adunaAppConfig,adunaWebappNavigation,adunaWebappCommonValuesInserter,adunaWebappMessageInserter,adunaWebappNavigationInserter,filenameViewController,viewResolver,adunaWebappSystemUrlMapping,adunaWebappSystemOverviewController,adunaWebappLoggingOverviewController,adunaWebappSystemInfoController,openrdfRepositoryManager,scopedTarget.openrdfRepositoryInterceptor,openrdfRepositoryInterceptor,openrdfProtocolUrlMapping,openrdfRepositoryListUrlMapping,openrdfRepositoryUrlMapping,openrdfServerHomeUrlMapping,openrdfHandlerExceptionResolver,openrdfProtocolController,openrdfRepositoryListController,openrdfRepositoryController,openrdfRepositoryContextsController,openrdfRepositoryNamespacesController,openrdfRepositoryNamespaceController,openrdfRepositorySizeController,openrdfRepositoryStatementsController,openrdfRepositoryGraphController]; root of factory hierarchy
[INFO ] 2021-02-09 19:30:23,685 [main] Logback logging API implementation is configured.
[INFO ] 2021-02-09 19:30:24,295 [main] FrameworkServlet 'openrdf-http-server': initialization completed in 1125 ms
[INFO ] 2021-02-09 19:33:20,079 [Thread-1] Closing org.springframework.web.context.support.XmlWebApplicationContext@21557e98: display name [WebApplicationContext for namespace 'openrdf-http-server-servlet']; startup date [Tue Feb 09 19:30:23 CET 2021]; root of context hierarchy
[INFO ] 2021-02-09 19:33:20,085 [Thread-1] Destroying singletons in org.springframework.beans.factory.support.DefaultListableBeanFactory@69ff5aca: defining beans [messageSource,adunaAppVersion,adunaAppConfig,adunaWebappNavigation,adunaWebappCommonValuesInserter,adunaWebappMessageInserter,adunaWebappNavigationInserter,filenameViewController,viewResolver,adunaWebappSystemUrlMapping,adunaWebappSystemOverviewController,adunaWebappLoggingOverviewController,adunaWebappSystemInfoController,openrdfRepositoryManager,scopedTarget.openrdfRepositoryInterceptor,openrdfRepositoryInterceptor,openrdfProtocolUrlMapping,openrdfRepositoryListUrlMapping,openrdfRepositoryUrlMapping,openrdfServerHomeUrlMapping,openrdfHandlerExceptionResolver,openrdfProtocolController,openrdfRepositoryListController,openrdfRepositoryController,openrdfRepositoryContextsController,openrdfRepositoryNamespacesController,openrdfRepositoryNamespaceController,openrdfRepositorySizeController,openrdfRepositoryStatementsController,openrdfRepositoryGraphController]; root of factory hierarchy
[INFO ] 2021-02-09 19:33:36,991 [main] Logback logging API implementation is configured.
[INFO ] 2021-02-09 19:33:37,572 [main] FrameworkServlet 'openrdf-http-server': initialization completed in 1089 ms
[INFO ] 2021-02-09 19:33:48,703 [Thread-1] Closing org.springframework.web.context.support.XmlWebApplicationContext@21557e98: display name [WebApplicationContext for namespace 'openrdf-http-server-servlet']; startup date [Tue Feb 09 19:33:36 CET 2021]; root of context hierarchy
[INFO ] 2021-02-09 19:33:48,705 [Thread-1] Destroying singletons in org.springframework.beans.factory.support.DefaultListableBeanFactory@69ff5aca: defining beans [messageSource,adunaAppVersion,adunaAppConfig,adunaWebappNavigation,adunaWebappCommonValuesInserter,adunaWebappMessageInserter,adunaWebappNavigationInserter,filenameViewController,viewResolver,adunaWebappSystemUrlMapping,adunaWebappSystemOverviewController,adunaWebappLoggingOverviewController,adunaWebappSystemInfoController,openrdfRepositoryManager,scopedTarget.openrdfRepositoryInterceptor,openrdfRepositoryInterceptor,openrdfProtocolUrlMapping,openrdfRepositoryListUrlMapping,openrdfRepositoryUrlMapping,openrdfServerHomeUrlMapping,openrdfHandlerExceptionResolver,openrdfProtocolController,openrdfRepositoryListController,openrdfRepositoryController,openrdfRepositoryContextsController,openrdfRepositoryNamespacesController,openrdfRepositoryNamespaceController,openrdfRepositorySizeController,openrdfRepositoryStatementsController,openrdfRepositoryGraphController]; root of factory hierarchy
[INFO ] 2021-02-09 19:34:05,531 [main] Logback logging API implementation is configured.
[INFO ] 2021-02-09 19:34:06,085 [main] FrameworkServlet 'openrdf-http-server': initialization completed in 1041 ms
[INFO ] 2021-02-09 19:37:03,253 [Thread-1] Closing org.springframework.web.context.support.XmlWebApplicationContext@21557e98: display name [WebApplicationContext for namespace 'openrdf-http-server-servlet']; startup date [Tue Feb 09 19:34:05 CET 2021]; root of context hierarchy
[INFO ] 2021-02-09 19:37:03,257 [Thread-1] Destroying singletons in org.springframework.beans.factory.support.DefaultListableBeanFactory@69ff5aca: defining beans [messageSource,adunaAppVersion,adunaAppConfig,adunaWebappNavigation,adunaWebappCommonValuesInserter,adunaWebappMessageInserter,adunaWebappNavigationInserter,filenameViewController,viewResolver,adunaWebappSystemUrlMapping,adunaWebappSystemOverviewController,adunaWebappLoggingOverviewController,adunaWebappSystemInfoController,openrdfRepositoryManager,scopedTarget.openrdfRepositoryInterceptor,openrdfRepositoryInterceptor,openrdfProtocolUrlMapping,openrdfRepositoryListUrlMapping,openrdfRepositoryUrlMapping,openrdfServerHomeUrlMapping,openrdfHandlerExceptionResolver,openrdfProtocolController,openrdfRepositoryListController,openrdfRepositoryController,openrdfRepositoryContextsController,openrdfRepositoryNamespacesController,openrdfRepositoryNamespaceController,openrdfRepositorySizeController,openrdfRepositoryStatementsController,openrdfRepositoryGraphController]; root of factory hierarchy
[INFO ] 2021-02-09 19:37:21,679 [main] Logback logging API implementation is configured.
[INFO ] 2021-02-09 19:37:22,386 [main] FrameworkServlet 'openrdf-http-server': initialization completed in 1255 ms
[INFO ] 2021-02-09 19:38:50,264 [Thread-1] Closing org.springframework.web.context.support.XmlWebApplicationContext@21557e98: display name [WebApplicationContext for namespace 'openrdf-http-server-servlet']; startup date [Tue Feb 09 19:37:21 CET 2021]; root of context hierarchy
[INFO ] 2021-02-09 19:38:50,266 [Thread-1] Destroying singletons in org.springframework.beans.factory.support.DefaultListableBeanFactory@69ff5aca: defining beans [messageSource,adunaAppVersion,adunaAppConfig,adunaWebappNavigation,adunaWebappCommonValuesInserter,adunaWebappMessageInserter,adunaWebappNavigationInserter,filenameViewController,viewResolver,adunaWebappSystemUrlMapping,adunaWebappSystemOverviewController,adunaWebappLoggingOverviewController,adunaWebappSystemInfoController,openrdfRepositoryManager,scopedTarget.openrdfRepositoryInterceptor,openrdfRepositoryInterceptor,openrdfProtocolUrlMapping,openrdfRepositoryListUrlMapping,openrdfRepositoryUrlMapping,openrdfServerHomeUrlMapping,openrdfHandlerExceptionResolver,openrdfProtocolController,openrdfRepositoryListController,openrdfRepositoryController,openrdfRepositoryContextsController,openrdfRepositoryNamespacesController,openrdfRepositoryNamespaceController,openrdfRepositorySizeController,openrdfRepositoryStatementsController,openrdfRepositoryGraphController]; root of factory hierarchy
[INFO ] 2021-02-09 19:39:07,225 [main] Logback logging API implementation is configured.
[INFO ] 2021-02-09 19:39:07,848 [main] FrameworkServlet 'openrdf-http-server': initialization completed in 1266 ms
[INFO ] 2021-02-09 19:40:46,102 [Thread-1] Closing org.springframework.web.context.support.XmlWebApplicationContext@21557e98: display name [WebApplicationContext for namespace 'openrdf-http-server-servlet']; startup date [Tue Feb 09 19:39:06 CET 2021]; root of context hierarchy
[INFO ] 2021-02-09 19:40:46,106 [Thread-1] Destroying singletons in org.springframework.beans.factory.support.DefaultListableBeanFactory@69ff5aca: defining beans [messageSource,adunaAppVersion,adunaAppConfig,adunaWebappNavigation,adunaWebappCommonValuesInserter,adunaWebappMessageInserter,adunaWebappNavigationInserter,filenameViewController,viewResolver,adunaWebappSystemUrlMapping,adunaWebappSystemOverviewController,adunaWebappLoggingOverviewController,adunaWebappSystemInfoController,openrdfRepositoryManager,scopedTarget.openrdfRepositoryInterceptor,openrdfRepositoryInterceptor,openrdfProtocolUrlMapping,openrdfRepositoryListUrlMapping,openrdfRepositoryUrlMapping,openrdfServerHomeUrlMapping,openrdfHandlerExceptionResolver,openrdfProtocolController,openrdfRepositoryListController,openrdfRepositoryController,openrdfRepositoryContextsController,openrdfRepositoryNamespacesController,openrdfRepositoryNamespaceController,openrdfRepositorySizeController,openrdfRepositoryStatementsController,openrdfRepositoryGraphController]; root of factory hierarchy
[INFO ] 2021-02-09 19:47:50,964 [main] Logback logging API implementation is configured.
[INFO ] 2021-02-09 19:47:51,710 [main] FrameworkServlet 'openrdf-http-server': initialization completed in 1392 ms
[INFO ] 2021-02-09 19:49:17,675 [repositories/kiln] POST transaction to repository
[WARN ] 2021-02-09 19:49:17,682 [repositories/kiln] Class org.apache.xerces.parsers.SAXParser not found
[INFO ] 2021-02-09 19:49:17,783 [repositories/kiln] POST data to repository
[INFO ] 2021-02-09 19:49:17,805 [repositories/kiln] no base URI specified, using dummy 'foo:bar'
[WARN ] 2021-02-09 19:49:17,827 [repositories/kiln] Class org.apache.xerces.parsers.SAXParser not found
[INFO ] 2021-02-09 19:49:17,853 [repositories/kiln] POST transaction to repository
[WARN ] 2021-02-09 19:49:17,854 [repositories/kiln] Class org.apache.xerces.parsers.SAXParser not found
[INFO ] 2021-02-09 19:49:17,878 [repositories/kiln] POST data to repository
[INFO ] 2021-02-09 19:49:17,878 [repositories/kiln] no base URI specified, using dummy 'foo:bar'
[WARN ] 2021-02-09 19:49:17,879 [repositories/kiln] Class org.apache.xerces.parsers.SAXParser not found
[INFO ] 2021-02-09 19:49:17,901 [repositories/kiln] POST transaction to repository
[WARN ] 2021-02-09 19:49:17,902 [repositories/kiln] Class org.apache.xerces.parsers.SAXParser not found
[INFO ] 2021-02-09 19:49:17,925 [repositories/kiln] POST data to repository
[INFO ] 2021-02-09 19:49:17,926 [repositories/kiln] no base URI specified, using dummy 'foo:bar'
[WARN ] 2021-02-09 19:49:17,926 [repositories/kiln] Class org.apache.xerces.parsers.SAXParser not found
[INFO ] 2021-02-09 19:49:17,948 [repositories/kiln] POST transaction to repository
[WARN ] 2021-02-09 19:49:17,949 [repositories/kiln] Class org.apache.xerces.parsers.SAXParser not found
[INFO ] 2021-02-09 19:49:17,970 [repositories/kiln] POST data to repository
[INFO ] 2021-02-09 19:49:17,970 [repositories/kiln] no base URI specified, using dummy 'foo:bar'
[WARN ] 2021-02-09 19:49:17,971 [repositories/kiln] Class org.apache.xerces.parsers.SAXParser not found
[INFO ] 2021-02-09 19:49:17,990 [repositories/kiln] POST transaction to repository
[WARN ] 2021-02-09 19:49:17,990 [repositories/kiln] Class org.apache.xerces.parsers.SAXParser not found
[INFO ] 2021-02-09 19:49:18,014 [repositories/kiln] POST data to repository
[INFO ] 2021-02-09 19:49:18,015 [repositories/kiln] no base URI specified, using dummy 'foo:bar'
[WARN ] 2021-02-09 19:49:18,015 [repositories/kiln] Class org.apache.xerces.parsers.SAXParser not found
[INFO ] 2021-02-09 19:49:18,035 [repositories/kiln] POST transaction to repository
[WARN ] 2021-02-09 19:49:18,035 [repositories/kiln] Class org.apache.xerces.parsers.SAXParser not found
[INFO ] 2021-02-09 19:49:18,054 [repositories/kiln] POST data to repository
[INFO ] 2021-02-09 19:49:18,054 [repositories/kiln] no base URI specified, using dummy 'foo:bar'
[WARN ] 2021-02-09 19:49:18,055 [repositories/kiln] Class org.apache.xerces.parsers.SAXParser not found
[INFO ] 2021-02-09 19:49:18,072 [repositories/kiln] POST transaction to repository
[WARN ] 2021-02-09 19:49:18,073 [repositories/kiln] Class org.apache.xerces.parsers.SAXParser not found
[INFO ] 2021-02-09 19:49:18,091 [repositories/kiln] POST data to repository
[INFO ] 2021-02-09 19:49:18,091 [repositories/kiln] no base URI specified, using dummy 'foo:bar'
[WARN ] 2021-02-09 19:49:18,092 [repositories/kiln] Class org.apache.xerces.parsers.SAXParser not found
[INFO ] 2021-02-09 19:49:18,115 [repositories/kiln] POST transaction to repository
[WARN ] 2021-02-09 19:49:18,116 [repositories/kiln] Class org.apache.xerces.parsers.SAXParser not found
[INFO ] 2021-02-09 19:49:18,136 [repositories/kiln] POST data to repository
[INFO ] 2021-02-09 19:49:18,136 [repositories/kiln] no base URI specified, using dummy 'foo:bar'
[WARN ] 2021-02-09 19:49:18,137 [repositories/kiln] Class org.apache.xerces.parsers.SAXParser not found
[INFO ] 2021-02-09 19:49:18,159 [repositories/kiln] POST transaction to repository
[WARN ] 2021-02-09 19:49:18,159 [repositories/kiln] Class org.apache.xerces.parsers.SAXParser not found
[INFO ] 2021-02-09 19:49:18,183 [repositories/kiln] POST data to repository
[INFO ] 2021-02-09 19:49:18,184 [repositories/kiln] no base URI specified, using dummy 'foo:bar'
[WARN ] 2021-02-09 19:49:18,185 [repositories/kiln] Class org.apache.xerces.parsers.SAXParser not found
[INFO ] 2021-02-09 19:49:18,204 [repositories/kiln] POST transaction to repository
[WARN ] 2021-02-09 19:49:18,205 [repositories/kiln] Class org.apache.xerces.parsers.SAXParser not found
[INFO ] 2021-02-09 19:49:18,226 [repositories/kiln] POST data to repository
[INFO ] 2021-02-09 19:49:18,226 [repositories/kiln] no base URI specified, using dummy 'foo:bar'
[WARN ] 2021-02-09 19:49:18,226 [repositories/kiln] Class org.apache.xerces.parsers.SAXParser not found
[INFO ] 2021-02-09 19:49:18,255 [repositories/kiln] POST transaction to repository
[WARN ] 2021-02-09 19:49:18,256 [repositories/kiln] Class org.apache.xerces.parsers.SAXParser not found
[INFO ] 2021-02-09 19:49:18,276 [repositories/kiln] POST data to repository
[INFO ] 2021-02-09 19:49:18,276 [repositories/kiln] no base URI specified, using dummy 'foo:bar'
[WARN ] 2021-02-09 19:49:18,277 [repositories/kiln] Class org.apache.xerces.parsers.SAXParser not found
[INFO ] 2021-02-09 19:49:18,301 [repositories/kiln] POST transaction to repository
[WARN ] 2021-02-09 19:49:18,302 [repositories/kiln] Class org.apache.xerces.parsers.SAXParser not found
[INFO ] 2021-02-09 19:49:18,335 [repositories/kiln] POST data to repository
[INFO ] 2021-02-09 19:49:18,335 [repositories/kiln] no base URI specified, using dummy 'foo:bar'
[WARN ] 2021-02-09 19:49:18,336 [repositories/kiln] Class org.apache.xerces.parsers.SAXParser not found
[INFO ] 2021-02-09 19:49:18,370 [repositories/kiln] POST transaction to repository
[WARN ] 2021-02-09 19:49:18,370 [repositories/kiln] Class org.apache.xerces.parsers.SAXParser not found
[INFO ] 2021-02-09 19:49:18,408 [repositories/kiln] POST data to repository
[INFO ] 2021-02-09 19:49:18,408 [repositories/kiln] no base URI specified, using dummy 'foo:bar'
[WARN ] 2021-02-09 19:49:18,409 [repositories/kiln] Class org.apache.xerces.parsers.SAXParser not found
[INFO ] 2021-02-09 19:49:18,455 [repositories/kiln] POST transaction to repository
[WARN ] 2021-02-09 19:49:18,456 [repositories/kiln] Class org.apache.xerces.parsers.SAXParser not found
[INFO ] 2021-02-09 19:49:18,483 [repositories/kiln] POST data to repository
[INFO ] 2021-02-09 19:49:18,483 [repositories/kiln] no base URI specified, using dummy 'foo:bar'
[WARN ] 2021-02-09 19:49:18,484 [repositories/kiln] Class org.apache.xerces.parsers.SAXParser not found
[INFO ] 2021-02-09 19:49:18,506 [repositories/kiln] POST transaction to repository
[WARN ] 2021-02-09 19:49:18,507 [repositories/kiln] Class org.apache.xerces.parsers.SAXParser not found
[INFO ] 2021-02-09 19:49:18,540 [repositories/kiln] POST data to repository
[INFO ] 2021-02-09 19:49:18,540 [repositories/kiln] no base URI specified, using dummy 'foo:bar'
[WARN ] 2021-02-09 19:49:18,541 [repositories/kiln] Class org.apache.xerces.parsers.SAXParser not found
[INFO ] 2021-02-09 19:49:18,587 [repositories/kiln] POST transaction to repository
[WARN ] 2021-02-09 19:49:18,589 [repositories/kiln] Class org.apache.xerces.parsers.SAXParser not found
[INFO ] 2021-02-09 19:49:18,624 [repositories/kiln] POST data to repository
[INFO ] 2021-02-09 19:49:18,624 [repositories/kiln] no base URI specified, using dummy 'foo:bar'
[WARN ] 2021-02-09 19:49:18,625 [repositories/kiln] Class org.apache.xerces.parsers.SAXParser not found
[INFO ] 2021-02-09 19:49:18,654 [repositories/kiln] POST transaction to repository
[WARN ] 2021-02-09 19:49:18,655 [repositories/kiln] Class org.apache.xerces.parsers.SAXParser not found
[INFO ] 2021-02-09 19:49:18,682 [repositories/kiln] POST data to repository
[INFO ] 2021-02-09 19:49:18,683 [repositories/kiln] no base URI specified, using dummy 'foo:bar'
[WARN ] 2021-02-09 19:49:18,684 [repositories/kiln] Class org.apache.xerces.parsers.SAXParser not found
[INFO ] 2021-02-09 19:49:18,710 [repositories/kiln] POST transaction to repository
[WARN ] 2021-02-09 19:49:18,711 [repositories/kiln] Class org.apache.xerces.parsers.SAXParser not found
[INFO ] 2021-02-09 19:49:18,734 [repositories/kiln] POST data to repository
[INFO ] 2021-02-09 19:49:18,734 [repositories/kiln] no base URI specified, using dummy 'foo:bar'
[WARN ] 2021-02-09 19:49:18,735 [repositories/kiln] Class org.apache.xerces.parsers.SAXParser not found
[INFO ] 2021-02-09 19:49:18,758 [repositories/kiln] POST transaction to repository
[WARN ] 2021-02-09 19:49:18,759 [repositories/kiln] Class org.apache.xerces.parsers.SAXParser not found
[INFO ] 2021-02-09 19:49:18,780 [repositories/kiln] POST data to repository
[INFO ] 2021-02-09 19:49:18,781 [repositories/kiln] no base URI specified, using dummy 'foo:bar'
[WARN ] 2021-02-09 19:49:18,782 [repositories/kiln] Class org.apache.xerces.parsers.SAXParser not found
[INFO ] 2021-02-09 19:49:18,806 [repositories/kiln] POST transaction to repository
[WARN ] 2021-02-09 19:49:18,807 [repositories/kiln] Class org.apache.xerces.parsers.SAXParser not found
[INFO ] 2021-02-09 19:49:18,830 [repositories/kiln] POST data to repository
[INFO ] 2021-02-09 19:49:18,830 [repositories/kiln] no base URI specified, using dummy 'foo:bar'
[WARN ] 2021-02-09 19:49:18,831 [repositories/kiln] Class org.apache.xerces.parsers.SAXParser not found
[INFO ] 2021-02-09 19:49:18,852 [repositories/kiln] POST transaction to repository
[WARN ] 2021-02-09 19:49:18,853 [repositories/kiln] Class org.apache.xerces.parsers.SAXParser not found
[INFO ] 2021-02-09 19:49:18,873 [repositories/kiln] POST data to repository
[INFO ] 2021-02-09 19:49:18,873 [repositories/kiln] no base URI specified, using dummy 'foo:bar'
[WARN ] 2021-02-09 19:49:18,874 [repositories/kiln] Class org.apache.xerces.parsers.SAXParser not found
[INFO ] 2021-02-09 19:49:18,894 [repositories/kiln] POST transaction to repository
[WARN ] 2021-02-09 19:49:18,894 [repositories/kiln] Class org.apache.xerces.parsers.SAXParser not found
[INFO ] 2021-02-09 19:49:18,914 [repositories/kiln] POST data to repository
[INFO ] 2021-02-09 19:49:18,914 [repositories/kiln] no base URI specified, using dummy 'foo:bar'
[WARN ] 2021-02-09 19:49:18,915 [repositories/kiln] Class org.apache.xerces.parsers.SAXParser not found
[INFO ] 2021-02-09 19:49:18,933 [repositories/kiln] POST transaction to repository
[WARN ] 2021-02-09 19:49:18,934 [repositories/kiln] Class org.apache.xerces.parsers.SAXParser not found
[INFO ] 2021-02-09 19:49:18,954 [repositories/kiln] POST data to repository
[INFO ] 2021-02-09 19:49:18,954 [repositories/kiln] no base URI specified, using dummy 'foo:bar'
[WARN ] 2021-02-09 19:49:18,955 [repositories/kiln] Class org.apache.xerces.parsers.SAXParser not found
[INFO ] 2021-02-09 19:49:18,972 [repositories/kiln] POST transaction to repository
[WARN ] 2021-02-09 19:49:18,973 [repositories/kiln] Class org.apache.xerces.parsers.SAXParser not found
[INFO ] 2021-02-09 19:49:18,994 [repositories/kiln] POST data to repository
[INFO ] 2021-02-09 19:49:18,994 [repositories/kiln] no base URI specified, using dummy 'foo:bar'
[WARN ] 2021-02-09 19:49:18,995 [repositories/kiln] Class org.apache.xerces.parsers.SAXParser not found
[INFO ] 2021-02-09 19:49:19,014 [repositories/kiln] POST transaction to repository
[WARN ] 2021-02-09 19:49:19,015 [repositories/kiln] Class org.apache.xerces.parsers.SAXParser not found
[INFO ] 2021-02-09 19:49:19,035 [repositories/kiln] POST data to repository
[INFO ] 2021-02-09 19:49:19,036 [repositories/kiln] no base URI specified, using dummy 'foo:bar'
[WARN ] 2021-02-09 19:49:19,036 [repositories/kiln] Class org.apache.xerces.parsers.SAXParser not found
[INFO ] 2021-02-09 19:49:19,061 [repositories/kiln] POST transaction to repository
[WARN ] 2021-02-09 19:49:19,062 [repositories/kiln] Class org.apache.xerces.parsers.SAXParser not found
[INFO ] 2021-02-09 19:49:19,092 [repositories/kiln] POST data to repository
[INFO ] 2021-02-09 19:49:19,092 [repositories/kiln] no base URI specified, using dummy 'foo:bar'
[WARN ] 2021-02-09 19:49:19,093 [repositories/kiln] Class org.apache.xerces.parsers.SAXParser not found
[INFO ] 2021-02-09 19:49:19,114 [repositories/kiln] POST transaction to repository
[WARN ] 2021-02-09 19:49:19,116 [repositories/kiln] Class org.apache.xerces.parsers.SAXParser not found
[INFO ] 2021-02-09 19:49:19,137 [repositories/kiln] POST data to repository
[INFO ] 2021-02-09 19:49:19,137 [repositories/kiln] no base URI specified, using dummy 'foo:bar'
[WARN ] 2021-02-09 19:49:19,138 [repositories/kiln] Class org.apache.xerces.parsers.SAXParser not found
[INFO ] 2021-02-09 19:49:19,160 [repositories/kiln] POST transaction to repository
[WARN ] 2021-02-09 19:49:19,161 [repositories/kiln] Class org.apache.xerces.parsers.SAXParser not found
[INFO ] 2021-02-09 19:49:19,215 [repositories/kiln] POST data to repository
[INFO ] 2021-02-09 19:49:19,215 [repositories/kiln] no base URI specified, using dummy 'foo:bar'
[WARN ] 2021-02-09 19:49:19,216 [repositories/kiln] Class org.apache.xerces.parsers.SAXParser not found
[INFO ] 2021-02-09 19:49:19,252 [repositories/kiln] POST transaction to repository
[WARN ] 2021-02-09 19:49:19,253 [repositories/kiln] Class org.apache.xerces.parsers.SAXParser not found
[INFO ] 2021-02-09 19:49:19,294 [repositories/kiln] POST data to repository
[INFO ] 2021-02-09 19:49:19,294 [repositories/kiln] no base URI specified, using dummy 'foo:bar'
[WARN ] 2021-02-09 19:49:19,295 [repositories/kiln] Class org.apache.xerces.parsers.SAXParser not found
[INFO ] 2021-02-09 19:49:19,339 [repositories/kiln] POST transaction to repository
[WARN ] 2021-02-09 19:49:19,340 [repositories/kiln] Class org.apache.xerces.parsers.SAXParser not found
[INFO ] 2021-02-09 19:49:19,372 [repositories/kiln] POST data to repository
[INFO ] 2021-02-09 19:49:19,372 [repositories/kiln] no base URI specified, using dummy 'foo:bar'
[WARN ] 2021-02-09 19:49:19,373 [repositories/kiln] Class org.apache.xerces.parsers.SAXParser not found
[INFO ] 2021-02-09 19:49:19,396 [repositories/kiln] POST transaction to repository
[WARN ] 2021-02-09 19:49:19,396 [repositories/kiln] Class org.apache.xerces.parsers.SAXParser not found
[INFO ] 2021-02-09 19:49:20,692 [repositories/kiln] POST data to repository
[INFO ] 2021-02-09 19:49:20,693 [repositories/kiln] no base URI specified, using dummy 'foo:bar'
[WARN ] 2021-02-09 19:49:20,694 [repositories/kiln] Class org.apache.xerces.parsers.SAXParser not found
[INFO ] 2021-02-09 19:49:20,946 [repositories/kiln] POST transaction to repository
[WARN ] 2021-02-09 19:49:20,947 [repositories/kiln] Class org.apache.xerces.parsers.SAXParser not found
[INFO ] 2021-02-09 19:49:20,963 [repositories/kiln] POST data to repository
[INFO ] 2021-02-09 19:49:20,964 [repositories/kiln] no base URI specified, using dummy 'foo:bar'
[WARN ] 2021-02-09 19:49:20,964 [repositories/kiln] Class org.apache.xerces.parsers.SAXParser not found
[INFO ] 2021-02-09 19:49:20,980 [repositories/kiln] POST transaction to repository
[WARN ] 2021-02-09 19:49:20,981 [repositories/kiln] Class org.apache.xerces.parsers.SAXParser not found
[INFO ] 2021-02-09 19:49:20,998 [repositories/kiln] POST data to repository
[INFO ] 2021-02-09 19:49:20,998 [repositories/kiln] no base URI specified, using dummy 'foo:bar'
[WARN ] 2021-02-09 19:49:20,999 [repositories/kiln] Class org.apache.xerces.parsers.SAXParser not found
[INFO ] 2021-02-09 19:49:21,019 [repositories/kiln] POST transaction to repository
[WARN ] 2021-02-09 19:49:21,020 [repositories/kiln] Class org.apache.xerces.parsers.SAXParser not found
[INFO ] 2021-02-09 19:49:21,039 [repositories/kiln] POST data to repository
[INFO ] 2021-02-09 19:49:21,039 [repositories/kiln] no base URI specified, using dummy 'foo:bar'
[WARN ] 2021-02-09 19:49:21,040 [repositories/kiln] Class org.apache.xerces.parsers.SAXParser not found
[INFO ] 2021-02-09 19:49:21,058 [repositories/kiln] POST transaction to repository
[WARN ] 2021-02-09 19:49:21,058 [repositories/kiln] Class org.apache.xerces.parsers.SAXParser not found
[INFO ] 2021-02-09 19:49:21,080 [repositories/kiln] POST data to repository
[INFO ] 2021-02-09 19:49:21,080 [repositories/kiln] no base URI specified, using dummy 'foo:bar'
[WARN ] 2021-02-09 19:49:21,080 [repositories/kiln] Class org.apache.xerces.parsers.SAXParser not found
[INFO ] 2021-02-09 19:49:21,095 [repositories/kiln] POST transaction to repository
[WARN ] 2021-02-09 19:49:21,096 [repositories/kiln] Class org.apache.xerces.parsers.SAXParser not found
[INFO ] 2021-02-09 19:49:21,119 [repositories/kiln] POST data to repository
[INFO ] 2021-02-09 19:49:21,119 [repositories/kiln] no base URI specified, using dummy 'foo:bar'
[WARN ] 2021-02-09 19:49:21,120 [repositories/kiln] Class org.apache.xerces.parsers.SAXParser not found
[INFO ] 2021-02-09 19:49:21,135 [repositories/kiln] POST transaction to repository
[WARN ] 2021-02-09 19:49:21,136 [repositories/kiln] Class org.apache.xerces.parsers.SAXParser not found
[INFO ] 2021-02-09 19:49:21,166 [repositories/kiln] POST data to repository
[INFO ] 2021-02-09 19:49:21,166 [repositories/kiln] no base URI specified, using dummy 'foo:bar'
[WARN ] 2021-02-09 19:49:21,167 [repositories/kiln] Class org.apache.xerces.parsers.SAXParser not found
[INFO ] 2021-02-09 19:49:53,027 [repositories/kiln] POST transaction to repository
[WARN ] 2021-02-09 19:49:53,030 [repositories/kiln] Class org.apache.xerces.parsers.SAXParser not found
[INFO ] 2021-02-09 19:49:53,039 [repositories/kiln] POST data to repository
[INFO ] 2021-02-09 19:49:53,039 [repositories/kiln] no base URI specified, using dummy 'foo:bar'
[WARN ] 2021-02-09 19:49:53,040 [repositories/kiln] Class org.apache.xerces.parsers.SAXParser not found
[INFO ] 2021-02-09 19:49:53,053 [repositories/kiln] POST transaction to repository
[WARN ] 2021-02-09 19:49:53,053 [repositories/kiln] Class org.apache.xerces.parsers.SAXParser not found
[INFO ] 2021-02-09 19:49:53,061 [repositories/kiln] POST data to repository
[INFO ] 2021-02-09 19:49:53,061 [repositories/kiln] no base URI specified, using dummy 'foo:bar'
[WARN ] 2021-02-09 19:49:53,062 [repositories/kiln] Class org.apache.xerces.parsers.SAXParser not found
[INFO ] 2021-02-09 19:49:53,075 [repositories/kiln] POST transaction to repository
[WARN ] 2021-02-09 19:49:53,075 [repositories/kiln] Class org.apache.xerces.parsers.SAXParser not found
[INFO ] 2021-02-09 19:49:53,083 [repositories/kiln] POST data to repository
[INFO ] 2021-02-09 19:49:53,083 [repositories/kiln] no base URI specified, using dummy 'foo:bar'
[WARN ] 2021-02-09 19:49:53,084 [repositories/kiln] Class org.apache.xerces.parsers.SAXParser not found
[INFO ] 2021-02-09 19:49:53,097 [repositories/kiln] POST transaction to repository
[WARN ] 2021-02-09 19:49:53,097 [repositories/kiln] Class org.apache.xerces.parsers.SAXParser not found
[INFO ] 2021-02-09 19:49:53,106 [repositories/kiln] POST data to repository
[INFO ] 2021-02-09 19:49:53,106 [repositories/kiln] no base URI specified, using dummy 'foo:bar'
[WARN ] 2021-02-09 19:49:53,107 [repositories/kiln] Class org.apache.xerces.parsers.SAXParser not found
[INFO ] 2021-02-09 19:49:53,121 [repositories/kiln] POST transaction to repository
[WARN ] 2021-02-09 19:49:53,122 [repositories/kiln] Class org.apache.xerces.parsers.SAXParser not found
[INFO ] 2021-02-09 19:49:53,129 [repositories/kiln] POST data to repository
[INFO ] 2021-02-09 19:49:53,130 [repositories/kiln] no base URI specified, using dummy 'foo:bar'
[WARN ] 2021-02-09 19:49:53,130 [repositories/kiln] Class org.apache.xerces.parsers.SAXParser not found
[INFO ] 2021-02-09 19:49:53,144 [repositories/kiln] POST transaction to repository
[WARN ] 2021-02-09 19:49:53,145 [repositories/kiln] Class org.apache.xerces.parsers.SAXParser not found
[INFO ] 2021-02-09 19:49:53,154 [repositories/kiln] POST data to repository
[INFO ] 2021-02-09 19:49:53,154 [repositories/kiln] no base URI specified, using dummy 'foo:bar'
[WARN ] 2021-02-09 19:49:53,155 [repositories/kiln] Class org.apache.xerces.parsers.SAXParser not found
[INFO ] 2021-02-09 19:49:53,170 [repositories/kiln] POST transaction to repository
[WARN ] 2021-02-09 19:49:53,171 [repositories/kiln] Class org.apache.xerces.parsers.SAXParser not found
[INFO ] 2021-02-09 19:49:53,180 [repositories/kiln] POST data to repository
[INFO ] 2021-02-09 19:49:53,180 [repositories/kiln] no base URI specified, using dummy 'foo:bar'
[WARN ] 2021-02-09 19:49:53,181 [repositories/kiln] Class org.apache.xerces.parsers.SAXParser not found
[INFO ] 2021-02-09 19:49:53,196 [repositories/kiln] POST transaction to repository
[WARN ] 2021-02-09 19:49:53,197 [repositories/kiln] Class org.apache.xerces.parsers.SAXParser not found
[INFO ] 2021-02-09 19:49:53,207 [repositories/kiln] POST data to repository
[INFO ] 2021-02-09 19:49:53,207 [repositories/kiln] no base URI specified, using dummy 'foo:bar'
[WARN ] 2021-02-09 19:49:53,208 [repositories/kiln] Class org.apache.xerces.parsers.SAXParser not found
[INFO ] 2021-02-09 19:49:53,224 [repositories/kiln] POST transaction to repository
[WARN ] 2021-02-09 19:49:53,225 [repositories/kiln] Class org.apache.xerces.parsers.SAXParser not found
[INFO ] 2021-02-09 19:49:53,240 [repositories/kiln] POST data to repository
[INFO ] 2021-02-09 19:49:53,240 [repositories/kiln] no base URI specified, using dummy 'foo:bar'
[WARN ] 2021-02-09 19:49:53,240 [repositories/kiln] Class org.apache.xerces.parsers.SAXParser not found
[INFO ] 2021-02-09 19:49:53,257 [repositories/kiln] POST transaction to repository
[WARN ] 2021-02-09 19:49:53,258 [repositories/kiln] Class org.apache.xerces.parsers.SAXParser not found
[INFO ] 2021-02-09 19:49:53,268 [repositories/kiln] POST data to repository
[INFO ] 2021-02-09 19:49:53,269 [repositories/kiln] no base URI specified, using dummy 'foo:bar'
[WARN ] 2021-02-09 19:49:53,269 [repositories/kiln] Class org.apache.xerces.parsers.SAXParser not found
[INFO ] 2021-02-09 19:49:53,287 [repositories/kiln] POST transaction to repository
[WARN ] 2021-02-09 19:49:53,288 [repositories/kiln] Class org.apache.xerces.parsers.SAXParser not found
[INFO ] 2021-02-09 19:49:53,296 [repositories/kiln] POST data to repository
[INFO ] 2021-02-09 19:49:53,296 [repositories/kiln] no base URI specified, using dummy 'foo:bar'
[WARN ] 2021-02-09 19:49:53,297 [repositories/kiln] Class org.apache.xerces.parsers.SAXParser not found
[INFO ] 2021-02-09 19:49:53,312 [repositories/kiln] POST transaction to repository
[WARN ] 2021-02-09 19:49:53,312 [repositories/kiln] Class org.apache.xerces.parsers.SAXParser not found
[INFO ] 2021-02-09 19:49:53,320 [repositories/kiln] POST data to repository
[INFO ] 2021-02-09 19:49:53,321 [repositories/kiln] no base URI specified, using dummy 'foo:bar'
[WARN ] 2021-02-09 19:49:53,321 [repositories/kiln] Class org.apache.xerces.parsers.SAXParser not found
[INFO ] 2021-02-09 19:49:53,336 [repositories/kiln] POST transaction to repository
[WARN ] 2021-02-09 19:49:53,336 [repositories/kiln] Class org.apache.xerces.parsers.SAXParser not found
[INFO ] 2021-02-09 19:49:53,344 [repositories/kiln] POST data to repository
[INFO ] 2021-02-09 19:49:53,345 [repositories/kiln] no base URI specified, using dummy 'foo:bar'
[WARN ] 2021-02-09 19:49:53,346 [repositories/kiln] Class org.apache.xerces.parsers.SAXParser not found
[INFO ] 2021-02-09 19:49:53,361 [repositories/kiln] POST transaction to repository
[WARN ] 2021-02-09 19:49:53,361 [repositories/kiln] Class org.apache.xerces.parsers.SAXParser not found
[INFO ] 2021-02-09 19:49:53,371 [repositories/kiln] POST data to repository
[INFO ] 2021-02-09 19:49:53,371 [repositories/kiln] no base URI specified, using dummy 'foo:bar'
[WARN ] 2021-02-09 19:49:53,372 [repositories/kiln] Class org.apache.xerces.parsers.SAXParser not found
[INFO ] 2021-02-09 19:49:53,388 [repositories/kiln] POST transaction to repository
[WARN ] 2021-02-09 19:49:53,389 [repositories/kiln] Class org.apache.xerces.parsers.SAXParser not found
[INFO ] 2021-02-09 19:49:53,399 [repositories/kiln] POST data to repository
[INFO ] 2021-02-09 19:49:53,399 [repositories/kiln] no base URI specified, using dummy 'foo:bar'
[WARN ] 2021-02-09 19:49:53,400 [repositories/kiln] Class org.apache.xerces.parsers.SAXParser not found
[INFO ] 2021-02-09 19:49:53,414 [repositories/kiln] POST transaction to repository
[WARN ] 2021-02-09 19:49:53,415 [repositories/kiln] Class org.apache.xerces.parsers.SAXParser not found
[INFO ] 2021-02-09 19:49:53,424 [repositories/kiln] POST data to repository
[INFO ] 2021-02-09 19:49:53,424 [repositories/kiln] no base URI specified, using dummy 'foo:bar'
[WARN ] 2021-02-09 19:49:53,425 [repositories/kiln] Class org.apache.xerces.parsers.SAXParser not found
[INFO ] 2021-02-09 19:49:53,439 [repositories/kiln] POST transaction to repository
[WARN ] 2021-02-09 19:49:53,440 [repositories/kiln] Class org.apache.xerces.parsers.SAXParser not found
[INFO ] 2021-02-09 19:49:53,450 [repositories/kiln] POST data to repository
[INFO ] 2021-02-09 19:49:53,450 [repositories/kiln] no base URI specified, using dummy 'foo:bar'
[WARN ] 2021-02-09 19:49:53,451 [repositories/kiln] Class org.apache.xerces.parsers.SAXParser not found
[INFO ] 2021-02-09 19:49:53,468 [repositories/kiln] POST transaction to repository
[WARN ] 2021-02-09 19:49:53,468 [repositories/kiln] Class org.apache.xerces.parsers.SAXParser not found
[INFO ] 2021-02-09 19:49:53,476 [repositories/kiln] POST data to repository
[INFO ] 2021-02-09 19:49:53,476 [repositories/kiln] no base URI specified, using dummy 'foo:bar'
[WARN ] 2021-02-09 19:49:53,477 [repositories/kiln] Class org.apache.xerces.parsers.SAXParser not found
[INFO ] 2021-02-09 19:49:53,493 [repositories/kiln] POST transaction to repository
[WARN ] 2021-02-09 19:49:53,494 [repositories/kiln] Class org.apache.xerces.parsers.SAXParser not found
[INFO ] 2021-02-09 19:49:53,504 [repositories/kiln] POST data to repository
[INFO ] 2021-02-09 19:49:53,504 [repositories/kiln] no base URI specified, using dummy 'foo:bar'
[WARN ] 2021-02-09 19:49:53,505 [repositories/kiln] Class org.apache.xerces.parsers.SAXParser not found
[INFO ] 2021-02-09 19:49:53,520 [repositories/kiln] POST transaction to repository
[WARN ] 2021-02-09 19:49:53,521 [repositories/kiln] Class org.apache.xerces.parsers.SAXParser not found
[INFO ] 2021-02-09 19:49:53,529 [repositories/kiln] POST data to repository
[INFO ] 2021-02-09 19:49:53,530 [repositories/kiln] no base URI specified, using dummy 'foo:bar'
[WARN ] 2021-02-09 19:49:53,530 [repositories/kiln] Class org.apache.xerces.parsers.SAXParser not found
[INFO ] 2021-02-09 19:49:53,542 [repositories/kiln] POST transaction to repository
[WARN ] 2021-02-09 19:49:53,543 [repositories/kiln] Class org.apache.xerces.parsers.SAXParser not found
[INFO ] 2021-02-09 19:49:53,554 [repositories/kiln] POST data to repository
[INFO ] 2021-02-09 19:49:53,554 [repositories/kiln] no base URI specified, using dummy 'foo:bar'
[WARN ] 2021-02-09 19:49:53,555 [repositories/kiln] Class org.apache.xerces.parsers.SAXParser not found
[INFO ] 2021-02-09 19:49:53,569 [repositories/kiln] POST transaction to repository
[WARN ] 2021-02-09 19:49:53,570 [repositories/kiln] Class org.apache.xerces.parsers.SAXParser not found
[INFO ] 2021-02-09 19:49:53,578 [repositories/kiln] POST data to repository
[INFO ] 2021-02-09 19:49:53,578 [repositories/kiln] no base URI specified, using dummy 'foo:bar'
[WARN ] 2021-02-09 19:49:53,578 [repositories/kiln] Class org.apache.xerces.parsers.SAXParser not found
[INFO ] 2021-02-09 19:49:53,595 [repositories/kiln] POST transaction to repository
[WARN ] 2021-02-09 19:49:53,595 [repositories/kiln] Class org.apache.xerces.parsers.SAXParser not found
[INFO ] 2021-02-09 19:49:53,605 [repositories/kiln] POST data to repository
[INFO ] 2021-02-09 19:49:53,606 [repositories/kiln] no base URI specified, using dummy 'foo:bar'
[WARN ] 2021-02-09 19:49:53,607 [repositories/kiln] Class org.apache.xerces.parsers.SAXParser not found
[INFO ] 2021-02-09 19:49:53,621 [repositories/kiln] POST transaction to repository
[WARN ] 2021-02-09 19:49:53,621 [repositories/kiln] Class org.apache.xerces.parsers.SAXParser not found
[INFO ] 2021-02-09 19:49:53,630 [repositories/kiln] POST data to repository
[INFO ] 2021-02-09 19:49:53,630 [repositories/kiln] no base URI specified, using dummy 'foo:bar'
[WARN ] 2021-02-09 19:49:53,631 [repositories/kiln] Class org.apache.xerces.parsers.SAXParser not found
[INFO ] 2021-02-09 19:49:53,643 [repositories/kiln] POST transaction to repository
[WARN ] 2021-02-09 19:49:53,644 [repositories/kiln] Class org.apache.xerces.parsers.SAXParser not found
[INFO ] 2021-02-09 19:49:53,651 [repositories/kiln] POST data to repository
[INFO ] 2021-02-09 19:49:53,651 [repositories/kiln] no base URI specified, using dummy 'foo:bar'
[WARN ] 2021-02-09 19:49:53,652 [repositories/kiln] Class org.apache.xerces.parsers.SAXParser not found
[INFO ] 2021-02-09 19:49:53,665 [repositories/kiln] POST transaction to repository
[WARN ] 2021-02-09 19:49:53,665 [repositories/kiln] Class org.apache.xerces.parsers.SAXParser not found
[INFO ] 2021-02-09 19:49:53,674 [repositories/kiln] POST data to repository
[INFO ] 2021-02-09 19:49:53,674 [repositories/kiln] no base URI specified, using dummy 'foo:bar'
[WARN ] 2021-02-09 19:49:53,674 [repositories/kiln] Class org.apache.xerces.parsers.SAXParser not found
[INFO ] 2021-02-09 19:49:53,685 [repositories/kiln] POST transaction to repository
[WARN ] 2021-02-09 19:49:53,686 [repositories/kiln] Class org.apache.xerces.parsers.SAXParser not found
[INFO ] 2021-02-09 19:49:53,694 [repositories/kiln] POST data to repository
[INFO ] 2021-02-09 19:49:53,694 [repositories/kiln] no base URI specified, using dummy 'foo:bar'
[WARN ] 2021-02-09 19:49:53,695 [repositories/kiln] Class org.apache.xerces.parsers.SAXParser not found
[INFO ] 2021-02-09 19:49:53,709 [repositories/kiln] POST transaction to repository
[WARN ] 2021-02-09 19:49:53,710 [repositories/kiln] Class org.apache.xerces.parsers.SAXParser not found
[INFO ] 2021-02-09 19:49:53,717 [repositories/kiln] POST data to repository
[INFO ] 2021-02-09 19:49:53,717 [repositories/kiln] no base URI specified, using dummy 'foo:bar'
[WARN ] 2021-02-09 19:49:53,718 [repositories/kiln] Class org.apache.xerces.parsers.SAXParser not found
[INFO ] 2021-02-09 19:49:53,730 [repositories/kiln] POST transaction to repository
[WARN ] 2021-02-09 19:49:53,731 [repositories/kiln] Class org.apache.xerces.parsers.SAXParser not found
[INFO ] 2021-02-09 19:49:53,739 [repositories/kiln] POST data to repository
[INFO ] 2021-02-09 19:49:53,739 [repositories/kiln] no base URI specified, using dummy 'foo:bar'
[WARN ] 2021-02-09 19:49:53,739 [repositories/kiln] Class org.apache.xerces.parsers.SAXParser not found
[INFO ] 2021-02-09 19:49:53,751 [repositories/kiln] POST transaction to repository
[WARN ] 2021-02-09 19:49:53,752 [repositories/kiln] Class org.apache.xerces.parsers.SAXParser not found
[INFO ] 2021-02-09 19:49:53,759 [repositories/kiln] POST data to repository
[INFO ] 2021-02-09 19:49:53,759 [repositories/kiln] no base URI specified, using dummy 'foo:bar'
[WARN ] 2021-02-09 19:49:53,759 [repositories/kiln] Class org.apache.xerces.parsers.SAXParser not found
[INFO ] 2021-02-09 19:49:53,771 [repositories/kiln] POST transaction to repository
[WARN ] 2021-02-09 19:49:53,772 [repositories/kiln] Class org.apache.xerces.parsers.SAXParser not found
[INFO ] 2021-02-09 19:49:54,219 [repositories/kiln] POST data to repository
[INFO ] 2021-02-09 19:49:54,219 [repositories/kiln] no base URI specified, using dummy 'foo:bar'
[WARN ] 2021-02-09 19:49:54,220 [repositories/kiln] Class org.apache.xerces.parsers.SAXParser not found
[INFO ] 2021-02-09 19:49:54,409 [repositories/kiln] POST transaction to repository
[WARN ] 2021-02-09 19:49:54,409 [repositories/kiln] Class org.apache.xerces.parsers.SAXParser not found
[INFO ] 2021-02-09 19:49:54,417 [repositories/kiln] POST data to repository
[INFO ] 2021-02-09 19:49:54,417 [repositories/kiln] no base URI specified, using dummy 'foo:bar'
[WARN ] 2021-02-09 19:49:54,418 [repositories/kiln] Class org.apache.xerces.parsers.SAXParser not found
[INFO ] 2021-02-09 19:49:54,429 [repositories/kiln] POST transaction to repository
[WARN ] 2021-02-09 19:49:54,430 [repositories/kiln] Class org.apache.xerces.parsers.SAXParser not found
[INFO ] 2021-02-09 19:49:54,438 [repositories/kiln] POST data to repository
[INFO ] 2021-02-09 19:49:54,438 [repositories/kiln] no base URI specified, using dummy 'foo:bar'
[WARN ] 2021-02-09 19:49:54,439 [repositories/kiln] Class org.apache.xerces.parsers.SAXParser not found
[INFO ] 2021-02-09 19:49:54,450 [repositories/kiln] POST transaction to repository
[WARN ] 2021-02-09 19:49:54,451 [repositories/kiln] Class org.apache.xerces.parsers.SAXParser not found
[INFO ] 2021-02-09 19:49:54,458 [repositories/kiln] POST data to repository
[INFO ] 2021-02-09 19:49:54,458 [repositories/kiln] no base URI specified, using dummy 'foo:bar'
[WARN ] 2021-02-09 19:49:54,459 [repositories/kiln] Class org.apache.xerces.parsers.SAXParser not found
[INFO ] 2021-02-09 19:49:54,473 [repositories/kiln] POST transaction to repository
[WARN ] 2021-02-09 19:49:54,474 [repositories/kiln] Class org.apache.xerces.parsers.SAXParser not found
[INFO ] 2021-02-09 19:49:54,481 [repositories/kiln] POST data to repository
[INFO ] 2021-02-09 19:49:54,481 [repositories/kiln] no base URI specified, using dummy 'foo:bar'
[WARN ] 2021-02-09 19:49:54,481 [repositories/kiln] Class org.apache.xerces.parsers.SAXParser not found
[INFO ] 2021-02-09 19:49:54,493 [repositories/kiln] POST transaction to repository
[WARN ] 2021-02-09 19:49:54,493 [repositories/kiln] Class org.apache.xerces.parsers.SAXParser not found
[INFO ] 2021-02-09 19:49:54,501 [repositories/kiln] POST data to repository
[INFO ] 2021-02-09 19:49:54,501 [repositories/kiln] no base URI specified, using dummy 'foo:bar'
[WARN ] 2021-02-09 19:49:54,501 [repositories/kiln] Class org.apache.xerces.parsers.SAXParser not found
[INFO ] 2021-02-09 19:49:54,514 [repositories/kiln] POST transaction to repository
[WARN ] 2021-02-09 19:49:54,514 [repositories/kiln] Class org.apache.xerces.parsers.SAXParser not found
[INFO ] 2021-02-09 19:49:54,522 [repositories/kiln] POST data to repository
[INFO ] 2021-02-09 19:49:54,522 [repositories/kiln] no base URI specified, using dummy 'foo:bar'
[WARN ] 2021-02-09 19:49:54,522 [repositories/kiln] Class org.apache.xerces.parsers.SAXParser not found
[INFO ] 2021-02-09 19:50:08,816 [repositories/kiln] POST query -1227659729
[INFO ] 2021-02-09 19:50:08,978 [repositories/kiln] Request for query -1227659729 is finished
[INFO ] 2021-02-09 19:50:18,801 [repositories/kiln] POST query -1227659729
[INFO ] 2021-02-09 19:50:18,828 [repositories/kiln] Request for query -1227659729 is finished
[INFO ] 2021-02-09 19:51:43,142 [Thread-1] Closing org.springframework.web.context.support.XmlWebApplicationContext@21557e98: display name [WebApplicationContext for namespace 'openrdf-http-server-servlet']; startup date [Tue Feb 09 19:47:50 CET 2021]; root of context hierarchy
[INFO ] 2021-02-09 19:51:43,147 [Thread-1] Destroying singletons in org.springframework.beans.factory.support.DefaultListableBeanFactory@69ff5aca: defining beans [messageSource,adunaAppVersion,adunaAppConfig,adunaWebappNavigation,adunaWebappCommonValuesInserter,adunaWebappMessageInserter,adunaWebappNavigationInserter,filenameViewController,viewResolver,adunaWebappSystemUrlMapping,adunaWebappSystemOverviewController,adunaWebappLoggingOverviewController,adunaWebappSystemInfoController,openrdfRepositoryManager,scopedTarget.openrdfRepositoryInterceptor,openrdfRepositoryInterceptor,openrdfProtocolUrlMapping,openrdfRepositoryListUrlMapping,openrdfRepositoryUrlMapping,openrdfServerHomeUrlMapping,openrdfHandlerExceptionResolver,openrdfProtocolController,openrdfRepositoryListController,openrdfRepositoryController,openrdfRepositoryContextsController,openrdfRepositoryNamespacesController,openrdfRepositoryNamespaceController,openrdfRepositorySizeController,openrdfRepositoryStatementsController,openrdfRepositoryGraphController]; root of factory hierarchy
