[INFO ] 2021-02-06 15:07:51,488 [main] Logback logging API implementation is configured.
[INFO ] 2021-02-06 15:07:52,263 [main] FrameworkServlet 'openrdf-http-server': initialization completed in 1400 ms
[INFO ] 2021-02-06 15:08:47,832 [repositories/kiln] POST query -1227659729
[INFO ] 2021-02-06 15:08:48,831 [repositories/kiln] Request for query -1227659729 is finished
[INFO ] 2021-02-06 15:11:43,973 [Thread-1] Closing org.springframework.web.context.support.XmlWebApplicationContext@21557e98: display name [WebApplicationContext for namespace 'openrdf-http-server-servlet']; startup date [Sat Feb 06 15:07:50 CET 2021]; root of context hierarchy
[INFO ] 2021-02-06 15:11:43,978 [Thread-1] Destroying singletons in org.springframework.beans.factory.support.DefaultListableBeanFactory@69ff5aca: defining beans [messageSource,adunaAppVersion,adunaAppConfig,adunaWebappNavigation,adunaWebappCommonValuesInserter,adunaWebappMessageInserter,adunaWebappNavigationInserter,filenameViewController,viewResolver,adunaWebappSystemUrlMapping,adunaWebappSystemOverviewController,adunaWebappLoggingOverviewController,adunaWebappSystemInfoController,openrdfRepositoryManager,scopedTarget.openrdfRepositoryInterceptor,openrdfRepositoryInterceptor,openrdfProtocolUrlMapping,openrdfRepositoryListUrlMapping,openrdfRepositoryUrlMapping,openrdfServerHomeUrlMapping,openrdfHandlerExceptionResolver,openrdfProtocolController,openrdfRepositoryListController,openrdfRepositoryController,openrdfRepositoryContextsController,openrdfRepositoryNamespacesController,openrdfRepositoryNamespaceController,openrdfRepositorySizeController,openrdfRepositoryStatementsController,openrdfRepositoryGraphController]; root of factory hierarchy
[INFO ] 2021-02-06 15:12:02,723 [main] Logback logging API implementation is configured.
[INFO ] 2021-02-06 15:12:03,414 [main] FrameworkServlet 'openrdf-http-server': initialization completed in 1282 ms
[INFO ] 2021-02-06 15:12:46,184 [repositories/kiln] POST query -1227659729
[INFO ] 2021-02-06 15:12:46,555 [repositories/kiln] Request for query -1227659729 is finished
[INFO ] 2021-02-06 15:13:17,215 [repositories/kiln] POST query -1227659729
[INFO ] 2021-02-06 15:13:17,277 [repositories/kiln] Request for query -1227659729 is finished
[INFO ] 2021-02-06 15:13:21,978 [repositories/kiln] POST query -1227659729
[INFO ] 2021-02-06 15:13:22,031 [repositories/kiln] Request for query -1227659729 is finished
[INFO ] 2021-02-06 15:13:26,466 [repositories/kiln] POST query -1227659729
[INFO ] 2021-02-06 15:13:26,502 [repositories/kiln] Request for query -1227659729 is finished
[INFO ] 2021-02-06 15:13:41,909 [repositories/kiln] POST query -1227659729
[INFO ] 2021-02-06 15:13:41,951 [repositories/kiln] Request for query -1227659729 is finished
[INFO ] 2021-02-06 15:21:06,746 [Thread-1] Closing org.springframework.web.context.support.XmlWebApplicationContext@21557e98: display name [WebApplicationContext for namespace 'openrdf-http-server-servlet']; startup date [Sat Feb 06 15:12:02 CET 2021]; root of context hierarchy
[INFO ] 2021-02-06 15:21:06,751 [Thread-1] Destroying singletons in org.springframework.beans.factory.support.DefaultListableBeanFactory@69ff5aca: defining beans [messageSource,adunaAppVersion,adunaAppConfig,adunaWebappNavigation,adunaWebappCommonValuesInserter,adunaWebappMessageInserter,adunaWebappNavigationInserter,filenameViewController,viewResolver,adunaWebappSystemUrlMapping,adunaWebappSystemOverviewController,adunaWebappLoggingOverviewController,adunaWebappSystemInfoController,openrdfRepositoryManager,scopedTarget.openrdfRepositoryInterceptor,openrdfRepositoryInterceptor,openrdfProtocolUrlMapping,openrdfRepositoryListUrlMapping,openrdfRepositoryUrlMapping,openrdfServerHomeUrlMapping,openrdfHandlerExceptionResolver,openrdfProtocolController,openrdfRepositoryListController,openrdfRepositoryController,openrdfRepositoryContextsController,openrdfRepositoryNamespacesController,openrdfRepositoryNamespaceController,openrdfRepositorySizeController,openrdfRepositoryStatementsController,openrdfRepositoryGraphController]; root of factory hierarchy
[INFO ] 2021-02-06 15:21:27,627 [main] Logback logging API implementation is configured.
[INFO ] 2021-02-06 15:21:28,249 [main] FrameworkServlet 'openrdf-http-server': initialization completed in 1208 ms
[INFO ] 2021-02-06 15:23:09,166 [Thread-1] Closing org.springframework.web.context.support.XmlWebApplicationContext@21557e98: display name [WebApplicationContext for namespace 'openrdf-http-server-servlet']; startup date [Sat Feb 06 15:21:27 CET 2021]; root of context hierarchy
[INFO ] 2021-02-06 15:23:09,171 [Thread-1] Destroying singletons in org.springframework.beans.factory.support.DefaultListableBeanFactory@69ff5aca: defining beans [messageSource,adunaAppVersion,adunaAppConfig,adunaWebappNavigation,adunaWebappCommonValuesInserter,adunaWebappMessageInserter,adunaWebappNavigationInserter,filenameViewController,viewResolver,adunaWebappSystemUrlMapping,adunaWebappSystemOverviewController,adunaWebappLoggingOverviewController,adunaWebappSystemInfoController,openrdfRepositoryManager,scopedTarget.openrdfRepositoryInterceptor,openrdfRepositoryInterceptor,openrdfProtocolUrlMapping,openrdfRepositoryListUrlMapping,openrdfRepositoryUrlMapping,openrdfServerHomeUrlMapping,openrdfHandlerExceptionResolver,openrdfProtocolController,openrdfRepositoryListController,openrdfRepositoryController,openrdfRepositoryContextsController,openrdfRepositoryNamespacesController,openrdfRepositoryNamespaceController,openrdfRepositorySizeController,openrdfRepositoryStatementsController,openrdfRepositoryGraphController]; root of factory hierarchy
[INFO ] 2021-02-06 15:23:34,673 [main] Logback logging API implementation is configured.
[INFO ] 2021-02-06 15:23:35,865 [main] FrameworkServlet 'openrdf-http-server': initialization completed in 2199 ms
[INFO ] 2021-02-06 15:24:21,401 [repositories/kiln] POST query -1227659729
[INFO ] 2021-02-06 15:24:21,828 [repositories/kiln] Request for query -1227659729 is finished
[INFO ] 2021-02-06 15:24:28,811 [repositories/kiln] POST query -1227659729
[INFO ] 2021-02-06 15:24:28,853 [repositories/kiln] Request for query -1227659729 is finished
[INFO ] 2021-02-06 16:36:14,009 [Thread-1] Closing org.springframework.web.context.support.XmlWebApplicationContext@21557e98: display name [WebApplicationContext for namespace 'openrdf-http-server-servlet']; startup date [Sat Feb 06 15:23:33 CET 2021]; root of context hierarchy
[INFO ] 2021-02-06 16:36:14,020 [Thread-1] Destroying singletons in org.springframework.beans.factory.support.DefaultListableBeanFactory@69ff5aca: defining beans [messageSource,adunaAppVersion,adunaAppConfig,adunaWebappNavigation,adunaWebappCommonValuesInserter,adunaWebappMessageInserter,adunaWebappNavigationInserter,filenameViewController,viewResolver,adunaWebappSystemUrlMapping,adunaWebappSystemOverviewController,adunaWebappLoggingOverviewController,adunaWebappSystemInfoController,openrdfRepositoryManager,scopedTarget.openrdfRepositoryInterceptor,openrdfRepositoryInterceptor,openrdfProtocolUrlMapping,openrdfRepositoryListUrlMapping,openrdfRepositoryUrlMapping,openrdfServerHomeUrlMapping,openrdfHandlerExceptionResolver,openrdfProtocolController,openrdfRepositoryListController,openrdfRepositoryController,openrdfRepositoryContextsController,openrdfRepositoryNamespacesController,openrdfRepositoryNamespaceController,openrdfRepositorySizeController,openrdfRepositoryStatementsController,openrdfRepositoryGraphController]; root of factory hierarchy
[INFO ] 2021-02-06 16:36:34,818 [main] Logback logging API implementation is configured.
[INFO ] 2021-02-06 16:36:35,508 [main] FrameworkServlet 'openrdf-http-server': initialization completed in 1305 ms
[INFO ] 2021-02-06 16:41:23,689 [repositories/kiln] POST query -1227659729
[INFO ] 2021-02-06 16:41:24,653 [repositories/kiln] Request for query -1227659729 is finished
[INFO ] 2021-02-06 17:04:51,671 [Thread-1] Closing org.springframework.web.context.support.XmlWebApplicationContext@21557e98: display name [WebApplicationContext for namespace 'openrdf-http-server-servlet']; startup date [Sat Feb 06 16:36:34 CET 2021]; root of context hierarchy
[INFO ] 2021-02-06 17:04:51,674 [Thread-1] Destroying singletons in org.springframework.beans.factory.support.DefaultListableBeanFactory@69ff5aca: defining beans [messageSource,adunaAppVersion,adunaAppConfig,adunaWebappNavigation,adunaWebappCommonValuesInserter,adunaWebappMessageInserter,adunaWebappNavigationInserter,filenameViewController,viewResolver,adunaWebappSystemUrlMapping,adunaWebappSystemOverviewController,adunaWebappLoggingOverviewController,adunaWebappSystemInfoController,openrdfRepositoryManager,scopedTarget.openrdfRepositoryInterceptor,openrdfRepositoryInterceptor,openrdfProtocolUrlMapping,openrdfRepositoryListUrlMapping,openrdfRepositoryUrlMapping,openrdfServerHomeUrlMapping,openrdfHandlerExceptionResolver,openrdfProtocolController,openrdfRepositoryListController,openrdfRepositoryController,openrdfRepositoryContextsController,openrdfRepositoryNamespacesController,openrdfRepositoryNamespaceController,openrdfRepositorySizeController,openrdfRepositoryStatementsController,openrdfRepositoryGraphController]; root of factory hierarchy
[INFO ] 2021-02-06 17:05:09,567 [main] Logback logging API implementation is configured.
[INFO ] 2021-02-06 17:05:10,211 [main] FrameworkServlet 'openrdf-http-server': initialization completed in 1270 ms
[INFO ] 2021-02-06 17:16:27,682 [Thread-1] Closing org.springframework.web.context.support.XmlWebApplicationContext@21557e98: display name [WebApplicationContext for namespace 'openrdf-http-server-servlet']; startup date [Sat Feb 06 17:05:08 CET 2021]; root of context hierarchy
[INFO ] 2021-02-06 17:16:27,685 [Thread-1] Destroying singletons in org.springframework.beans.factory.support.DefaultListableBeanFactory@69ff5aca: defining beans [messageSource,adunaAppVersion,adunaAppConfig,adunaWebappNavigation,adunaWebappCommonValuesInserter,adunaWebappMessageInserter,adunaWebappNavigationInserter,filenameViewController,viewResolver,adunaWebappSystemUrlMapping,adunaWebappSystemOverviewController,adunaWebappLoggingOverviewController,adunaWebappSystemInfoController,openrdfRepositoryManager,scopedTarget.openrdfRepositoryInterceptor,openrdfRepositoryInterceptor,openrdfProtocolUrlMapping,openrdfRepositoryListUrlMapping,openrdfRepositoryUrlMapping,openrdfServerHomeUrlMapping,openrdfHandlerExceptionResolver,openrdfProtocolController,openrdfRepositoryListController,openrdfRepositoryController,openrdfRepositoryContextsController,openrdfRepositoryNamespacesController,openrdfRepositoryNamespaceController,openrdfRepositorySizeController,openrdfRepositoryStatementsController,openrdfRepositoryGraphController]; root of factory hierarchy
[INFO ] 2021-02-06 17:16:44,863 [main] Logback logging API implementation is configured.
[INFO ] 2021-02-06 17:16:45,480 [main] FrameworkServlet 'openrdf-http-server': initialization completed in 1179 ms
[INFO ] 2021-02-06 17:20:21,569 [Thread-1] Closing org.springframework.web.context.support.XmlWebApplicationContext@21557e98: display name [WebApplicationContext for namespace 'openrdf-http-server-servlet']; startup date [Sat Feb 06 17:16:44 CET 2021]; root of context hierarchy
[INFO ] 2021-02-06 17:20:21,573 [Thread-1] Destroying singletons in org.springframework.beans.factory.support.DefaultListableBeanFactory@69ff5aca: defining beans [messageSource,adunaAppVersion,adunaAppConfig,adunaWebappNavigation,adunaWebappCommonValuesInserter,adunaWebappMessageInserter,adunaWebappNavigationInserter,filenameViewController,viewResolver,adunaWebappSystemUrlMapping,adunaWebappSystemOverviewController,adunaWebappLoggingOverviewController,adunaWebappSystemInfoController,openrdfRepositoryManager,scopedTarget.openrdfRepositoryInterceptor,openrdfRepositoryInterceptor,openrdfProtocolUrlMapping,openrdfRepositoryListUrlMapping,openrdfRepositoryUrlMapping,openrdfServerHomeUrlMapping,openrdfHandlerExceptionResolver,openrdfProtocolController,openrdfRepositoryListController,openrdfRepositoryController,openrdfRepositoryContextsController,openrdfRepositoryNamespacesController,openrdfRepositoryNamespaceController,openrdfRepositorySizeController,openrdfRepositoryStatementsController,openrdfRepositoryGraphController]; root of factory hierarchy
[INFO ] 2021-02-06 17:20:40,489 [main] Logback logging API implementation is configured.
[INFO ] 2021-02-06 17:20:41,145 [main] FrameworkServlet 'openrdf-http-server': initialization completed in 1244 ms
[INFO ] 2021-02-06 17:28:44,558 [Thread-1] Closing org.springframework.web.context.support.XmlWebApplicationContext@21557e98: display name [WebApplicationContext for namespace 'openrdf-http-server-servlet']; startup date [Sat Feb 06 17:20:39 CET 2021]; root of context hierarchy
[INFO ] 2021-02-06 17:28:44,562 [Thread-1] Destroying singletons in org.springframework.beans.factory.support.DefaultListableBeanFactory@69ff5aca: defining beans [messageSource,adunaAppVersion,adunaAppConfig,adunaWebappNavigation,adunaWebappCommonValuesInserter,adunaWebappMessageInserter,adunaWebappNavigationInserter,filenameViewController,viewResolver,adunaWebappSystemUrlMapping,adunaWebappSystemOverviewController,adunaWebappLoggingOverviewController,adunaWebappSystemInfoController,openrdfRepositoryManager,scopedTarget.openrdfRepositoryInterceptor,openrdfRepositoryInterceptor,openrdfProtocolUrlMapping,openrdfRepositoryListUrlMapping,openrdfRepositoryUrlMapping,openrdfServerHomeUrlMapping,openrdfHandlerExceptionResolver,openrdfProtocolController,openrdfRepositoryListController,openrdfRepositoryController,openrdfRepositoryContextsController,openrdfRepositoryNamespacesController,openrdfRepositoryNamespaceController,openrdfRepositorySizeController,openrdfRepositoryStatementsController,openrdfRepositoryGraphController]; root of factory hierarchy
