INFO  (2021-02-12) 14:40.28:815 [access] (Unknown-URI) Unknown-Thread/CocoonServlet: Reloading from: file:/Users/Irene/Sites/Fiscus_bis/webapps/ROOT/WEB-INF/cocoon.xconf
INFO  (2021-02-12) 14:40.29:225 [core.runnable] (Unknown-URI) Unknown-Thread/DefaultRunnableManager: ThreadPool named "default" created with maximum queue-size=2147483647,max-pool-size=5,min-pool-size=5,priority=5,isDaemon=false,keep-alive-time-ms=60000,block-policy="ABORT",shutdown-wait-time-ms=-1
INFO  (2021-02-12) 14:40.29:229 [core.runnable] (Unknown-URI) Unknown-Thread/DefaultRunnableManager: ThreadPool named "daemon" created with no queue,max-pool-size=2147483647,min-pool-size=1,priority=5,isDaemon=true,keep-alive-time-ms=60000,block-policy=ABORT,shutdown-wait-time-ms=-1
INFO  (2021-02-12) 14:40.29:609 [core.store] (Unknown-URI) Unknown-Thread/EHDefaultStore: EHCache cache "cocoon-ehcache-1" initialized
WARN  (2021-02-12) 14:40.29:629 [core.language.java] (Unknown-URI) Unknown-Thread/JavaLanguage: Could not expand Directory:null
java.lang.NullPointerException: Cannot invoke "String.length()" because "str" is null
	at java.base/java.util.StringTokenizer.<init>(StringTokenizer.java:198)
	at java.base/java.util.StringTokenizer.<init>(StringTokenizer.java:220)
	at org.apache.cocoon.components.language.programming.java.JavaLanguage.expandDirs(JavaLanguage.java:280)
	at org.apache.cocoon.components.language.programming.java.JavaLanguage.initialize(JavaLanguage.java:147)
	at org.apache.avalon.framework.container.ContainerUtil.initialize(ContainerUtil.java:244)
	at org.apache.avalon.excalibur.component.DefaultComponentFactory.newInstance(DefaultComponentFactory.java:297)
	at org.apache.avalon.excalibur.component.ThreadSafeComponentHandler.initialize(ThreadSafeComponentHandler.java:108)
	at org.apache.avalon.excalibur.component.ExcaliburComponentSelector.addComponent(ExcaliburComponentSelector.java:705)
	at org.apache.cocoon.components.ExtendedComponentSelector.configure(ExtendedComponentSelector.java:229)
	at org.apache.avalon.framework.container.ContainerUtil.configure(ContainerUtil.java:201)
	at org.apache.avalon.excalibur.component.DefaultComponentFactory.newInstance(DefaultComponentFactory.java:289)
	at org.apache.avalon.excalibur.component.ThreadSafeComponentHandler.initialize(ThreadSafeComponentHandler.java:108)
	at org.apache.avalon.excalibur.component.ExcaliburComponentManager.lookup(ExcaliburComponentManager.java:278)
	at org.apache.cocoon.components.CocoonComponentManager.lookup(CocoonComponentManager.java:354)
	at org.apache.cocoon.components.language.generator.ProgramGeneratorImpl.compose(ProgramGeneratorImpl.java:139)
	at org.apache.avalon.framework.container.ContainerUtil.compose(ContainerUtil.java:173)
	at org.apache.avalon.excalibur.component.DefaultComponentFactory.newInstance(DefaultComponentFactory.java:266)
	at org.apache.avalon.excalibur.component.ThreadSafeComponentHandler.initialize(ThreadSafeComponentHandler.java:108)
	at org.apache.avalon.excalibur.component.ExcaliburComponentManager.initialize(ExcaliburComponentManager.java:524)
	at org.apache.cocoon.components.CocoonComponentManager.initialize(CocoonComponentManager.java:583)
	at org.apache.avalon.framework.container.ContainerUtil.initialize(ContainerUtil.java:244)
	at org.apache.cocoon.Cocoon.initialize(Cocoon.java:345)
	at org.apache.avalon.framework.container.ContainerUtil.initialize(ContainerUtil.java:244)
	at org.apache.cocoon.servlet.CocoonServlet.createCocoon(CocoonServlet.java:1429)
	at org.apache.cocoon.servlet.CocoonServlet.init(CocoonServlet.java:499)
	at org.eclipse.jetty.servlet.ServletHolder.initServlet(ServletHolder.java:542)
	at org.eclipse.jetty.servlet.ServletHolder.initialize(ServletHolder.java:351)
	at org.eclipse.jetty.servlet.ServletHandler.initialize(ServletHandler.java:800)
	at org.eclipse.jetty.servlet.ServletContextHandler.startContext(ServletContextHandler.java:288)
	at org.eclipse.jetty.webapp.WebAppContext.startContext(WebAppContext.java:1322)
	at org.eclipse.jetty.server.handler.ContextHandler.doStart(ContextHandler.java:731)
	at org.eclipse.jetty.webapp.WebAppContext.doStart(WebAppContext.java:490)
	at org.eclipse.jetty.ant.AntWebAppContext.doStart(AntWebAppContext.java:664)
	at org.eclipse.jetty.util.component.AbstractLifeCycle.start(AbstractLifeCycle.java:69)
	at org.eclipse.jetty.util.component.ContainerLifeCycle.start(ContainerLifeCycle.java:108)
	at org.eclipse.jetty.util.component.ContainerLifeCycle.doStart(ContainerLifeCycle.java:90)
	at org.eclipse.jetty.server.handler.AbstractHandler.doStart(AbstractHandler.java:58)
	at org.eclipse.jetty.server.handler.ContextHandlerCollection.doStart(ContextHandlerCollection.java:175)
	at org.eclipse.jetty.util.component.AbstractLifeCycle.start(AbstractLifeCycle.java:69)
	at org.eclipse.jetty.util.component.ContainerLifeCycle.start(ContainerLifeCycle.java:108)
	at org.eclipse.jetty.util.component.ContainerLifeCycle.doStart(ContainerLifeCycle.java:90)
	at org.eclipse.jetty.server.handler.AbstractHandler.doStart(AbstractHandler.java:58)
	at org.eclipse.jetty.util.component.AbstractLifeCycle.start(AbstractLifeCycle.java:69)
	at org.eclipse.jetty.util.component.ContainerLifeCycle.start(ContainerLifeCycle.java:108)
	at org.eclipse.jetty.server.Server.start(Server.java:342)
	at org.eclipse.jetty.util.component.ContainerLifeCycle.doStart(ContainerLifeCycle.java:90)
	at org.eclipse.jetty.server.handler.AbstractHandler.doStart(AbstractHandler.java:58)
	at org.eclipse.jetty.server.Server.doStart(Server.java:290)
	at org.eclipse.jetty.util.component.AbstractLifeCycle.start(AbstractLifeCycle.java:69)
	at org.eclipse.jetty.ant.ServerProxyImpl.start(ServerProxyImpl.java:253)
	at org.eclipse.jetty.ant.JettyRunTask.execute(JettyRunTask.java:262)
	at org.apache.tools.ant.UnknownElement.execute(UnknownElement.java:292)
	at jdk.internal.reflect.GeneratedMethodAccessor4.invoke(Unknown Source)
	at java.base/jdk.internal.reflect.DelegatingMethodAccessorImpl.invoke(DelegatingMethodAccessorImpl.java:43)
	at java.base/java.lang.reflect.Method.invoke(Method.java:564)
	at org.apache.tools.ant.dispatch.DispatchUtils.execute(DispatchUtils.java:106)
	at org.apache.tools.ant.Task.perform(Task.java:348)
	at org.apache.tools.ant.Target.execute(Target.java:435)
	at org.apache.tools.ant.Target.performTasks(Target.java:456)
	at org.apache.tools.ant.Project.executeSortedTargets(Project.java:1393)
	at org.apache.tools.ant.Project.executeTarget(Project.java:1364)
	at org.apache.tools.ant.helper.DefaultExecutor.executeTargets(DefaultExecutor.java:41)
	at org.apache.tools.ant.Project.executeTargets(Project.java:1248)
	at org.apache.tools.ant.Main.runBuild(Main.java:851)
	at org.apache.tools.ant.Main.startAnt(Main.java:235)
	at org.apache.tools.ant.launch.Launcher.run(Launcher.java:280)
	at org.apache.tools.ant.launch.Launcher.main(Launcher.java:109)
INFO  (2021-02-12) 14:43.32:864 [core.manager] (/en/search/) qtp2082351774-21/CacheImpl: Caching new response for PK_G-file-file:///Users/Irene/Sites/Fiscus_bis/webapps/ROOT/sitemaps/../kiln/sitemaps/../../stylesheets/defaults.xsl
INFO  (2021-02-12) 14:43.33:702 [core.manager] (/en/search/) qtp2082351774-21/CacheImpl: Caching new response for PK_G-file-file:///Users/Irene/Sites/Fiscus_bis/webapps/ROOT/sitemaps/../kiln/sitemaps/../../sitemaps/../kiln/sitemaps/assets.xmap_T-saxon-file:///Users/Irene/Sites/Fiscus_bis/webapps/ROOT/sitemaps/../kiln/sitemaps/../stylesheets/introspection/sitemap-xinclude.xsl;dir=sitemaps/../kiln/sitemaps/;file=assets.xmap;uri_prefix=assets/_T-xinclude-XInclude_T-saxon-file:///Users/Irene/Sites/Fiscus_bis/webapps/ROOT/sitemaps/../kiln/sitemaps/../stylesheets/introspection/remove-namespaces.xsl
INFO  (2021-02-12) 14:43.33:720 [core.manager] (/en/search/) qtp2082351774-21/CacheImpl: Caching new response for PK_G-file-file:///Users/Irene/Sites/Fiscus_bis/webapps/ROOT/sitemaps/../kiln/sitemaps/../../sitemaps/../kiln/sitemaps/fedora.xmap_T-saxon-file:///Users/Irene/Sites/Fiscus_bis/webapps/ROOT/sitemaps/../kiln/sitemaps/../stylesheets/introspection/sitemap-xinclude.xsl;dir=sitemaps/../kiln/sitemaps/;file=fedora.xmap;uri_prefix=_internal/fedora/_T-xinclude-XInclude_T-saxon-file:///Users/Irene/Sites/Fiscus_bis/webapps/ROOT/sitemaps/../kiln/sitemaps/../stylesheets/introspection/remove-namespaces.xsl
INFO  (2021-02-12) 14:43.33:744 [core.manager] (/en/search/) qtp2082351774-21/CacheImpl: Caching new response for PK_G-file-file:///Users/Irene/Sites/Fiscus_bis/webapps/ROOT/sitemaps/../kiln/sitemaps/../../sitemaps/../kiln/sitemaps/odd.xmap_T-saxon-file:///Users/Irene/Sites/Fiscus_bis/webapps/ROOT/sitemaps/../kiln/sitemaps/../stylesheets/introspection/sitemap-xinclude.xsl;dir=sitemaps/../kiln/sitemaps/;file=odd.xmap;uri_prefix=_internal/odd/_T-xinclude-XInclude_T-saxon-file:///Users/Irene/Sites/Fiscus_bis/webapps/ROOT/sitemaps/../kiln/sitemaps/../stylesheets/introspection/remove-namespaces.xsl
INFO  (2021-02-12) 14:43.33:770 [core.manager] (/en/search/) qtp2082351774-21/CacheImpl: Caching new response for PK_G-file-file:///Users/Irene/Sites/Fiscus_bis/webapps/ROOT/sitemaps/../kiln/sitemaps/../../sitemaps/../kiln/sitemaps/schematron.xmap_T-saxon-file:///Users/Irene/Sites/Fiscus_bis/webapps/ROOT/sitemaps/../kiln/sitemaps/../stylesheets/introspection/sitemap-xinclude.xsl;dir=sitemaps/../kiln/sitemaps/;file=schematron.xmap;uri_prefix=_internal/schematron/_T-xinclude-XInclude_T-saxon-file:///Users/Irene/Sites/Fiscus_bis/webapps/ROOT/sitemaps/../kiln/sitemaps/../stylesheets/introspection/remove-namespaces.xsl
INFO  (2021-02-12) 14:43.33:791 [core.manager] (/en/search/) qtp2082351774-21/CacheImpl: Caching new response for PK_G-file-file:///Users/Irene/Sites/Fiscus_bis/webapps/ROOT/sitemaps/../kiln/sitemaps/../../sitemaps/../kiln/sitemaps/sesame.xmap_T-saxon-file:///Users/Irene/Sites/Fiscus_bis/webapps/ROOT/sitemaps/../kiln/sitemaps/../stylesheets/introspection/sitemap-xinclude.xsl;dir=sitemaps/../kiln/sitemaps/;file=sesame.xmap;uri_prefix=_internal/sesame/_T-xinclude-XInclude_T-saxon-file:///Users/Irene/Sites/Fiscus_bis/webapps/ROOT/sitemaps/../kiln/sitemaps/../stylesheets/introspection/remove-namespaces.xsl
INFO  (2021-02-12) 14:43.33:815 [core.manager] (/en/search/) qtp2082351774-21/CacheImpl: Caching new response for PK_G-file-file:///Users/Irene/Sites/Fiscus_bis/webapps/ROOT/sitemaps/../kiln/sitemaps/../../sitemaps/../kiln/sitemaps/solr.xmap_T-saxon-file:///Users/Irene/Sites/Fiscus_bis/webapps/ROOT/sitemaps/../kiln/sitemaps/../stylesheets/introspection/sitemap-xinclude.xsl;dir=sitemaps/../kiln/sitemaps/;file=solr.xmap;uri_prefix=_internal/solr/_T-xinclude-XInclude_T-saxon-file:///Users/Irene/Sites/Fiscus_bis/webapps/ROOT/sitemaps/../kiln/sitemaps/../stylesheets/introspection/remove-namespaces.xsl
INFO  (2021-02-12) 14:43.33:849 [core.manager] (/en/search/) qtp2082351774-21/CacheImpl: Caching new response for PK_G-file-file:///Users/Irene/Sites/Fiscus_bis/webapps/ROOT/sitemaps/../kiln/sitemaps/../../sitemaps/../kiln/sitemaps/introspection.xmap_T-saxon-file:///Users/Irene/Sites/Fiscus_bis/webapps/ROOT/sitemaps/../kiln/sitemaps/../stylesheets/introspection/sitemap-xinclude.xsl;dir=sitemaps/../kiln/sitemaps/;file=introspection.xmap;uri_prefix=_internal/introspection/_T-xinclude-XInclude_T-saxon-file:///Users/Irene/Sites/Fiscus_bis/webapps/ROOT/sitemaps/../kiln/sitemaps/../stylesheets/introspection/remove-namespaces.xsl
INFO  (2021-02-12) 14:43.33:908 [core.manager] (/en/search/) qtp2082351774-21/CacheImpl: Caching new response for PK_G-file-file:///Users/Irene/Sites/Fiscus_bis/webapps/ROOT/sitemaps/../kiln/sitemaps/../../sitemaps/../kiln/sitemaps/../../sitemaps/fedora.xmap_T-saxon-file:///Users/Irene/Sites/Fiscus_bis/webapps/ROOT/sitemaps/../kiln/sitemaps/../stylesheets/introspection/sitemap-xinclude.xsl;dir=sitemaps/../kiln/sitemaps/../../sitemaps/;file=fedora.xmap;uri_prefix=admin/fedora_T-xinclude-XInclude_T-saxon-file:///Users/Irene/Sites/Fiscus_bis/webapps/ROOT/sitemaps/../kiln/sitemaps/../stylesheets/introspection/remove-namespaces.xsl
INFO  (2021-02-12) 14:43.33:952 [core.manager] (/en/search/) qtp2082351774-21/CacheImpl: Caching new response for PK_G-file-file:///Users/Irene/Sites/Fiscus_bis/webapps/ROOT/sitemaps/../kiln/sitemaps/../../sitemaps/../kiln/sitemaps/../../sitemaps/rdf.xmap_T-saxon-file:///Users/Irene/Sites/Fiscus_bis/webapps/ROOT/sitemaps/../kiln/sitemaps/../stylesheets/introspection/sitemap-xinclude.xsl;dir=sitemaps/../kiln/sitemaps/../../sitemaps/;file=rdf.xmap;uri_prefix=admin/rdf/_T-xinclude-XInclude_T-saxon-file:///Users/Irene/Sites/Fiscus_bis/webapps/ROOT/sitemaps/../kiln/sitemaps/../stylesheets/introspection/remove-namespaces.xsl
INFO  (2021-02-12) 14:43.34:001 [core.manager] (/en/search/) qtp2082351774-21/CacheImpl: Caching new response for PK_G-file-file:///Users/Irene/Sites/Fiscus_bis/webapps/ROOT/sitemaps/../kiln/sitemaps/../../sitemaps/../kiln/sitemaps/../../sitemaps/solr.xmap_T-saxon-file:///Users/Irene/Sites/Fiscus_bis/webapps/ROOT/sitemaps/../kiln/sitemaps/../stylesheets/introspection/sitemap-xinclude.xsl;dir=sitemaps/../kiln/sitemaps/../../sitemaps/;file=solr.xmap;uri_prefix=admin/solr/_T-xinclude-XInclude_T-saxon-file:///Users/Irene/Sites/Fiscus_bis/webapps/ROOT/sitemaps/../kiln/sitemaps/../stylesheets/introspection/remove-namespaces.xsl
INFO  (2021-02-12) 14:43.34:025 [core.manager] (/en/search/) qtp2082351774-21/CacheImpl: Caching new response for PK_G-file-file:///Users/Irene/Sites/Fiscus_bis/webapps/ROOT/sitemaps/../kiln/sitemaps/../../sitemaps/../kiln/sitemaps/../../sitemaps/admin.xmap_T-saxon-file:///Users/Irene/Sites/Fiscus_bis/webapps/ROOT/sitemaps/../kiln/sitemaps/../stylesheets/introspection/sitemap-xinclude.xsl;dir=sitemaps/../kiln/sitemaps/../../sitemaps/;file=admin.xmap;uri_prefix=admin/_T-xinclude-XInclude_T-saxon-file:///Users/Irene/Sites/Fiscus_bis/webapps/ROOT/sitemaps/../kiln/sitemaps/../stylesheets/introspection/remove-namespaces.xsl
INFO  (2021-02-12) 14:43.34:057 [core.manager] (/en/search/) qtp2082351774-21/CacheImpl: Caching new response for PK_G-file-file:///Users/Irene/Sites/Fiscus_bis/webapps/ROOT/sitemaps/../kiln/sitemaps/../../sitemaps/../kiln/sitemaps/../../sitemaps/internal.xmap_T-saxon-file:///Users/Irene/Sites/Fiscus_bis/webapps/ROOT/sitemaps/../kiln/sitemaps/../stylesheets/introspection/sitemap-xinclude.xsl;dir=sitemaps/../kiln/sitemaps/../../sitemaps/;file=internal.xmap;uri_prefix=internal/_T-xinclude-XInclude_T-saxon-file:///Users/Irene/Sites/Fiscus_bis/webapps/ROOT/sitemaps/../kiln/sitemaps/../stylesheets/introspection/remove-namespaces.xsl
INFO  (2021-02-12) 14:43.34:086 [core.manager] (/en/search/) qtp2082351774-21/CacheImpl: Caching new response for PK_G-file-file:///Users/Irene/Sites/Fiscus_bis/webapps/ROOT/sitemaps/../kiln/sitemaps/../../sitemaps/../kiln/sitemaps/../../sitemaps/main.xmap_T-saxon-file:///Users/Irene/Sites/Fiscus_bis/webapps/ROOT/sitemaps/../kiln/sitemaps/../stylesheets/introspection/sitemap-xinclude.xsl;dir=sitemaps/../kiln/sitemaps/../../sitemaps/;file=main.xmap;uri_prefix=_T-xinclude-XInclude_T-saxon-file:///Users/Irene/Sites/Fiscus_bis/webapps/ROOT/sitemaps/../kiln/sitemaps/../stylesheets/introspection/remove-namespaces.xsl
INFO  (2021-02-12) 14:43.34:106 [core.manager] (/en/search/) qtp2082351774-21/CacheImpl: Caching new response for PK_G-file-file:///Users/Irene/Sites/Fiscus_bis/webapps/ROOT/sitemaps/../kiln/sitemaps/../../sitemaps/../kiln/sitemaps/main.xmap_T-saxon-file:///Users/Irene/Sites/Fiscus_bis/webapps/ROOT/sitemaps/../kiln/sitemaps/../stylesheets/introspection/sitemap-xinclude.xsl;dir=sitemaps/../kiln/sitemaps/;file=main.xmap;uri_prefix=_T-xinclude-XInclude_T-saxon-file:///Users/Irene/Sites/Fiscus_bis/webapps/ROOT/sitemaps/../kiln/sitemaps/../stylesheets/introspection/remove-namespaces.xsl
INFO  (2021-02-12) 14:43.34:149 [core.manager] (/en/search/) qtp2082351774-21/CacheImpl: Caching new response for PK_G-file-file:///Users/Irene/Sites/Fiscus_bis/webapps/ROOT/sitemaps/../kiln/sitemaps/../../sitemaps/config.xmap_T-saxon-file:///Users/Irene/Sites/Fiscus_bis/webapps/ROOT/sitemaps/../kiln/sitemaps/../stylesheets/introspection/sitemap-xinclude.xsl;dir=sitemaps/;file=config.xmap;uri_prefix=_T-xinclude-XInclude_T-saxon-file:///Users/Irene/Sites/Fiscus_bis/webapps/ROOT/sitemaps/../kiln/sitemaps/../stylesheets/introspection/remove-namespaces.xsl
INFO  (2021-02-12) 14:43.34:167 [core.manager] (/en/search/) qtp2082351774-21/CacheImpl: Caching new response for PK_G-file-file:///Users/Irene/Sites/Fiscus_bis/webapps/ROOT/sitemaps/../kiln/sitemaps/../../mount-table.xml_T-saxon-file:///Users/Irene/Sites/Fiscus_bis/webapps/ROOT/sitemaps/../kiln/sitemaps/../stylesheets/introspection/mount-table-xinclude.xsl_T-xinclude-XInclude_T-saxon-file:///Users/Irene/Sites/Fiscus_bis/webapps/ROOT/sitemaps/../kiln/sitemaps/../stylesheets/introspection/remove-namespaces.xsl
INFO  (2021-02-12) 14:43.34:225 [core.manager] (/en/search/) qtp2082351774-21/CacheImpl: Caching new response for PK_G-file-file:///Users/Irene/Sites/Fiscus_bis/webapps/ROOT/sitemaps/../kiln/sitemaps/../../sitemap.xmap_T-saxon-file:///Users/Irene/Sites/Fiscus_bis/webapps/ROOT/sitemaps/../kiln/sitemaps/../stylesheets/introspection/sitemap-xinclude.xsl;dir=;file=sitemap.xmap;uri_prefix=_T-xinclude-XInclude_T-saxon-file:///Users/Irene/Sites/Fiscus_bis/webapps/ROOT/sitemaps/../kiln/sitemaps/../stylesheets/introspection/remove-namespaces.xsl
INFO  (2021-02-12) 14:43.34:226 [core.manager] (/en/search/) qtp2082351774-21/CacheImpl: Caching new response for PK_G-file-cocoon://_internal/introspection/pipeline/sitemap.xmap?pipelinehash=5517619667131989936
INFO  (2021-02-12) 14:43.34:226 [core.manager] (/en/search/) qtp2082351774-21/CacheImpl: Caching new response for PK_G-file-cocoon://_internal/introspection/pipelines.xml?pipelinehash=-5016965300210852249_T-saxon-file:///Users/Irene/Sites/Fiscus_bis/webapps/ROOT/sitemaps/../kiln/sitemaps/../stylesheets/url-reverse.xsl
INFO  (2021-02-12) 14:43.34:748 [core.manager] (/en/search/) qtp2082351774-21/CacheImpl: Caching new response for PK_G-file-file:///Users/Irene/Sites/Fiscus_bis/webapps/ROOT/sitemaps/../kiln/sitemaps/../../assets/templates/search.xml_T-xinclude-XInclude_T-saxon-file:///Users/Irene/Sites/Fiscus_bis/webapps/ROOT/sitemaps/../kiln/sitemaps/../stylesheets/template/inherit-template.xsl
INFO  (2021-02-12) 14:43.34:764 [core.manager] (/en/search/) qtp2082351774-21/CacheImpl: Caching new response for PK_G-file-file:///Users/Irene/Sites/Fiscus_bis/webapps/ROOT/sitemaps/../kiln/sitemaps/../../stylesheets/solr/results-to-html.xsl
INFO  (2021-02-12) 14:43.34:784 [core.manager] (/en/search/) qtp2082351774-21/CacheImpl: Caching new response for PK_G-file-file:///Users/Irene/Sites/Fiscus_bis/webapps/ROOT/sitemaps/../kiln/sitemaps/../../stylesheets/solr/results-pagination.xsl
INFO  (2021-02-12) 14:43.34:791 [core.manager] (/en/search/) qtp2082351774-21/CacheImpl: Caching new response for PK_G-file-file:///Users/Irene/Sites/Fiscus_bis/webapps/ROOT/sitemaps/../kiln/sitemaps/../../stylesheets/solr/../../kiln/stylesheets/query-string-handler.xsl
INFO  (2021-02-12) 14:43.34:805 [core.manager] (/en/search/) qtp2082351774-21/CacheImpl: Caching new response for PK_G-file-file:///Users/Irene/Sites/Fiscus_bis/webapps/ROOT/sitemaps/../kiln/sitemaps/../../stylesheets/menu/menu.xsl
INFO  (2021-02-12) 14:43.34:956 [core.manager] (/en/search/) qtp2082351774-21/CacheImpl: Caching new response for PK_G-file-file:///Users/Irene/Sites/Fiscus_bis/webapps/ROOT/sitemaps/../kiln/sitemaps/../../assets/menu/main.xml_T-saxon-file:///Users/Irene/Sites/Fiscus_bis/webapps/ROOT/sitemaps/../kiln/sitemaps/../stylesheets/menu/normalise-menu.xsl;language=en;url=en/search/_T-saxon-file:///Users/Irene/Sites/Fiscus_bis/webapps/ROOT/sitemaps/../kiln/sitemaps/../stylesheets/menu/contextualise-menu.xsl;language=en;url=en/search/
INFO  (2021-02-12) 14:43.36:786 [core.manager] (/en/search/) qtp2082351774-21/CacheImpl: Caching new response for PK_G-file-file:///Users/Irene/Sites/Fiscus_bis/webapps/ROOT/sitemaps/../kiln/sitemaps/../../sitemaps/../assets/queries/sparql/facet_item_names.xml
INFO  (2021-02-12) 14:43.36:786 [core.manager] (/en/search/) qtp2082351774-21/CacheImpl: Caching new response for PK_G-file-cocoon://admin/rdf/construct/graph/facet_item_names.xml?pipelinehash=1099795461726023294
INFO  (2021-02-12) 14:43.36:808 [core.i18n] (/en/search/) qtp2082351774-21/XMLResourceBundle: Bundle <file:///Users/Irene/Sites/Fiscus_bis/webapps/ROOT/sitemaps/../kiln/sitemaps/../../sitemaps/../assets/translations/messages.xml> not loaded: Source URI not found
INFO  (2021-02-12) 14:43.37:275 [access] (/en/search/) qtp2082351774-21/CocoonServlet: 'en/search/' Processed by Apache Cocoon 2.1.11 in 5.816 seconds.
INFO  (2021-02-12) 14:43.37:639 [access] (/assets/styles/jquery-ui/all.css) qtp2082351774-24/CocoonServlet: 'assets/styles/jquery-ui/all.css' Processed by Apache Cocoon 2.1.11 in 16 milliseconds.
INFO  (2021-02-12) 14:43.37:683 [access] (/assets/foundation/js/vendor/jquery.js) qtp2082351774-45/CocoonServlet: 'assets/foundation/js/vendor/custom.modernizr.js' Processed by Apache Cocoon 2.1.11 in 10 milliseconds.
INFO  (2021-02-12) 14:43.37:683 [access] (/assets/foundation/css/normalize.css) qtp2082351774-23/CocoonServlet: 'assets/foundation/css/normalize.css' Processed by Apache Cocoon 2.1.11 in 10 milliseconds.
INFO  (2021-02-12) 14:43.37:684 [access] (Unknown-URI) Unknown-Thread/CocoonServlet: 'assets/foundation/js/vendor/jquery.js' Processed by Apache Cocoon 2.1.11 in 8 milliseconds.
INFO  (2021-02-12) 14:43.37:684 [access] (/assets/foundation/css/foundation.min.css) qtp2082351774-22/CocoonServlet: 'assets/foundation/css/foundation.min.css' Processed by Apache Cocoon 2.1.11 in 11 milliseconds.
INFO  (2021-02-12) 14:43.37:687 [access] (Unknown-URI) Unknown-Thread/CocoonServlet: 'assets/foundation/js/foundation.min.js' Processed by Apache Cocoon 2.1.11 in 11 milliseconds.
INFO  (2021-02-12) 14:43.37:698 [access] (/assets/scripts/slider.js) qtp2082351774-23/CocoonServlet: 'assets/scripts/slider.js' Processed by Apache Cocoon 2.1.11 in 5 milliseconds.
INFO  (2021-02-12) 14:43.37:699 [access] (/assets/scripts/jquery-ui.min.js) qtp2082351774-46/CocoonServlet: 'assets/scripts/URI.js' Processed by Apache Cocoon 2.1.11 in 9 milliseconds.
INFO  (2021-02-12) 14:43.37:701 [access] (/assets/styles/base.css) qtp2082351774-21/CocoonServlet: 'assets/styles/base.css' Processed by Apache Cocoon 2.1.11 in 13 milliseconds.
INFO  (2021-02-12) 14:43.37:704 [access] (Unknown-URI) Unknown-Thread/CocoonServlet: 'assets/scripts/jquery-ui.min.js' Processed by Apache Cocoon 2.1.11 in 14 milliseconds.
INFO  (2021-02-12) 14:43.37:708 [access] (/assets/styles/site.css) qtp2082351774-45/CocoonServlet: 'assets/styles/site.css' Processed by Apache Cocoon 2.1.11 in 2 milliseconds.
INFO  (2021-02-12) 14:43.37:714 [access] (/assets/styles/jquery-ui/base.css) qtp2082351774-22/CocoonServlet: 'assets/styles/jquery-ui/base.css' Processed by Apache Cocoon 2.1.11 in 5 milliseconds.
INFO  (2021-02-12) 14:43.37:726 [access] (/assets/styles/jquery-ui/theme.css) qtp2082351774-44/CocoonServlet: 'assets/styles/jquery-ui/theme.css' Processed by Apache Cocoon 2.1.11 in 8 milliseconds.
INFO  (2021-02-12) 14:43.37:848 [access] (/assets/styles/jquery-ui/core.css) qtp2082351774-23/CocoonServlet: 'assets/styles/jquery-ui/core.css' Processed by Apache Cocoon 2.1.11 in 5 milliseconds.
INFO  (2021-02-12) 14:43.37:848 [access] (/assets/styles/jquery-ui/button.css) qtp2082351774-46/CocoonServlet: 'assets/styles/jquery-ui/accordion.css' Processed by Apache Cocoon 2.1.11 in 4 milliseconds.
INFO  (2021-02-12) 14:43.37:848 [access] (/assets/styles/jquery-ui/autocomplete.css) qtp2082351774-21/CocoonServlet: 'assets/styles/jquery-ui/autocomplete.css' Processed by Apache Cocoon 2.1.11 in 4 milliseconds.
INFO  (2021-02-12) 14:43.37:856 [access] (/assets/styles/jquery-ui/progressbar.css) qtp2082351774-24/CocoonServlet: 'assets/styles/jquery-ui/button.css' Processed by Apache Cocoon 2.1.11 in 5 milliseconds.
INFO  (2021-02-12) 14:43.37:856 [access] (Unknown-URI) Unknown-Thread/CocoonServlet: 'assets/styles/jquery-ui/datepicker.css' Processed by Apache Cocoon 2.1.11 in 5 milliseconds.
INFO  (2021-02-12) 14:43.37:856 [access] (/assets/styles/jquery-ui/dialog.css) qtp2082351774-22/CocoonServlet: 'assets/styles/jquery-ui/dialog.css' Processed by Apache Cocoon 2.1.11 in 5 milliseconds.
INFO  (2021-02-12) 14:43.37:860 [access] (/assets/styles/jquery-ui/menu.css) qtp2082351774-23/CocoonServlet: 'assets/styles/jquery-ui/menu.css' Processed by Apache Cocoon 2.1.11 in 5 milliseconds.
INFO  (2021-02-12) 14:43.37:861 [access] (Unknown-URI) Unknown-Thread/CocoonServlet: 'assets/styles/jquery-ui/progressbar.css' Processed by Apache Cocoon 2.1.11 in 6 milliseconds.
INFO  (2021-02-12) 14:43.37:861 [access] (Unknown-URI) Unknown-Thread/CocoonServlet: 'assets/styles/jquery-ui/draggable.css' Processed by Apache Cocoon 2.1.11 in 6 milliseconds.
INFO  (2021-02-12) 14:43.37:870 [access] (/assets/styles/jquery-ui/selectable.css) qtp2082351774-46/CocoonServlet: 'assets/styles/jquery-ui/selectable.css' Processed by Apache Cocoon 2.1.11 in 3 milliseconds.
INFO  (2021-02-12) 14:43.37:876 [access] (/assets/styles/jquery-ui/selectmenu.css) qtp2082351774-45/CocoonServlet: 'assets/styles/jquery-ui/selectmenu.css' Processed by Apache Cocoon 2.1.11 in 4 milliseconds.
INFO  (2021-02-12) 14:43.37:876 [access] (/assets/styles/jquery-ui/resizable.css) qtp2082351774-21/CocoonServlet: 'assets/styles/jquery-ui/resizable.css' Processed by Apache Cocoon 2.1.11 in 7 milliseconds.
INFO  (2021-02-12) 14:43.37:885 [access] (/assets/styles/jquery-ui/sortable.css) qtp2082351774-22/CocoonServlet: 'assets/styles/jquery-ui/sortable.css' Processed by Apache Cocoon 2.1.11 in 3 milliseconds.
INFO  (2021-02-12) 14:43.37:910 [access] (/assets/styles/jquery-ui/slider.css) qtp2082351774-23/CocoonServlet: 'assets/styles/jquery-ui/slider.css' Processed by Apache Cocoon 2.1.11 in 8 milliseconds.
INFO  (2021-02-12) 14:43.37:918 [access] (/assets/styles/jquery-ui/tabs.css) qtp2082351774-44/CocoonServlet: 'assets/styles/jquery-ui/spinner.css' Processed by Apache Cocoon 2.1.11 in 7 milliseconds.
INFO  (2021-02-12) 14:43.37:921 [access] (/assets/styles/jquery-ui/tooltip.css) qtp2082351774-46/CocoonServlet: 'assets/styles/jquery-ui/tabs.css' Processed by Apache Cocoon 2.1.11 in 4 milliseconds.
INFO  (2021-02-12) 14:43.37:924 [access] (Unknown-URI) Unknown-Thread/CocoonServlet: 'assets/styles/jquery-ui/tooltip.css' Processed by Apache Cocoon 2.1.11 in 4 milliseconds.
INFO  (2021-02-12) 14:43.39:675 [access] (/assets/styles/jquery-ui/images/ui-bg_flat_75_ffffff_40x100.png) qtp2082351774-45/CocoonServlet: 'assets/styles/jquery-ui/images/ui-bg_flat_75_ffffff_40x100.png' Processed by Apache Cocoon 2.1.11 in 5 milliseconds.
INFO  (2021-02-12) 14:43.39:675 [access] (/assets/styles/jquery-ui/images/ui-bg_highlight-soft_75_cccccc_1x100.png) qtp2082351774-21/CocoonServlet: 'assets/styles/jquery-ui/images/ui-bg_highlight-soft_75_cccccc_1x100.png' Processed by Apache Cocoon 2.1.11 in 5 milliseconds.
INFO  (2021-02-12) 14:43.39:675 [access] (/assets/styles/jquery-ui/images/ui-bg_glass_75_e6e6e6_1x400.png) qtp2082351774-22/CocoonServlet: 'assets/styles/jquery-ui/images/ui-bg_glass_75_e6e6e6_1x400.png' Processed by Apache Cocoon 2.1.11 in 5 milliseconds.
INFO  (2021-02-12) 14:45.07:808 [core.i18n] (/en/search/) qtp2082351774-44/XMLResourceBundle: Bundle <file:///Users/Irene/Sites/Fiscus_bis/webapps/ROOT/sitemaps/../kiln/sitemaps/../../sitemaps/../assets/translations/messages.xml> not loaded: Source URI not found
INFO  (2021-02-12) 14:45.08:100 [access] (/en/search/) qtp2082351774-44/CocoonServlet: 'en/search/' Processed by Apache Cocoon 2.1.11 in 767 milliseconds.
INFO  (2021-02-12) 14:45.08:197 [access] (/assets/foundation/js/vendor/jquery.js) qtp2082351774-22/CocoonServlet: 'assets/foundation/js/vendor/jquery.js' Processed by Apache Cocoon 2.1.11 in 4 milliseconds.
INFO  (2021-02-12) 14:45.08:199 [access] (/assets/foundation/js/vendor/custom.modernizr.js) qtp2082351774-21/CocoonServlet: 'assets/foundation/js/vendor/custom.modernizr.js' Processed by Apache Cocoon 2.1.11 in 11 milliseconds.
INFO  (2021-02-12) 14:45.08:205 [access] (/assets/foundation/js/foundation.min.js) qtp2082351774-45/CocoonServlet: 'assets/scripts/URI.js' Processed by Apache Cocoon 2.1.11 in 2 milliseconds.
INFO  (2021-02-12) 14:45.08:207 [access] (/assets/scripts/jquery-ui.min.js) qtp2082351774-46/CocoonServlet: 'assets/foundation/js/foundation.min.js' Processed by Apache Cocoon 2.1.11 in 3 milliseconds.
INFO  (2021-02-12) 14:45.08:208 [access] (Unknown-URI) Unknown-Thread/CocoonServlet: 'assets/scripts/jquery-ui.min.js' Processed by Apache Cocoon 2.1.11 in 1 milliseconds.
INFO  (2021-02-12) 14:45.08:208 [access] (/assets/scripts/slider.js) qtp2082351774-23/CocoonServlet: 'assets/scripts/slider.js' Processed by Apache Cocoon 2.1.11 in 6 milliseconds.
WARN  (2021-02-12) 14:53.44:961 [sitemap] (Unknown-URI) Unknown-Thread/ExcaliburComponentManager: disposing of handler for unreleased component. role [org.apache.cocoon.selection.SelectorSelector]
WARN  (2021-02-12) 14:53.44:968 [sitemap] (Unknown-URI) Unknown-Thread/ExcaliburComponentManager: disposing of handler for unreleased component. role [org.apache.cocoon.selection.SelectorSelector]
INFO  (2021-02-12) 14:53.44:974 [core.store] (Unknown-URI) Unknown-Thread/EHDefaultStore: EHCache cache "cocoon-ehcache-1" already disposed.
WARN  (2021-02-12) 14:53.44:975 [core.manager] (Unknown-URI) Unknown-Thread/ExcaliburComponentManager: disposing of handler for unreleased component. role [org.apache.cocoon.components.thread.RunnableManager]
WARN  (2021-02-12) 14:53.44:981 [core.manager] (Unknown-URI) Unknown-Thread/ExcaliburComponentManager: disposing of handler for unreleased component. role [org.apache.excalibur.store.StoreJanitor]
WARN  (2021-02-12) 14:53.44:982 [core.manager] (Unknown-URI) Unknown-Thread/ExcaliburComponentManager: disposing of handler for unreleased component. role [org.apache.avalon.excalibur.logger.LoggerManager]
WARN  (2021-02-12) 14:53.44:982 [core.manager] (Unknown-URI) Unknown-Thread/ExcaliburComponentManager: disposing of handler for unreleased component. role [org.apache.excalibur.store.Store/TransientStore]
